19:29:12 DEBUG : Logs will be stored at 'C:/Users/steff/Downloads/ece385git/lab71/workspace/IDE.log'.
19:29:13 INFO  : Platform repository initialization has completed.
19:29:13 INFO  : Launching XSCT server: xsct.bat -n  -interactive C:\Users\steff\Downloads\ece385git\lab71\workspace\temp_xsdb_launch_script.tcl
19:29:13 INFO  : Registering command handlers for Vitis TCF services
19:29:15 INFO  : XSCT server has started successfully.
19:29:16 INFO  : plnx-install-location is set to ''
19:29:16 INFO  : Successfully done setting XSCT server connection channel  
19:29:16 INFO  : Successfully done query RDI_DATADIR 
19:29:16 INFO  : Successfully done setting workspace for the tool. 
19:29:48 ERROR : (XSDB Server)ERROR: [Hsi 55-1562] Source directory C:/Users/steff/Downloads/ece385git/lab71/workspace/mb_usb_hdmi_top/hw/drivers\hdmi_text_controller_v1_0/src does not exist or is not a directory.

19:29:48 INFO  : Result from executing command 'getProjects': mb_usb_hdmi_top
19:29:48 INFO  : Result from executing command 'getPlatforms': 
19:29:48 WARN  : An unexpected exception occurred in the module 'platform project logging'
19:29:49 INFO  : Platform 'mb_usb_hdmi_top' is added to custom repositories.
19:29:52 INFO  : Platform 'mb_usb_hdmi_top' is added to custom repositories.
19:32:51 INFO  : Result from executing command 'getProjects': mb_usb_hdmi_top
19:32:51 INFO  : Result from executing command 'getPlatforms': mb_usb_hdmi_top|C:/Users/steff/Downloads/ece385git/lab71/workspace/mb_usb_hdmi_top/export/mb_usb_hdmi_top/mb_usb_hdmi_top.xpfm
19:32:51 INFO  : Checking for BSP changes to sync application flags for project 'hdmi'...
19:33:18 INFO  : Connected to target on host '127.0.0.1' and port '3121'.
19:33:19 INFO  : Jtag cable 'RealDigital Boo 887429230257A' is selected.
19:33:19 INFO  : 'jtag frequency' command is executed.
19:33:19 INFO  : 'targets -set -filter {jtag_cable_name =~ "RealDigital Boo 887429230257A" && level==0 && jtag_device_ctx=="jsn1-0362f093-0"}' command is executed.
19:33:20 INFO  : Device configured successfully with "C:/Users/steff/Downloads/ece385git/lab71/workspace/hdmi/_ide/bitstream/mb_usb_hdmi_top.bit"
19:33:20 INFO  : Context for processor 'microblaze_0' is selected.
19:33:20 INFO  : Hardware design and registers information is loaded from 'C:/Users/steff/Downloads/ece385git/lab71/workspace/mb_usb_hdmi_top/export/mb_usb_hdmi_top/hw/mb_usb_hdmi_top.xsa'.
19:33:20 INFO  : 'configparams mdm-detect-bscan-mask 2' command is executed.
19:33:20 INFO  : Context for processor 'microblaze_0' is selected.
19:33:20 INFO  : System reset is completed.
19:33:23 INFO  : 'after 3000' command is executed.
19:33:23 INFO  : Context for processor 'microblaze_0' is selected.
19:33:23 INFO  : The application 'C:/Users/steff/Downloads/ece385git/lab71/workspace/hdmi/Debug/hdmi.elf' is downloaded to processor 'microblaze_0'.
19:33:23 INFO  : ----------------XSDB Script----------------
connect -url tcp:127.0.0.1:3121
targets -set -filter {jtag_cable_name =~ "RealDigital Boo 887429230257A" && level==0 && jtag_device_ctx=="jsn1-0362f093-0"}
fpga -file C:/Users/steff/Downloads/ece385git/lab71/workspace/hdmi/_ide/bitstream/mb_usb_hdmi_top.bit
targets -set -nocase -filter {name =~ "*microblaze*#0" && bscan=="USER2" }
loadhw -hw C:/Users/steff/Downloads/ece385git/lab71/workspace/mb_usb_hdmi_top/export/mb_usb_hdmi_top/hw/mb_usb_hdmi_top.xsa -regs
configparams mdm-detect-bscan-mask 2
targets -set -nocase -filter {name =~ "*microblaze*#0" && bscan=="USER2" }
rst -system
after 3000
targets -set -nocase -filter {name =~ "*microblaze*#0" && bscan=="USER2" }
dow C:/Users/steff/Downloads/ece385git/lab71/workspace/hdmi/Debug/hdmi.elf
----------------End of Script----------------

19:33:23 INFO  : Context for processor 'microblaze_0' is selected.
19:33:23 INFO  : 'con' command is executed.
19:33:23 INFO  : ----------------XSDB Script (After Launch)----------------
targets -set -nocase -filter {name =~ "*microblaze*#0" && bscan=="USER2" }
con
----------------End of Script----------------

19:33:23 INFO  : Launch script is exported to file 'C:\Users\steff\Downloads\ece385git\lab71\workspace\hdmi_system\_ide\scripts\debugger_hdmi-default.tcl'
19:33:41 INFO  : Checking for BSP changes to sync application flags for project 'hdmi'...
19:33:46 INFO  : Disconnected from the channel tcfchan#2.
19:33:47 INFO  : Connected to target on host '127.0.0.1' and port '3121'.
19:33:47 INFO  : Jtag cable 'RealDigital Boo 887429230257A' is selected.
19:33:47 INFO  : 'jtag frequency' command is executed.
19:33:47 INFO  : 'targets -set -filter {jtag_cable_name =~ "RealDigital Boo 887429230257A" && level==0 && jtag_device_ctx=="jsn1-0362f093-0"}' command is executed.
19:33:49 INFO  : Device configured successfully with "C:/Users/steff/Downloads/ece385git/lab71/workspace/hdmi/_ide/bitstream/mb_usb_hdmi_top.bit"
19:33:49 INFO  : Context for processor 'microblaze_0' is selected.
19:33:49 INFO  : Hardware design and registers information is loaded from 'C:/Users/steff/Downloads/ece385git/lab71/workspace/mb_usb_hdmi_top/export/mb_usb_hdmi_top/hw/mb_usb_hdmi_top.xsa'.
19:33:49 INFO  : 'configparams mdm-detect-bscan-mask 2' command is executed.
19:33:49 INFO  : Context for processor 'microblaze_0' is selected.
19:33:49 INFO  : System reset is completed.
19:33:52 INFO  : 'after 3000' command is executed.
19:33:52 INFO  : Context for processor 'microblaze_0' is selected.
19:33:52 INFO  : The application 'C:/Users/steff/Downloads/ece385git/lab71/workspace/hdmi/Debug/hdmi.elf' is downloaded to processor 'microblaze_0'.
19:33:52 INFO  : ----------------XSDB Script----------------
connect -url tcp:127.0.0.1:3121
targets -set -filter {jtag_cable_name =~ "RealDigital Boo 887429230257A" && level==0 && jtag_device_ctx=="jsn1-0362f093-0"}
fpga -file C:/Users/steff/Downloads/ece385git/lab71/workspace/hdmi/_ide/bitstream/mb_usb_hdmi_top.bit
targets -set -nocase -filter {name =~ "*microblaze*#0" && bscan=="USER2" }
loadhw -hw C:/Users/steff/Downloads/ece385git/lab71/workspace/mb_usb_hdmi_top/export/mb_usb_hdmi_top/hw/mb_usb_hdmi_top.xsa -regs
configparams mdm-detect-bscan-mask 2
targets -set -nocase -filter {name =~ "*microblaze*#0" && bscan=="USER2" }
rst -system
after 3000
targets -set -nocase -filter {name =~ "*microblaze*#0" && bscan=="USER2" }
dow C:/Users/steff/Downloads/ece385git/lab71/workspace/hdmi/Debug/hdmi.elf
----------------End of Script----------------

19:33:52 INFO  : Context for processor 'microblaze_0' is selected.
19:33:52 INFO  : 'con' command is executed.
19:33:52 INFO  : ----------------XSDB Script (After Launch)----------------
targets -set -nocase -filter {name =~ "*microblaze*#0" && bscan=="USER2" }
con
----------------End of Script----------------

19:33:52 INFO  : Launch script is exported to file 'C:\Users\steff\Downloads\ece385git\lab71\workspace\hdmi_system\_ide\scripts\debugger_hdmi-default.tcl'
19:34:56 INFO  : Disconnected from the channel tcfchan#3.
19:34:57 INFO  : Connected to target on host '127.0.0.1' and port '3121'.
19:34:57 INFO  : Jtag cable 'RealDigital Boo 887429230257A' is selected.
19:34:57 INFO  : 'jtag frequency' command is executed.
19:34:57 INFO  : 'targets -set -filter {jtag_cable_name =~ "RealDigital Boo 887429230257A" && level==0 && jtag_device_ctx=="jsn1-0362f093-0"}' command is executed.
19:34:58 INFO  : Device configured successfully with "C:/Users/steff/Downloads/ece385git/lab71/workspace/hdmi/_ide/bitstream/mb_usb_hdmi_top.bit"
19:34:58 INFO  : Context for processor 'microblaze_0' is selected.
19:34:58 INFO  : Hardware design and registers information is loaded from 'C:/Users/steff/Downloads/ece385git/lab71/workspace/mb_usb_hdmi_top/export/mb_usb_hdmi_top/hw/mb_usb_hdmi_top.xsa'.
19:34:58 INFO  : 'configparams mdm-detect-bscan-mask 2' command is executed.
19:34:58 INFO  : Context for processor 'microblaze_0' is selected.
19:34:58 INFO  : System reset is completed.
19:35:01 INFO  : 'after 3000' command is executed.
19:35:01 INFO  : Context for processor 'microblaze_0' is selected.
19:35:02 INFO  : The application 'C:/Users/steff/Downloads/ece385git/lab71/workspace/hdmi/Debug/hdmi.elf' is downloaded to processor 'microblaze_0'.
19:35:02 INFO  : ----------------XSDB Script----------------
connect -url tcp:127.0.0.1:3121
targets -set -filter {jtag_cable_name =~ "RealDigital Boo 887429230257A" && level==0 && jtag_device_ctx=="jsn1-0362f093-0"}
fpga -file C:/Users/steff/Downloads/ece385git/lab71/workspace/hdmi/_ide/bitstream/mb_usb_hdmi_top.bit
targets -set -nocase -filter {name =~ "*microblaze*#0" && bscan=="USER2" }
loadhw -hw C:/Users/steff/Downloads/ece385git/lab71/workspace/mb_usb_hdmi_top/export/mb_usb_hdmi_top/hw/mb_usb_hdmi_top.xsa -regs
configparams mdm-detect-bscan-mask 2
targets -set -nocase -filter {name =~ "*microblaze*#0" && bscan=="USER2" }
rst -system
after 3000
targets -set -nocase -filter {name =~ "*microblaze*#0" && bscan=="USER2" }
dow C:/Users/steff/Downloads/ece385git/lab71/workspace/hdmi/Debug/hdmi.elf
----------------End of Script----------------

19:35:02 INFO  : Context for processor 'microblaze_0' is selected.
19:35:02 INFO  : 'con' command is executed.
19:35:02 INFO  : ----------------XSDB Script (After Launch)----------------
targets -set -nocase -filter {name =~ "*microblaze*#0" && bscan=="USER2" }
con
----------------End of Script----------------

19:35:02 INFO  : Launch script is exported to file 'C:\Users\steff\Downloads\ece385git\lab71\workspace\hdmi_system\_ide\scripts\systemdebugger_hdmi_system_standalone.tcl'
20:23:42 INFO  : Hardware specification for platform project 'mb_usb_hdmi_top' is updated.
20:23:51 INFO  : Result from executing command 'getProjects': mb_usb_hdmi_top
20:23:51 INFO  : Result from executing command 'getPlatforms': mb_usb_hdmi_top|C:/Users/steff/Downloads/ece385git/lab71/workspace/mb_usb_hdmi_top/export/mb_usb_hdmi_top/mb_usb_hdmi_top.xpfm
20:23:54 ERROR : XSCT server calls should not be made from TCF thread.
java.lang.RuntimeException: XSCT server calls should not be made from TCF thread.
	at com.xilinx.sdk.xsdb.XSDBCommandManager.issueAndWait(XSDBCommandManager.java:392) [com.xilinx.sdk.xsdb_1.0.0.202210132147.jar:?]
	at com.xilinx.sdk.xsdb.XsdbCommandUtils.executeAndRespond(XsdbCommandUtils.java:325) [com.xilinx.sdk.xsdb_1.0.0.202210132147.jar:?]
	at com.xilinx.sdk.hw.internal.HwPlatform.dispose(HwPlatform.java:1325) [com.xilinx.sdk.hw_1.0.0.202210132147.jar:?]
	at com.xilinx.sdk.hw.internal.HwSpecFactory.removeHwSpec(HwSpecFactory.java:92) [com.xilinx.sdk.hw_1.0.0.202210132147.jar:?]
	at com.xilinx.sdk.hw.internal.HwSpecFactory.validateGetFromCache(HwSpecFactory.java:78) [com.xilinx.sdk.hw_1.0.0.202210132147.jar:?]
	at com.xilinx.sdk.hw.internal.HwSpecFactory.createHwSpec(HwSpecFactory.java:48) [com.xilinx.sdk.hw_1.0.0.202210132147.jar:?]
	at com.xilinx.sdx.sdsoc.debug.ui.SdsLaunchConfigUtil.createHwPlatform(SdsLaunchConfigUtil.java:57) [com.xilinx.sdx.sdsoc.debug.ui_1.0.0.202210132147.jar:?]
	at com.xilinx.sdx.sdsoc.debug.ui.SdsLaunchConfigModel.iniHwPlatform(SdsLaunchConfigModel.java:187) [com.xilinx.sdx.sdsoc.debug.ui_1.0.0.202210132147.jar:?]
	at com.xilinx.sdk.tcf.internal.debug.ui.common.BaseLaunchConfigModel.getHwPlatform(BaseLaunchConfigModel.java:577) [com.xilinx.sdk.tcf.debug_1.0.0.202210132147.jar:?]
	at com.xilinx.sdk.tcf.internal.debug.ui.common.BaseLaunchConfigModel.readCrossTriggerModel(BaseLaunchConfigModel.java:173) [com.xilinx.sdk.tcf.debug_1.0.0.202210132147.jar:?]
	at com.xilinx.sdk.tcf.internal.debug.ui.common.BaseLaunchConfigModel.readAndSetAttributes(BaseLaunchConfigModel.java:156) [com.xilinx.sdk.tcf.debug_1.0.0.202210132147.jar:?]
	at com.xilinx.sdx.sdsoc.debug.ui.SdsLaunchConfigModel.newInstance(SdsLaunchConfigModel.java:109) [com.xilinx.sdx.sdsoc.debug.ui_1.0.0.202210132147.jar:?]
	at com.xilinx.sdx.sdsoc.debug.launch.SdsTcfLaunchDelegate.createConfigModel(SdsTcfLaunchDelegate.java:85) [com.xilinx.sdx.sdsoc.debug_1.0.0.202210132147.jar:?]
	at com.xilinx.sdx.sdsoc.debug.launch.SdsTcfLaunchDelegate.generateReports(SdsTcfLaunchDelegate.java:641) [com.xilinx.sdx.sdsoc.debug_1.0.0.202210132147.jar:?]
	at com.xilinx.sdx.sdsoc.debug.launch.SdsTcfLaunchDelegate.onDisconnected(SdsTcfLaunchDelegate.java:615) [com.xilinx.sdx.sdsoc.debug_1.0.0.202210132147.jar:?]
	at org.eclipse.tcf.internal.debug.ui.model.TCFModelManager$1.onDisconnected(TCFModelManager.java:79) [org.eclipse.tcf.debug.ui_1.7.0.202210132147.jar:?]
	at org.eclipse.tcf.internal.debug.model.TCFLaunch.onDisconnected(TCFLaunch.java:532) [org.eclipse.tcf.debug_1.7.0.202210132147.jar:?]
	at org.eclipse.tcf.internal.debug.model.TCFLaunch$43.onChannelClosed(TCFLaunch.java:1643) [org.eclipse.tcf.debug_1.7.0.202210132147.jar:?]
	at org.eclipse.tcf.core.AbstractChannel$9.run(AbstractChannel.java:858) [org.eclipse.tcf.core_1.7.0.202210132147.jar:?]
	at org.eclipse.tcf.EventQueue.run(EventQueue.java:98) [org.eclipse.tcf_1.7.0.202210132147.jar:?]
	at java.lang.Thread.run(Thread.java:829) [?:?]
20:23:54 INFO  : Disconnected from the channel tcfchan#4.
20:23:54 INFO  : The hardware specification used by project 'hdmi' is out of sync with the platform. Resource files extracted from the hardware specification will be updated.
20:23:54 INFO  : The file 'C:\Users\steff\Downloads\ece385git\lab71\workspace\hdmi\_ide\bitstream\mb_usb_hdmi_top.bit' stored in project is removed.
20:23:54 INFO  : The file 'C:\Users\steff\Downloads\ece385git\lab71\workspace\hdmi\_ide\bitstream\mb_usb_hdmi_top.mmi' stored in project is removed.
20:23:54 INFO  : The updated bitstream files are copied from platform to folder 'C:\Users\steff\Downloads\ece385git\lab71\workspace\hdmi\_ide\bitstream' in project 'hdmi'.
20:23:54 INFO  : Connected to target on host '127.0.0.1' and port '3121'.
20:23:55 INFO  : Jtag cable 'RealDigital Boo 887429230257A' is selected.
20:23:55 INFO  : 'jtag frequency' command is executed.
20:23:55 INFO  : 'targets -set -filter {jtag_cable_name =~ "RealDigital Boo 887429230257A" && level==0 && jtag_device_ctx=="jsn1-0362f093-0"}' command is executed.
20:23:56 INFO  : Device configured successfully with "C:/Users/steff/Downloads/ece385git/lab71/workspace/hdmi/_ide/bitstream/mb_usb_hdmi_top.bit"
20:23:56 INFO  : Context for processor 'microblaze_0' is selected.
20:23:56 INFO  : Hardware design and registers information is loaded from 'C:/Users/steff/Downloads/ece385git/lab71/workspace/mb_usb_hdmi_top/export/mb_usb_hdmi_top/hw/mb_usb_hdmi_top.xsa'.
20:23:56 INFO  : 'configparams mdm-detect-bscan-mask 2' command is executed.
20:23:56 INFO  : Context for processor 'microblaze_0' is selected.
20:23:56 INFO  : System reset is completed.
20:23:59 INFO  : 'after 3000' command is executed.
20:23:59 INFO  : Context for processor 'microblaze_0' is selected.
20:23:59 INFO  : The application 'C:/Users/steff/Downloads/ece385git/lab71/workspace/hdmi/Debug/hdmi.elf' is downloaded to processor 'microblaze_0'.
20:23:59 INFO  : ----------------XSDB Script----------------
connect -url tcp:127.0.0.1:3121
targets -set -filter {jtag_cable_name =~ "RealDigital Boo 887429230257A" && level==0 && jtag_device_ctx=="jsn1-0362f093-0"}
fpga -file C:/Users/steff/Downloads/ece385git/lab71/workspace/hdmi/_ide/bitstream/mb_usb_hdmi_top.bit
targets -set -nocase -filter {name =~ "*microblaze*#0" && bscan=="USER2" }
loadhw -hw C:/Users/steff/Downloads/ece385git/lab71/workspace/mb_usb_hdmi_top/export/mb_usb_hdmi_top/hw/mb_usb_hdmi_top.xsa -regs
configparams mdm-detect-bscan-mask 2
targets -set -nocase -filter {name =~ "*microblaze*#0" && bscan=="USER2" }
rst -system
after 3000
targets -set -nocase -filter {name =~ "*microblaze*#0" && bscan=="USER2" }
dow C:/Users/steff/Downloads/ece385git/lab71/workspace/hdmi/Debug/hdmi.elf
----------------End of Script----------------

20:23:59 INFO  : Context for processor 'microblaze_0' is selected.
20:23:59 INFO  : 'con' command is executed.
20:23:59 INFO  : ----------------XSDB Script (After Launch)----------------
targets -set -nocase -filter {name =~ "*microblaze*#0" && bscan=="USER2" }
con
----------------End of Script----------------

20:23:59 INFO  : Launch script is exported to file 'C:\Users\steff\Downloads\ece385git\lab71\workspace\hdmi_system\_ide\scripts\systemdebugger_hdmi_system_standalone.tcl'
20:50:49 INFO  : Hardware specification for platform project 'mb_usb_hdmi_top' is updated.
20:51:02 INFO  : Result from executing command 'getProjects': mb_usb_hdmi_top
20:51:02 INFO  : Result from executing command 'getPlatforms': mb_usb_hdmi_top|C:/Users/steff/Downloads/ece385git/lab71/workspace/mb_usb_hdmi_top/export/mb_usb_hdmi_top/mb_usb_hdmi_top.xpfm
20:51:12 ERROR : XSCT server calls should not be made from TCF thread.
java.lang.RuntimeException: XSCT server calls should not be made from TCF thread.
	at com.xilinx.sdk.xsdb.XSDBCommandManager.issueAndWait(XSDBCommandManager.java:392) [com.xilinx.sdk.xsdb_1.0.0.202210132147.jar:?]
	at com.xilinx.sdk.xsdb.XsdbCommandUtils.executeAndRespond(XsdbCommandUtils.java:325) [com.xilinx.sdk.xsdb_1.0.0.202210132147.jar:?]
	at com.xilinx.sdk.hw.internal.HwPlatform.dispose(HwPlatform.java:1325) [com.xilinx.sdk.hw_1.0.0.202210132147.jar:?]
	at com.xilinx.sdk.hw.internal.HwSpecFactory.removeHwSpec(HwSpecFactory.java:92) [com.xilinx.sdk.hw_1.0.0.202210132147.jar:?]
	at com.xilinx.sdk.hw.internal.HwSpecFactory.validateGetFromCache(HwSpecFactory.java:78) [com.xilinx.sdk.hw_1.0.0.202210132147.jar:?]
	at com.xilinx.sdk.hw.internal.HwSpecFactory.createHwSpec(HwSpecFactory.java:48) [com.xilinx.sdk.hw_1.0.0.202210132147.jar:?]
	at com.xilinx.sdx.sdsoc.debug.ui.SdsLaunchConfigUtil.createHwPlatform(SdsLaunchConfigUtil.java:57) [com.xilinx.sdx.sdsoc.debug.ui_1.0.0.202210132147.jar:?]
	at com.xilinx.sdx.sdsoc.debug.ui.SdsLaunchConfigModel.iniHwPlatform(SdsLaunchConfigModel.java:187) [com.xilinx.sdx.sdsoc.debug.ui_1.0.0.202210132147.jar:?]
	at com.xilinx.sdk.tcf.internal.debug.ui.common.BaseLaunchConfigModel.getHwPlatform(BaseLaunchConfigModel.java:577) [com.xilinx.sdk.tcf.debug_1.0.0.202210132147.jar:?]
	at com.xilinx.sdk.tcf.internal.debug.ui.common.BaseLaunchConfigModel.readCrossTriggerModel(BaseLaunchConfigModel.java:173) [com.xilinx.sdk.tcf.debug_1.0.0.202210132147.jar:?]
	at com.xilinx.sdk.tcf.internal.debug.ui.common.BaseLaunchConfigModel.readAndSetAttributes(BaseLaunchConfigModel.java:156) [com.xilinx.sdk.tcf.debug_1.0.0.202210132147.jar:?]
	at com.xilinx.sdx.sdsoc.debug.ui.SdsLaunchConfigModel.newInstance(SdsLaunchConfigModel.java:109) [com.xilinx.sdx.sdsoc.debug.ui_1.0.0.202210132147.jar:?]
	at com.xilinx.sdx.sdsoc.debug.launch.SdsTcfLaunchDelegate.createConfigModel(SdsTcfLaunchDelegate.java:85) [com.xilinx.sdx.sdsoc.debug_1.0.0.202210132147.jar:?]
	at com.xilinx.sdx.sdsoc.debug.launch.SdsTcfLaunchDelegate.generateReports(SdsTcfLaunchDelegate.java:641) [com.xilinx.sdx.sdsoc.debug_1.0.0.202210132147.jar:?]
	at com.xilinx.sdx.sdsoc.debug.launch.SdsTcfLaunchDelegate.onDisconnected(SdsTcfLaunchDelegate.java:615) [com.xilinx.sdx.sdsoc.debug_1.0.0.202210132147.jar:?]
	at org.eclipse.tcf.internal.debug.ui.model.TCFModelManager$1.onDisconnected(TCFModelManager.java:79) [org.eclipse.tcf.debug.ui_1.7.0.202210132147.jar:?]
	at org.eclipse.tcf.internal.debug.model.TCFLaunch.onDisconnected(TCFLaunch.java:532) [org.eclipse.tcf.debug_1.7.0.202210132147.jar:?]
	at org.eclipse.tcf.internal.debug.model.TCFLaunch$43.onChannelClosed(TCFLaunch.java:1643) [org.eclipse.tcf.debug_1.7.0.202210132147.jar:?]
	at org.eclipse.tcf.core.AbstractChannel$9.run(AbstractChannel.java:858) [org.eclipse.tcf.core_1.7.0.202210132147.jar:?]
	at org.eclipse.tcf.EventQueue.run(EventQueue.java:98) [org.eclipse.tcf_1.7.0.202210132147.jar:?]
	at java.lang.Thread.run(Thread.java:829) [?:?]
20:51:12 INFO  : Disconnected from the channel tcfchan#6.
20:51:12 INFO  : The hardware specification used by project 'hdmi' is out of sync with the platform. Resource files extracted from the hardware specification will be updated.
20:51:13 INFO  : The file 'C:\Users\steff\Downloads\ece385git\lab71\workspace\hdmi\_ide\bitstream\mb_usb_hdmi_top.bit' stored in project is removed.
20:51:13 INFO  : The file 'C:\Users\steff\Downloads\ece385git\lab71\workspace\hdmi\_ide\bitstream\mb_usb_hdmi_top.mmi' stored in project is removed.
20:51:13 INFO  : The updated bitstream files are copied from platform to folder 'C:\Users\steff\Downloads\ece385git\lab71\workspace\hdmi\_ide\bitstream' in project 'hdmi'.
20:51:13 INFO  : Connected to target on host '127.0.0.1' and port '3121'.
20:51:13 INFO  : Jtag cable 'RealDigital Boo 887429230257A' is selected.
20:51:13 INFO  : 'jtag frequency' command is executed.
20:51:13 INFO  : 'targets -set -filter {jtag_cable_name =~ "RealDigital Boo 887429230257A" && level==0 && jtag_device_ctx=="jsn1-0362f093-0"}' command is executed.
20:51:14 INFO  : Device configured successfully with "C:/Users/steff/Downloads/ece385git/lab71/workspace/hdmi/_ide/bitstream/mb_usb_hdmi_top.bit"
20:51:14 INFO  : Context for processor 'microblaze_0' is selected.
20:51:14 INFO  : Hardware design and registers information is loaded from 'C:/Users/steff/Downloads/ece385git/lab71/workspace/mb_usb_hdmi_top/export/mb_usb_hdmi_top/hw/mb_usb_hdmi_top.xsa'.
20:51:14 INFO  : 'configparams mdm-detect-bscan-mask 2' command is executed.
20:51:14 INFO  : Context for processor 'microblaze_0' is selected.
20:51:14 INFO  : System reset is completed.
20:51:17 INFO  : 'after 3000' command is executed.
20:51:17 INFO  : Context for processor 'microblaze_0' is selected.
20:51:17 INFO  : The application 'C:/Users/steff/Downloads/ece385git/lab71/workspace/hdmi/Debug/hdmi.elf' is downloaded to processor 'microblaze_0'.
20:51:17 INFO  : ----------------XSDB Script----------------
connect -url tcp:127.0.0.1:3121
targets -set -filter {jtag_cable_name =~ "RealDigital Boo 887429230257A" && level==0 && jtag_device_ctx=="jsn1-0362f093-0"}
fpga -file C:/Users/steff/Downloads/ece385git/lab71/workspace/hdmi/_ide/bitstream/mb_usb_hdmi_top.bit
targets -set -nocase -filter {name =~ "*microblaze*#0" && bscan=="USER2" }
loadhw -hw C:/Users/steff/Downloads/ece385git/lab71/workspace/mb_usb_hdmi_top/export/mb_usb_hdmi_top/hw/mb_usb_hdmi_top.xsa -regs
configparams mdm-detect-bscan-mask 2
targets -set -nocase -filter {name =~ "*microblaze*#0" && bscan=="USER2" }
rst -system
after 3000
targets -set -nocase -filter {name =~ "*microblaze*#0" && bscan=="USER2" }
dow C:/Users/steff/Downloads/ece385git/lab71/workspace/hdmi/Debug/hdmi.elf
----------------End of Script----------------

20:51:18 INFO  : Context for processor 'microblaze_0' is selected.
20:51:18 INFO  : 'con' command is executed.
20:51:18 INFO  : ----------------XSDB Script (After Launch)----------------
targets -set -nocase -filter {name =~ "*microblaze*#0" && bscan=="USER2" }
con
----------------End of Script----------------

20:51:18 INFO  : Launch script is exported to file 'C:\Users\steff\Downloads\ece385git\lab71\workspace\hdmi_system\_ide\scripts\systemdebugger_hdmi_system_standalone.tcl'
20:52:05 INFO  : Disconnected from the channel tcfchan#8.
