20:52:07 DEBUG : Logs will be stored at 'C:/Users/steff/Downloads/ece385git/lab6/workspace/IDE.log'.
20:52:09 INFO  : Launching XSCT server: xsct.bat -n  -interactive C:\Users\steff\Downloads\ece385git\lab6\workspace\temp_xsdb_launch_script.tcl
20:52:09 INFO  : Platform repository initialization has completed.
20:52:09 INFO  : Registering command handlers for Vitis TCF services
20:52:11 INFO  : XSCT server has started successfully.
20:52:13 INFO  : plnx-install-location is set to ''
20:52:13 INFO  : Successfully done setting XSCT server connection channel  
20:52:13 INFO  : Successfully done query RDI_DATADIR 
20:52:13 INFO  : Successfully done setting workspace for the tool. 
20:55:54 INFO  : Result from executing command 'getProjects': mb_intro_top
20:55:54 INFO  : Result from executing command 'getPlatforms': 
20:55:54 WARN  : An unexpected exception occurred in the module 'platform project logging'
20:55:54 INFO  : Platform 'mb_intro_top' is added to custom repositories.
20:55:56 INFO  : Platform 'mb_intro_top' is added to custom repositories.
21:12:26 INFO  : Result from executing command 'getProjects': mb_intro_top
21:12:26 INFO  : Result from executing command 'getPlatforms': mb_intro_top|C:/Users/steff/Downloads/ece385git/lab6/workspace/mb_intro_top/export/mb_intro_top/mb_intro_top.xpfm
21:12:26 INFO  : Checking for BSP changes to sync application flags for project 'mb_blink'...
21:19:28 INFO  : Connected to target on host '127.0.0.1' and port '3121'.
21:19:28 INFO  : Jtag cable 'RealDigital Boo 887429230257A' is selected.
21:19:28 INFO  : 'jtag frequency' command is executed.
21:19:28 INFO  : 'targets -set -filter {jtag_cable_name =~ "RealDigital Boo 887429230257A" && level==0 && jtag_device_ctx=="jsn1-0362f093-0"}' command is executed.
21:19:29 INFO  : Device configured successfully with "C:/Users/steff/Downloads/ece385git/lab6/workspace/mb_blink/_ide/bitstream/mb_intro_top.bit"
21:19:29 INFO  : Context for processor 'microblaze_0' is selected.
21:19:29 INFO  : Hardware design and registers information is loaded from 'C:/Users/steff/Downloads/ece385git/lab6/workspace/mb_intro_top/export/mb_intro_top/hw/mb_intro_top.xsa'.
21:19:29 INFO  : 'configparams mdm-detect-bscan-mask 2' command is executed.
21:19:29 INFO  : Context for processor 'microblaze_0' is selected.
21:19:29 INFO  : System reset is completed.
21:19:32 INFO  : 'after 3000' command is executed.
21:19:33 INFO  : Context for processor 'microblaze_0' is selected.
21:19:33 INFO  : The application 'C:/Users/steff/Downloads/ece385git/lab6/workspace/mb_blink/Debug/mb_blink.elf' is downloaded to processor 'microblaze_0'.
21:19:33 INFO  : ----------------XSDB Script----------------
connect -url tcp:127.0.0.1:3121
targets -set -filter {jtag_cable_name =~ "RealDigital Boo 887429230257A" && level==0 && jtag_device_ctx=="jsn1-0362f093-0"}
fpga -file C:/Users/steff/Downloads/ece385git/lab6/workspace/mb_blink/_ide/bitstream/mb_intro_top.bit
targets -set -nocase -filter {name =~ "*microblaze*#0" && bscan=="USER2" }
loadhw -hw C:/Users/steff/Downloads/ece385git/lab6/workspace/mb_intro_top/export/mb_intro_top/hw/mb_intro_top.xsa -regs
configparams mdm-detect-bscan-mask 2
targets -set -nocase -filter {name =~ "*microblaze*#0" && bscan=="USER2" }
rst -system
after 3000
targets -set -nocase -filter {name =~ "*microblaze*#0" && bscan=="USER2" }
dow C:/Users/steff/Downloads/ece385git/lab6/workspace/mb_blink/Debug/mb_blink.elf
----------------End of Script----------------

21:19:33 INFO  : Context for processor 'microblaze_0' is selected.
21:19:33 INFO  : 'con' command is executed.
21:19:33 INFO  : ----------------XSDB Script (After Launch)----------------
targets -set -nocase -filter {name =~ "*microblaze*#0" && bscan=="USER2" }
con
----------------End of Script----------------

21:19:33 INFO  : Disconnected from the channel tcfchan#2.
12:48:32 INFO  : Hardware specification for platform project 'mb_intro_top' is updated.
12:49:46 INFO  : Connected to target on host '127.0.0.1' and port '3121'.
12:49:47 INFO  : Jtag cable 'RealDigital Boo 887429230257A' is selected.
12:49:47 INFO  : 'jtag frequency' command is executed.
12:49:47 INFO  : 'targets -set -filter {jtag_cable_name =~ "RealDigital Boo 887429230257A" && level==0 && jtag_device_ctx=="jsn1-0362f093-0"}' command is executed.
12:49:48 INFO  : Device configured successfully with "C:/Users/steff/Downloads/ece385git/lab6/workspace/mb_blink/_ide/bitstream/mb_intro_top.bit"
12:49:48 INFO  : Context for processor 'microblaze_0' is selected.
12:49:48 INFO  : Hardware design and registers information is loaded from 'C:/Users/steff/Downloads/ece385git/lab6/workspace/mb_intro_top/export/mb_intro_top/hw/mb_intro_top.xsa'.
12:49:48 INFO  : 'configparams mdm-detect-bscan-mask 2' command is executed.
12:49:48 INFO  : Context for processor 'microblaze_0' is selected.
12:49:48 INFO  : System reset is completed.
12:49:51 INFO  : 'after 3000' command is executed.
12:49:51 INFO  : Context for processor 'microblaze_0' is selected.
12:49:51 INFO  : The application 'C:/Users/steff/Downloads/ece385git/lab6/workspace/mb_blink/Debug/mb_blink.elf' is downloaded to processor 'microblaze_0'.
12:49:51 INFO  : ----------------XSDB Script----------------
connect -url tcp:127.0.0.1:3121
targets -set -filter {jtag_cable_name =~ "RealDigital Boo 887429230257A" && level==0 && jtag_device_ctx=="jsn1-0362f093-0"}
fpga -file C:/Users/steff/Downloads/ece385git/lab6/workspace/mb_blink/_ide/bitstream/mb_intro_top.bit
targets -set -nocase -filter {name =~ "*microblaze*#0" && bscan=="USER2" }
loadhw -hw C:/Users/steff/Downloads/ece385git/lab6/workspace/mb_intro_top/export/mb_intro_top/hw/mb_intro_top.xsa -regs
configparams mdm-detect-bscan-mask 2
targets -set -nocase -filter {name =~ "*microblaze*#0" && bscan=="USER2" }
rst -system
after 3000
targets -set -nocase -filter {name =~ "*microblaze*#0" && bscan=="USER2" }
dow C:/Users/steff/Downloads/ece385git/lab6/workspace/mb_blink/Debug/mb_blink.elf
----------------End of Script----------------

12:49:51 INFO  : Context for processor 'microblaze_0' is selected.
12:49:51 INFO  : 'con' command is executed.
12:49:51 INFO  : ----------------XSDB Script (After Launch)----------------
targets -set -nocase -filter {name =~ "*microblaze*#0" && bscan=="USER2" }
con
----------------End of Script----------------

12:49:51 INFO  : Disconnected from the channel tcfchan#3.
12:54:47 INFO  : Connected to target on host '127.0.0.1' and port '3121'.
12:54:47 INFO  : Jtag cable 'RealDigital Boo 887429230257A' is selected.
12:54:47 INFO  : 'jtag frequency' command is executed.
12:54:47 INFO  : 'targets -set -filter {jtag_cable_name =~ "RealDigital Boo 887429230257A" && level==0 && jtag_device_ctx=="jsn1-0362f093-0"}' command is executed.
12:54:48 INFO  : Device configured successfully with "C:/Users/steff/Downloads/ece385git/lab6/workspace/mb_blink/_ide/bitstream/mb_intro_top.bit"
12:54:48 INFO  : Context for processor 'microblaze_0' is selected.
12:54:48 INFO  : Hardware design and registers information is loaded from 'C:/Users/steff/Downloads/ece385git/lab6/workspace/mb_intro_top/export/mb_intro_top/hw/mb_intro_top.xsa'.
12:54:48 INFO  : 'configparams mdm-detect-bscan-mask 2' command is executed.
12:54:48 INFO  : Context for processor 'microblaze_0' is selected.
12:54:48 INFO  : System reset is completed.
12:54:51 INFO  : 'after 3000' command is executed.
12:54:51 INFO  : Context for processor 'microblaze_0' is selected.
12:54:51 INFO  : The application 'C:/Users/steff/Downloads/ece385git/lab6/workspace/mb_blink/Debug/mb_blink.elf' is downloaded to processor 'microblaze_0'.
12:54:51 INFO  : ----------------XSDB Script----------------
connect -url tcp:127.0.0.1:3121
targets -set -filter {jtag_cable_name =~ "RealDigital Boo 887429230257A" && level==0 && jtag_device_ctx=="jsn1-0362f093-0"}
fpga -file C:/Users/steff/Downloads/ece385git/lab6/workspace/mb_blink/_ide/bitstream/mb_intro_top.bit
targets -set -nocase -filter {name =~ "*microblaze*#0" && bscan=="USER2" }
loadhw -hw C:/Users/steff/Downloads/ece385git/lab6/workspace/mb_intro_top/export/mb_intro_top/hw/mb_intro_top.xsa -regs
configparams mdm-detect-bscan-mask 2
targets -set -nocase -filter {name =~ "*microblaze*#0" && bscan=="USER2" }
rst -system
after 3000
targets -set -nocase -filter {name =~ "*microblaze*#0" && bscan=="USER2" }
dow C:/Users/steff/Downloads/ece385git/lab6/workspace/mb_blink/Debug/mb_blink.elf
----------------End of Script----------------

12:54:51 INFO  : Context for processor 'microblaze_0' is selected.
12:54:51 INFO  : 'con' command is executed.
12:54:51 INFO  : ----------------XSDB Script (After Launch)----------------
targets -set -nocase -filter {name =~ "*microblaze*#0" && bscan=="USER2" }
con
----------------End of Script----------------

12:54:51 INFO  : Disconnected from the channel tcfchan#4.
12:55:01 INFO  : Connected to target on host '127.0.0.1' and port '3121'.
12:55:01 INFO  : Jtag cable 'RealDigital Boo 887429230257A' is selected.
12:55:01 INFO  : 'jtag frequency' command is executed.
12:55:05 ERROR : no targets found with "jtag_cable_name =~ "RealDigital Boo 887429230257A" && level==0 && jtag_device_ctx=="jsn1-0362f093-0"". available targets:
  1  xc7s50
     2  MicroBlaze Debug Module at USER2
        3  MicroBlaze #0 (Running)
12:55:05 ERROR : Exception occured while running Program Device.
java.lang.RuntimeException: no targets found with "jtag_cable_name =~ "RealDigital Boo 887429230257A" && level==0 && jtag_device_ctx=="jsn1-0362f093-0"". available targets:
  1  xc7s50
     2  MicroBlaze Debug Module at USER2
        3  MicroBlaze #0 (Running)
12:55:05 INFO  : ----------------XSDB Script----------------
connect -url tcp:127.0.0.1:3121
----------------End of Script----------------

12:55:05 ERROR : no targets found with "jtag_cable_name =~ "RealDigital Boo 887429230257A" && level==0 && jtag_device_ctx=="jsn1-0362f093-0"". available targets:
  1  xc7s50
     2  MicroBlaze Debug Module at USER2
        3  MicroBlaze #0 (Running)
12:55:35 INFO  : Connected to target on host '127.0.0.1' and port '3121'.
12:55:35 INFO  : Jtag cable 'RealDigital Boo 887429230257A' is selected.
12:55:35 INFO  : 'jtag frequency' command is executed.
12:55:39 ERROR : no targets found with "jtag_cable_name =~ "RealDigital Boo 887429230257A" && level==0 && jtag_device_ctx=="jsn1-0362f093-0"". available targets:
  1  xc7s50
     2  MicroBlaze Debug Module at USER2
        3  MicroBlaze #0 (Running)
12:55:39 ERROR : Exception occured while running Program Device.
java.lang.RuntimeException: no targets found with "jtag_cable_name =~ "RealDigital Boo 887429230257A" && level==0 && jtag_device_ctx=="jsn1-0362f093-0"". available targets:
  1  xc7s50
     2  MicroBlaze Debug Module at USER2
        3  MicroBlaze #0 (Running)
12:55:39 INFO  : ----------------XSDB Script----------------
connect -url tcp:127.0.0.1:3121
----------------End of Script----------------

12:55:39 ERROR : no targets found with "jtag_cable_name =~ "RealDigital Boo 887429230257A" && level==0 && jtag_device_ctx=="jsn1-0362f093-0"". available targets:
  1  xc7s50
     2  MicroBlaze Debug Module at USER2
        3  MicroBlaze #0 (Running)
12:56:34 INFO  : Connected to target on host '127.0.0.1' and port '3121'.
12:56:34 INFO  : Jtag cable 'RealDigital Boo 887429230257A' is selected.
12:56:34 INFO  : 'jtag frequency' command is executed.
12:56:37 ERROR : no targets found with "jtag_cable_name =~ "RealDigital Boo 887429230257A" && level==0 && jtag_device_ctx=="jsn1-0362f093-0"". available targets:
  1  xc7s50
12:56:37 ERROR : Exception occured while running Program Device.
java.lang.RuntimeException: no targets found with "jtag_cable_name =~ "RealDigital Boo 887429230257A" && level==0 && jtag_device_ctx=="jsn1-0362f093-0"". available targets:
  1  xc7s50
12:56:37 INFO  : ----------------XSDB Script----------------
connect -url tcp:127.0.0.1:3121
----------------End of Script----------------

12:56:37 ERROR : no targets found with "jtag_cable_name =~ "RealDigital Boo 887429230257A" && level==0 && jtag_device_ctx=="jsn1-0362f093-0"". available targets:
  1  xc7s50
13:03:54 INFO  : Connected to target on host '127.0.0.1' and port '3121'.
13:03:54 INFO  : Jtag cable 'RealDigital Boo 887429230257A' is selected.
13:03:54 INFO  : 'jtag frequency' command is executed.
13:03:57 ERROR : no targets found with "jtag_cable_name =~ "RealDigital Boo 887429230257A" && level==0 && jtag_device_ctx=="jsn1-0362f093-0"". available targets:
  1  xc7s50
13:03:57 ERROR : Exception occured while running Program Device.
java.lang.RuntimeException: no targets found with "jtag_cable_name =~ "RealDigital Boo 887429230257A" && level==0 && jtag_device_ctx=="jsn1-0362f093-0"". available targets:
  1  xc7s50
13:03:57 INFO  : ----------------XSDB Script----------------
connect -url tcp:127.0.0.1:3121
----------------End of Script----------------

13:03:57 ERROR : no targets found with "jtag_cable_name =~ "RealDigital Boo 887429230257A" && level==0 && jtag_device_ctx=="jsn1-0362f093-0"". available targets:
  1  xc7s50
13:05:12 INFO  : Connected to target on host '127.0.0.1' and port '3121'.
13:05:12 INFO  : Jtag cable 'RealDigital Boo 887429230257A' is selected.
13:05:12 INFO  : 'jtag frequency' command is executed.
13:05:15 ERROR : no targets found with "jtag_cable_name =~ "RealDigital Boo 887429230257A" && level==0 && jtag_device_ctx=="jsn1-0362f093-0"". available targets:
  1  xc7s50
13:05:15 ERROR : Exception occured while running Program Device.
java.lang.RuntimeException: no targets found with "jtag_cable_name =~ "RealDigital Boo 887429230257A" && level==0 && jtag_device_ctx=="jsn1-0362f093-0"". available targets:
  1  xc7s50
13:05:15 INFO  : ----------------XSDB Script----------------
connect -url tcp:127.0.0.1:3121
----------------End of Script----------------

13:05:15 ERROR : no targets found with "jtag_cable_name =~ "RealDigital Boo 887429230257A" && level==0 && jtag_device_ctx=="jsn1-0362f093-0"". available targets:
  1  xc7s50
13:05:32 INFO  : Connected to target on host '127.0.0.1' and port '3121'.
13:05:33 INFO  : Jtag cable 'RealDigital Boo 887429230257A' is selected.
13:05:33 INFO  : 'jtag frequency' command is executed.
13:05:36 ERROR : no targets found with "jtag_cable_name =~ "RealDigital Boo 887429230257A" && level==0 && jtag_device_ctx=="jsn1-0362f093-0"". available targets:
  1  xc7s50
13:05:36 ERROR : Exception occured while running Program Device.
java.lang.RuntimeException: no targets found with "jtag_cable_name =~ "RealDigital Boo 887429230257A" && level==0 && jtag_device_ctx=="jsn1-0362f093-0"". available targets:
  1  xc7s50
13:05:36 INFO  : ----------------XSDB Script----------------
connect -url tcp:127.0.0.1:3121
----------------End of Script----------------

13:05:36 ERROR : no targets found with "jtag_cable_name =~ "RealDigital Boo 887429230257A" && level==0 && jtag_device_ctx=="jsn1-0362f093-0"". available targets:
  1  xc7s50
13:07:05 INFO  : Connected to target on host '127.0.0.1' and port '3121'.
13:07:05 INFO  : Jtag cable 'RealDigital Boo 887429230257A' is selected.
13:07:05 INFO  : 'jtag frequency' command is executed.
13:07:08 ERROR : no targets found with "jtag_cable_name =~ "RealDigital Boo 887429230257A" && level==0 && jtag_device_ctx=="jsn1-0362f093-0"". available targets:
  1  xc7s50
  4  whole scan chain (FT_Write failed: io error)
13:07:08 ERROR : Exception occured while running Program Device.
java.lang.RuntimeException: no targets found with "jtag_cable_name =~ "RealDigital Boo 887429230257A" && level==0 && jtag_device_ctx=="jsn1-0362f093-0"". available targets:
  1  xc7s50
  4  whole scan chain (FT_Write failed: io error)
13:07:08 INFO  : ----------------XSDB Script----------------
connect -url tcp:127.0.0.1:3121
----------------End of Script----------------

13:07:08 ERROR : no targets found with "jtag_cable_name =~ "RealDigital Boo 887429230257A" && level==0 && jtag_device_ctx=="jsn1-0362f093-0"". available targets:
  1  xc7s50
  4  whole scan chain (FT_Write failed: io error)
13:08:00 INFO  : Connected to target on host '127.0.0.1' and port '3121'.
13:08:00 INFO  : Jtag cable 'RealDigital Boo 887429230257A' is selected.
13:08:00 INFO  : 'jtag frequency' command is executed.
13:08:03 ERROR : no targets found with "jtag_cable_name =~ "RealDigital Boo 887429230257A" && level==0 && jtag_device_ctx=="jsn1-0362f093-0"". available targets:
  1  xc7s50
  4  whole scan chain (FT_Write failed: io error)
13:08:03 ERROR : Exception occured while running Program Device.
java.lang.RuntimeException: no targets found with "jtag_cable_name =~ "RealDigital Boo 887429230257A" && level==0 && jtag_device_ctx=="jsn1-0362f093-0"". available targets:
  1  xc7s50
  4  whole scan chain (FT_Write failed: io error)
13:08:03 INFO  : ----------------XSDB Script----------------
connect -url tcp:127.0.0.1:3121
----------------End of Script----------------

13:08:03 ERROR : no targets found with "jtag_cable_name =~ "RealDigital Boo 887429230257A" && level==0 && jtag_device_ctx=="jsn1-0362f093-0"". available targets:
  1  xc7s50
  4  whole scan chain (FT_Write failed: io error)
13:09:30 INFO  : Connected to target on host '127.0.0.1' and port '3121'.
13:09:30 INFO  : Jtag cable 'RealDigital Boo 887429230257A' is selected.
13:09:30 INFO  : 'jtag frequency' command is executed.
13:09:33 ERROR : no targets found with "jtag_cable_name =~ "RealDigital Boo 887429230257A" && level==0 && jtag_device_ctx=="jsn1-0362f093-0"". available targets:
  1  xc7s50
  4  whole scan chain (FT_Write failed: io error)
13:09:33 ERROR : Exception occured while running Program Device.
java.lang.RuntimeException: no targets found with "jtag_cable_name =~ "RealDigital Boo 887429230257A" && level==0 && jtag_device_ctx=="jsn1-0362f093-0"". available targets:
  1  xc7s50
  4  whole scan chain (FT_Write failed: io error)
13:09:33 INFO  : ----------------XSDB Script----------------
connect -url tcp:127.0.0.1:3121
----------------End of Script----------------

13:09:33 ERROR : no targets found with "jtag_cable_name =~ "RealDigital Boo 887429230257A" && level==0 && jtag_device_ctx=="jsn1-0362f093-0"". available targets:
  1  xc7s50
  4  whole scan chain (FT_Write failed: io error)
13:11:24 DEBUG : Logs will be stored at 'C:/Users/steff/Downloads/ece385git/lab6/workspace/IDE.log'.
13:11:25 INFO  : Launching XSCT server: xsct.bat -n  -interactive C:\Users\steff\Downloads\ece385git\lab6\workspace\temp_xsdb_launch_script.tcl
13:11:28 INFO  : Platform repository initialization has completed.
13:11:28 INFO  : XSCT server has started successfully.
13:11:28 INFO  : Registering command handlers for Vitis TCF services
13:11:32 INFO  : Successfully done setting XSCT server connection channel  
13:11:32 INFO  : plnx-install-location is set to ''
13:11:32 INFO  : Successfully done query RDI_DATADIR 
13:11:32 INFO  : Successfully done setting workspace for the tool. 
13:12:27 INFO  : Connected to target on host '127.0.0.1' and port '3121'.
13:12:27 INFO  : Jtag cable 'RealDigital Boo 887429230257A' is selected.
13:12:27 INFO  : 'jtag frequency' command is executed.
13:12:27 INFO  : 'targets -set -filter {jtag_cable_name =~ "RealDigital Boo 887429230257A" && level==0 && jtag_device_ctx=="jsn1-0362f093-0"}' command is executed.
13:12:28 INFO  : Device configured successfully with "C:/Users/steff/Downloads/ece385git/lab6/workspace/mb_blink/_ide/bitstream/mb_intro_top.bit"
13:12:28 INFO  : Context for processor 'microblaze_0' is selected.
13:12:28 INFO  : Hardware design and registers information is loaded from 'C:/Users/steff/Downloads/ece385git/lab6/workspace/mb_intro_top/export/mb_intro_top/hw/mb_intro_top.xsa'.
13:12:28 INFO  : 'configparams mdm-detect-bscan-mask 2' command is executed.
13:12:28 INFO  : Context for processor 'microblaze_0' is selected.
13:12:28 INFO  : System reset is completed.
13:12:31 INFO  : 'after 3000' command is executed.
13:12:31 INFO  : Context for processor 'microblaze_0' is selected.
13:12:32 INFO  : The application 'C:/Users/steff/Downloads/ece385git/lab6/workspace/mb_blink/Debug/mb_blink.elf' is downloaded to processor 'microblaze_0'.
13:12:32 INFO  : ----------------XSDB Script----------------
connect -url tcp:127.0.0.1:3121
targets -set -filter {jtag_cable_name =~ "RealDigital Boo 887429230257A" && level==0 && jtag_device_ctx=="jsn1-0362f093-0"}
fpga -file C:/Users/steff/Downloads/ece385git/lab6/workspace/mb_blink/_ide/bitstream/mb_intro_top.bit
targets -set -nocase -filter {name =~ "*microblaze*#0" && bscan=="USER2" }
loadhw -hw C:/Users/steff/Downloads/ece385git/lab6/workspace/mb_intro_top/export/mb_intro_top/hw/mb_intro_top.xsa -regs
configparams mdm-detect-bscan-mask 2
targets -set -nocase -filter {name =~ "*microblaze*#0" && bscan=="USER2" }
rst -system
after 3000
targets -set -nocase -filter {name =~ "*microblaze*#0" && bscan=="USER2" }
dow C:/Users/steff/Downloads/ece385git/lab6/workspace/mb_blink/Debug/mb_blink.elf
----------------End of Script----------------

13:12:32 INFO  : Context for processor 'microblaze_0' is selected.
13:12:32 INFO  : 'con' command is executed.
13:12:32 INFO  : ----------------XSDB Script (After Launch)----------------
targets -set -nocase -filter {name =~ "*microblaze*#0" && bscan=="USER2" }
con
----------------End of Script----------------

13:12:32 INFO  : Disconnected from the channel tcfchan#1.
13:13:03 INFO  : Connected to target on host '127.0.0.1' and port '3121'.
13:13:03 INFO  : Jtag cable 'RealDigital Boo 887429230257A' is selected.
13:13:03 INFO  : 'jtag frequency' command is executed.
13:13:03 INFO  : 'targets -set -filter {jtag_cable_name =~ "RealDigital Boo 887429230257A" && level==0 && jtag_device_ctx=="jsn1-0362f093-0"}' command is executed.
13:13:04 INFO  : Device configured successfully with "C:/Users/steff/Downloads/ece385git/lab6/workspace/mb_blink/_ide/bitstream/mb_intro_top.bit"
13:13:04 INFO  : Context for processor 'microblaze_0' is selected.
13:13:05 INFO  : Hardware design and registers information is loaded from 'C:/Users/steff/Downloads/ece385git/lab6/workspace/mb_intro_top/export/mb_intro_top/hw/mb_intro_top.xsa'.
13:13:05 INFO  : 'configparams mdm-detect-bscan-mask 2' command is executed.
13:13:05 INFO  : Context for processor 'microblaze_0' is selected.
13:13:05 INFO  : System reset is completed.
13:13:08 INFO  : 'after 3000' command is executed.
13:13:08 INFO  : Context for processor 'microblaze_0' is selected.
13:13:08 INFO  : The application 'C:/Users/steff/Downloads/ece385git/lab6/workspace/mb_blink/Debug/mb_blink.elf' is downloaded to processor 'microblaze_0'.
13:13:08 INFO  : ----------------XSDB Script----------------
connect -url tcp:127.0.0.1:3121
targets -set -filter {jtag_cable_name =~ "RealDigital Boo 887429230257A" && level==0 && jtag_device_ctx=="jsn1-0362f093-0"}
fpga -file C:/Users/steff/Downloads/ece385git/lab6/workspace/mb_blink/_ide/bitstream/mb_intro_top.bit
targets -set -nocase -filter {name =~ "*microblaze*#0" && bscan=="USER2" }
loadhw -hw C:/Users/steff/Downloads/ece385git/lab6/workspace/mb_intro_top/export/mb_intro_top/hw/mb_intro_top.xsa -regs
configparams mdm-detect-bscan-mask 2
targets -set -nocase -filter {name =~ "*microblaze*#0" && bscan=="USER2" }
rst -system
after 3000
targets -set -nocase -filter {name =~ "*microblaze*#0" && bscan=="USER2" }
dow C:/Users/steff/Downloads/ece385git/lab6/workspace/mb_blink/Debug/mb_blink.elf
----------------End of Script----------------

13:13:08 INFO  : Context for processor 'microblaze_0' is selected.
13:13:08 INFO  : 'con' command is executed.
13:13:08 INFO  : ----------------XSDB Script (After Launch)----------------
targets -set -nocase -filter {name =~ "*microblaze*#0" && bscan=="USER2" }
con
----------------End of Script----------------

13:13:08 INFO  : Disconnected from the channel tcfchan#2.
13:13:22 INFO  : Connected to target on host '127.0.0.1' and port '3121'.
13:13:22 INFO  : Jtag cable 'RealDigital Boo 887429230257A' is selected.
13:13:22 INFO  : 'jtag frequency' command is executed.
13:13:22 INFO  : 'targets -set -filter {jtag_cable_name =~ "RealDigital Boo 887429230257A" && level==0 && jtag_device_ctx=="jsn1-0362f093-0"}' command is executed.
13:13:23 INFO  : Device configured successfully with "C:/Users/steff/Downloads/ece385git/lab6/workspace/mb_blink/_ide/bitstream/mb_intro_top.bit"
13:13:23 INFO  : Context for processor 'microblaze_0' is selected.
13:13:23 INFO  : Hardware design and registers information is loaded from 'C:/Users/steff/Downloads/ece385git/lab6/workspace/mb_intro_top/export/mb_intro_top/hw/mb_intro_top.xsa'.
13:13:23 INFO  : 'configparams mdm-detect-bscan-mask 2' command is executed.
13:13:23 INFO  : Context for processor 'microblaze_0' is selected.
13:13:23 INFO  : System reset is completed.
13:13:26 INFO  : 'after 3000' command is executed.
13:13:26 INFO  : Context for processor 'microblaze_0' is selected.
13:13:26 INFO  : The application 'C:/Users/steff/Downloads/ece385git/lab6/workspace/mb_blink/Debug/mb_blink.elf' is downloaded to processor 'microblaze_0'.
13:13:26 INFO  : ----------------XSDB Script----------------
connect -url tcp:127.0.0.1:3121
targets -set -filter {jtag_cable_name =~ "RealDigital Boo 887429230257A" && level==0 && jtag_device_ctx=="jsn1-0362f093-0"}
fpga -file C:/Users/steff/Downloads/ece385git/lab6/workspace/mb_blink/_ide/bitstream/mb_intro_top.bit
targets -set -nocase -filter {name =~ "*microblaze*#0" && bscan=="USER2" }
loadhw -hw C:/Users/steff/Downloads/ece385git/lab6/workspace/mb_intro_top/export/mb_intro_top/hw/mb_intro_top.xsa -regs
configparams mdm-detect-bscan-mask 2
targets -set -nocase -filter {name =~ "*microblaze*#0" && bscan=="USER2" }
rst -system
after 3000
targets -set -nocase -filter {name =~ "*microblaze*#0" && bscan=="USER2" }
dow C:/Users/steff/Downloads/ece385git/lab6/workspace/mb_blink/Debug/mb_blink.elf
----------------End of Script----------------

13:13:26 INFO  : Context for processor 'microblaze_0' is selected.
13:13:26 INFO  : 'con' command is executed.
13:13:26 INFO  : ----------------XSDB Script (After Launch)----------------
targets -set -nocase -filter {name =~ "*microblaze*#0" && bscan=="USER2" }
con
----------------End of Script----------------

13:13:27 INFO  : Disconnected from the channel tcfchan#3.
13:14:14 INFO  : Connected to target on host '127.0.0.1' and port '3121'.
13:14:14 INFO  : Jtag cable 'RealDigital Boo 887429230257A' is selected.
13:14:14 INFO  : 'jtag frequency' command is executed.
13:14:14 INFO  : 'targets -set -filter {jtag_cable_name =~ "RealDigital Boo 887429230257A" && level==0 && jtag_device_ctx=="jsn1-0362f093-0"}' command is executed.
13:14:16 INFO  : Device configured successfully with "C:/Users/steff/Downloads/ece385git/lab6/workspace/mb_blink/_ide/bitstream/mb_intro_top.bit"
13:14:16 INFO  : Context for processor 'microblaze_0' is selected.
13:14:16 INFO  : Hardware design and registers information is loaded from 'C:/Users/steff/Downloads/ece385git/lab6/workspace/mb_intro_top/export/mb_intro_top/hw/mb_intro_top.xsa'.
13:14:16 INFO  : 'configparams mdm-detect-bscan-mask 2' command is executed.
13:14:16 INFO  : Context for processor 'microblaze_0' is selected.
13:14:16 INFO  : System reset is completed.
13:14:19 INFO  : 'after 3000' command is executed.
13:14:19 INFO  : Context for processor 'microblaze_0' is selected.
13:14:19 INFO  : The application 'C:/Users/steff/Downloads/ece385git/lab6/workspace/mb_blink/Debug/mb_blink.elf' is downloaded to processor 'microblaze_0'.
13:14:19 INFO  : ----------------XSDB Script----------------
connect -url tcp:127.0.0.1:3121
targets -set -filter {jtag_cable_name =~ "RealDigital Boo 887429230257A" && level==0 && jtag_device_ctx=="jsn1-0362f093-0"}
fpga -file C:/Users/steff/Downloads/ece385git/lab6/workspace/mb_blink/_ide/bitstream/mb_intro_top.bit
targets -set -nocase -filter {name =~ "*microblaze*#0" && bscan=="USER2" }
loadhw -hw C:/Users/steff/Downloads/ece385git/lab6/workspace/mb_intro_top/export/mb_intro_top/hw/mb_intro_top.xsa -regs
configparams mdm-detect-bscan-mask 2
targets -set -nocase -filter {name =~ "*microblaze*#0" && bscan=="USER2" }
rst -system
after 3000
targets -set -nocase -filter {name =~ "*microblaze*#0" && bscan=="USER2" }
dow C:/Users/steff/Downloads/ece385git/lab6/workspace/mb_blink/Debug/mb_blink.elf
----------------End of Script----------------

13:14:19 INFO  : Context for processor 'microblaze_0' is selected.
13:14:19 INFO  : 'con' command is executed.
13:14:19 INFO  : ----------------XSDB Script (After Launch)----------------
targets -set -nocase -filter {name =~ "*microblaze*#0" && bscan=="USER2" }
con
----------------End of Script----------------

13:14:19 INFO  : Disconnected from the channel tcfchan#4.
13:16:39 INFO  : Result from executing command 'getProjects': mb_intro_top
13:16:39 INFO  : Result from executing command 'getPlatforms': mb_intro_top|C:/Users/steff/Downloads/ece385git/lab6/workspace/mb_intro_top/export/mb_intro_top/mb_intro_top.xpfm
13:16:40 INFO  : Checking for BSP changes to sync application flags for project 'mb_blink'...
13:16:40 WARN  : Failed to closehw "C:/Users/steff/Downloads/ece385git/lab6/workspace/mb_intro_top/export/mb_intro_top/hw/mb_intro_top.xsa"
Reason: Cannot close hw design 'C:/Users/steff/Downloads/ece385git/lab6/workspace/mb_intro_top/export/mb_intro_top/hw/mb_intro_top.xsa'.
Design is not opened in the current session.

13:16:40 INFO  : Updating application flags with new BSP settings...
13:16:40 INFO  : Successfully updated application flags for project mb_blink.
13:16:41 INFO  : The hardware specification used by project 'mb_blink' is out of sync with the platform. Resource files extracted from the hardware specification will be updated.
13:16:41 INFO  : The file 'C:\Users\steff\Downloads\ece385git\lab6\workspace\mb_blink\_ide\bitstream\mb_intro_top.bit' stored in project is removed.
13:16:41 INFO  : The file 'C:\Users\steff\Downloads\ece385git\lab6\workspace\mb_blink\_ide\bitstream\mb_intro_top.mmi' stored in project is removed.
13:16:41 INFO  : The updated bitstream files are copied from platform to folder 'C:\Users\steff\Downloads\ece385git\lab6\workspace\mb_blink\_ide\bitstream' in project 'mb_blink'.
13:16:47 INFO  : Connected to target on host '127.0.0.1' and port '3121'.
13:16:48 INFO  : Jtag cable 'RealDigital Boo 887429230257A' is selected.
13:16:48 INFO  : 'jtag frequency' command is executed.
13:16:48 INFO  : 'targets -set -filter {jtag_cable_name =~ "RealDigital Boo 887429230257A" && level==0 && jtag_device_ctx=="jsn1-0362f093-0"}' command is executed.
13:16:49 INFO  : Device configured successfully with "C:/Users/steff/Downloads/ece385git/lab6/workspace/mb_blink/_ide/bitstream/mb_intro_top.bit"
13:16:49 INFO  : Context for processor 'microblaze_0' is selected.
13:16:49 INFO  : Hardware design and registers information is loaded from 'C:/Users/steff/Downloads/ece385git/lab6/workspace/mb_intro_top/export/mb_intro_top/hw/mb_intro_top.xsa'.
13:16:49 INFO  : 'configparams mdm-detect-bscan-mask 2' command is executed.
13:16:49 INFO  : Context for processor 'microblaze_0' is selected.
13:16:49 INFO  : System reset is completed.
13:16:52 INFO  : 'after 3000' command is executed.
13:16:52 INFO  : Context for processor 'microblaze_0' is selected.
13:16:52 INFO  : The application 'C:/Users/steff/Downloads/ece385git/lab6/workspace/mb_blink/Debug/mb_blink.elf' is downloaded to processor 'microblaze_0'.
13:16:52 INFO  : ----------------XSDB Script----------------
connect -url tcp:127.0.0.1:3121
targets -set -filter {jtag_cable_name =~ "RealDigital Boo 887429230257A" && level==0 && jtag_device_ctx=="jsn1-0362f093-0"}
fpga -file C:/Users/steff/Downloads/ece385git/lab6/workspace/mb_blink/_ide/bitstream/mb_intro_top.bit
targets -set -nocase -filter {name =~ "*microblaze*#0" && bscan=="USER2" }
loadhw -hw C:/Users/steff/Downloads/ece385git/lab6/workspace/mb_intro_top/export/mb_intro_top/hw/mb_intro_top.xsa -regs
configparams mdm-detect-bscan-mask 2
targets -set -nocase -filter {name =~ "*microblaze*#0" && bscan=="USER2" }
rst -system
after 3000
targets -set -nocase -filter {name =~ "*microblaze*#0" && bscan=="USER2" }
dow C:/Users/steff/Downloads/ece385git/lab6/workspace/mb_blink/Debug/mb_blink.elf
----------------End of Script----------------

13:16:52 INFO  : Context for processor 'microblaze_0' is selected.
13:16:52 INFO  : 'con' command is executed.
13:16:52 INFO  : ----------------XSDB Script (After Launch)----------------
targets -set -nocase -filter {name =~ "*microblaze*#0" && bscan=="USER2" }
con
----------------End of Script----------------

13:16:52 INFO  : Disconnected from the channel tcfchan#6.
13:17:39 INFO  : Connected to target on host '127.0.0.1' and port '3121'.
13:17:39 INFO  : Jtag cable 'RealDigital Boo 887429230257A' is selected.
13:17:39 INFO  : 'jtag frequency' command is executed.
13:17:39 INFO  : 'targets -set -filter {jtag_cable_name =~ "RealDigital Boo 887429230257A" && level==0 && jtag_device_ctx=="jsn1-0362f093-0"}' command is executed.
13:17:40 INFO  : Device configured successfully with "C:/Users/steff/Downloads/ece385git/lab6/workspace/mb_blink/_ide/bitstream/mb_intro_top.bit"
13:17:41 INFO  : Context for processor 'microblaze_0' is selected.
13:17:41 INFO  : Hardware design and registers information is loaded from 'C:/Users/steff/Downloads/ece385git/lab6/workspace/mb_intro_top/export/mb_intro_top/hw/mb_intro_top.xsa'.
13:17:41 INFO  : 'configparams mdm-detect-bscan-mask 2' command is executed.
13:17:41 INFO  : Context for processor 'microblaze_0' is selected.
13:17:41 INFO  : System reset is completed.
13:17:43 INFO  : Checking for BSP changes to sync application flags for project 'mb_blink'...
13:17:44 INFO  : 'after 3000' command is executed.
13:17:44 INFO  : Context for processor 'microblaze_0' is selected.
13:17:44 INFO  : The application 'C:/Users/steff/Downloads/ece385git/lab6/workspace/mb_blink/Debug/mb_blink.elf' is downloaded to processor 'microblaze_0'.
13:17:44 INFO  : ----------------XSDB Script----------------
connect -url tcp:127.0.0.1:3121
targets -set -filter {jtag_cable_name =~ "RealDigital Boo 887429230257A" && level==0 && jtag_device_ctx=="jsn1-0362f093-0"}
fpga -file C:/Users/steff/Downloads/ece385git/lab6/workspace/mb_blink/_ide/bitstream/mb_intro_top.bit
targets -set -nocase -filter {name =~ "*microblaze*#0" && bscan=="USER2" }
loadhw -hw C:/Users/steff/Downloads/ece385git/lab6/workspace/mb_intro_top/export/mb_intro_top/hw/mb_intro_top.xsa -regs
configparams mdm-detect-bscan-mask 2
targets -set -nocase -filter {name =~ "*microblaze*#0" && bscan=="USER2" }
rst -system
after 3000
targets -set -nocase -filter {name =~ "*microblaze*#0" && bscan=="USER2" }
dow C:/Users/steff/Downloads/ece385git/lab6/workspace/mb_blink/Debug/mb_blink.elf
----------------End of Script----------------

13:17:44 INFO  : Context for processor 'microblaze_0' is selected.
13:17:44 INFO  : 'con' command is executed.
13:17:44 INFO  : ----------------XSDB Script (After Launch)----------------
targets -set -nocase -filter {name =~ "*microblaze*#0" && bscan=="USER2" }
con
----------------End of Script----------------

13:17:44 INFO  : Disconnected from the channel tcfchan#7.
13:17:53 INFO  : Checking for BSP changes to sync application flags for project 'mb_blink'...
13:17:58 INFO  : Connected to target on host '127.0.0.1' and port '3121'.
13:17:58 INFO  : Jtag cable 'RealDigital Boo 887429230257A' is selected.
13:17:58 INFO  : 'jtag frequency' command is executed.
13:17:58 INFO  : 'targets -set -filter {jtag_cable_name =~ "RealDigital Boo 887429230257A" && level==0 && jtag_device_ctx=="jsn1-0362f093-0"}' command is executed.
13:18:00 INFO  : Device configured successfully with "C:/Users/steff/Downloads/ece385git/lab6/workspace/mb_blink/_ide/bitstream/mb_intro_top.bit"
13:18:00 INFO  : Context for processor 'microblaze_0' is selected.
13:18:00 INFO  : Hardware design and registers information is loaded from 'C:/Users/steff/Downloads/ece385git/lab6/workspace/mb_intro_top/export/mb_intro_top/hw/mb_intro_top.xsa'.
13:18:00 INFO  : 'configparams mdm-detect-bscan-mask 2' command is executed.
13:18:00 INFO  : Context for processor 'microblaze_0' is selected.
13:18:00 INFO  : System reset is completed.
13:18:03 INFO  : 'after 3000' command is executed.
13:18:03 INFO  : Context for processor 'microblaze_0' is selected.
13:18:03 INFO  : The application 'C:/Users/steff/Downloads/ece385git/lab6/workspace/mb_blink/Debug/mb_blink.elf' is downloaded to processor 'microblaze_0'.
13:18:03 INFO  : ----------------XSDB Script----------------
connect -url tcp:127.0.0.1:3121
targets -set -filter {jtag_cable_name =~ "RealDigital Boo 887429230257A" && level==0 && jtag_device_ctx=="jsn1-0362f093-0"}
fpga -file C:/Users/steff/Downloads/ece385git/lab6/workspace/mb_blink/_ide/bitstream/mb_intro_top.bit
targets -set -nocase -filter {name =~ "*microblaze*#0" && bscan=="USER2" }
loadhw -hw C:/Users/steff/Downloads/ece385git/lab6/workspace/mb_intro_top/export/mb_intro_top/hw/mb_intro_top.xsa -regs
configparams mdm-detect-bscan-mask 2
targets -set -nocase -filter {name =~ "*microblaze*#0" && bscan=="USER2" }
rst -system
after 3000
targets -set -nocase -filter {name =~ "*microblaze*#0" && bscan=="USER2" }
dow C:/Users/steff/Downloads/ece385git/lab6/workspace/mb_blink/Debug/mb_blink.elf
----------------End of Script----------------

13:18:03 INFO  : Context for processor 'microblaze_0' is selected.
13:18:03 INFO  : 'con' command is executed.
13:18:03 INFO  : ----------------XSDB Script (After Launch)----------------
targets -set -nocase -filter {name =~ "*microblaze*#0" && bscan=="USER2" }
con
----------------End of Script----------------

13:18:03 INFO  : Disconnected from the channel tcfchan#8.
13:18:35 INFO  : Checking for BSP changes to sync application flags for project 'mb_blink'...
13:18:43 INFO  : Connected to target on host '127.0.0.1' and port '3121'.
13:18:43 INFO  : Jtag cable 'RealDigital Boo 887429230257A' is selected.
13:18:43 INFO  : 'jtag frequency' command is executed.
13:18:43 INFO  : 'targets -set -filter {jtag_cable_name =~ "RealDigital Boo 887429230257A" && level==0 && jtag_device_ctx=="jsn1-0362f093-0"}' command is executed.
13:18:45 INFO  : Device configured successfully with "C:/Users/steff/Downloads/ece385git/lab6/workspace/mb_blink/_ide/bitstream/mb_intro_top.bit"
13:18:45 INFO  : Context for processor 'microblaze_0' is selected.
13:18:45 INFO  : Hardware design and registers information is loaded from 'C:/Users/steff/Downloads/ece385git/lab6/workspace/mb_intro_top/export/mb_intro_top/hw/mb_intro_top.xsa'.
13:18:45 INFO  : 'configparams mdm-detect-bscan-mask 2' command is executed.
13:18:45 INFO  : Context for processor 'microblaze_0' is selected.
13:18:45 INFO  : System reset is completed.
13:18:48 INFO  : 'after 3000' command is executed.
13:18:48 INFO  : Context for processor 'microblaze_0' is selected.
13:18:48 INFO  : The application 'C:/Users/steff/Downloads/ece385git/lab6/workspace/mb_blink/Debug/mb_blink.elf' is downloaded to processor 'microblaze_0'.
13:18:48 INFO  : ----------------XSDB Script----------------
connect -url tcp:127.0.0.1:3121
targets -set -filter {jtag_cable_name =~ "RealDigital Boo 887429230257A" && level==0 && jtag_device_ctx=="jsn1-0362f093-0"}
fpga -file C:/Users/steff/Downloads/ece385git/lab6/workspace/mb_blink/_ide/bitstream/mb_intro_top.bit
targets -set -nocase -filter {name =~ "*microblaze*#0" && bscan=="USER2" }
loadhw -hw C:/Users/steff/Downloads/ece385git/lab6/workspace/mb_intro_top/export/mb_intro_top/hw/mb_intro_top.xsa -regs
configparams mdm-detect-bscan-mask 2
targets -set -nocase -filter {name =~ "*microblaze*#0" && bscan=="USER2" }
rst -system
after 3000
targets -set -nocase -filter {name =~ "*microblaze*#0" && bscan=="USER2" }
dow C:/Users/steff/Downloads/ece385git/lab6/workspace/mb_blink/Debug/mb_blink.elf
----------------End of Script----------------

13:18:48 INFO  : Context for processor 'microblaze_0' is selected.
13:18:48 INFO  : 'con' command is executed.
13:18:48 INFO  : ----------------XSDB Script (After Launch)----------------
targets -set -nocase -filter {name =~ "*microblaze*#0" && bscan=="USER2" }
con
----------------End of Script----------------

13:18:48 INFO  : Disconnected from the channel tcfchan#9.
13:21:04 INFO  : Checking for BSP changes to sync application flags for project 'mb_blink'...
13:21:10 INFO  : Connected to target on host '127.0.0.1' and port '3121'.
13:21:10 INFO  : Jtag cable 'RealDigital Boo 887429230257A' is selected.
13:21:10 INFO  : 'jtag frequency' command is executed.
13:21:10 INFO  : 'targets -set -filter {jtag_cable_name =~ "RealDigital Boo 887429230257A" && level==0 && jtag_device_ctx=="jsn1-0362f093-0"}' command is executed.
13:21:11 INFO  : Device configured successfully with "C:/Users/steff/Downloads/ece385git/lab6/workspace/mb_blink/_ide/bitstream/mb_intro_top.bit"
13:21:11 INFO  : Context for processor 'microblaze_0' is selected.
13:21:11 INFO  : Hardware design and registers information is loaded from 'C:/Users/steff/Downloads/ece385git/lab6/workspace/mb_intro_top/export/mb_intro_top/hw/mb_intro_top.xsa'.
13:21:11 INFO  : 'configparams mdm-detect-bscan-mask 2' command is executed.
13:21:11 INFO  : Context for processor 'microblaze_0' is selected.
13:21:11 INFO  : System reset is completed.
13:21:14 INFO  : 'after 3000' command is executed.
13:21:14 INFO  : Context for processor 'microblaze_0' is selected.
13:21:14 INFO  : The application 'C:/Users/steff/Downloads/ece385git/lab6/workspace/mb_blink/Debug/mb_blink.elf' is downloaded to processor 'microblaze_0'.
13:21:14 INFO  : ----------------XSDB Script----------------
connect -url tcp:127.0.0.1:3121
targets -set -filter {jtag_cable_name =~ "RealDigital Boo 887429230257A" && level==0 && jtag_device_ctx=="jsn1-0362f093-0"}
fpga -file C:/Users/steff/Downloads/ece385git/lab6/workspace/mb_blink/_ide/bitstream/mb_intro_top.bit
targets -set -nocase -filter {name =~ "*microblaze*#0" && bscan=="USER2" }
loadhw -hw C:/Users/steff/Downloads/ece385git/lab6/workspace/mb_intro_top/export/mb_intro_top/hw/mb_intro_top.xsa -regs
configparams mdm-detect-bscan-mask 2
targets -set -nocase -filter {name =~ "*microblaze*#0" && bscan=="USER2" }
rst -system
after 3000
targets -set -nocase -filter {name =~ "*microblaze*#0" && bscan=="USER2" }
dow C:/Users/steff/Downloads/ece385git/lab6/workspace/mb_blink/Debug/mb_blink.elf
----------------End of Script----------------

13:21:15 INFO  : Context for processor 'microblaze_0' is selected.
13:21:15 INFO  : 'con' command is executed.
13:21:15 INFO  : ----------------XSDB Script (After Launch)----------------
targets -set -nocase -filter {name =~ "*microblaze*#0" && bscan=="USER2" }
con
----------------End of Script----------------

13:21:15 INFO  : Disconnected from the channel tcfchan#10.
13:22:52 INFO  : Checking for BSP changes to sync application flags for project 'mb_blink'...
13:23:07 INFO  : Checking for BSP changes to sync application flags for project 'mb_blink'...
13:23:44 INFO  : Checking for BSP changes to sync application flags for project 'mb_blink'...
13:24:03 INFO  : Checking for BSP changes to sync application flags for project 'mb_blink'...
13:24:37 INFO  : Checking for BSP changes to sync application flags for project 'mb_blink'...
13:25:51 INFO  : Checking for BSP changes to sync application flags for project 'mb_blink'...
13:26:36 INFO  : Checking for BSP changes to sync application flags for project 'mb_blink'...
13:26:58 INFO  : Checking for BSP changes to sync application flags for project 'mb_blink'...
13:27:38 INFO  : Checking for BSP changes to sync application flags for project 'mb_blink'...
13:28:24 INFO  : Checking for BSP changes to sync application flags for project 'mb_blink'...
13:28:37 INFO  : Checking for BSP changes to sync application flags for project 'mb_blink'...
13:28:59 INFO  : Checking for BSP changes to sync application flags for project 'mb_blink'...
13:30:12 INFO  : Checking for BSP changes to sync application flags for project 'mb_blink'...
13:30:27 INFO  : Connected to target on host '127.0.0.1' and port '3121'.
13:30:28 INFO  : Jtag cable 'RealDigital Boo 887429230257A' is selected.
13:30:28 INFO  : 'jtag frequency' command is executed.
13:30:28 INFO  : 'targets -set -filter {jtag_cable_name =~ "RealDigital Boo 887429230257A" && level==0 && jtag_device_ctx=="jsn1-0362f093-0"}' command is executed.
13:30:29 INFO  : Device configured successfully with "C:/Users/steff/Downloads/ece385git/lab6/workspace/mb_blink/_ide/bitstream/mb_intro_top.bit"
13:30:29 INFO  : Context for processor 'microblaze_0' is selected.
13:30:29 INFO  : Hardware design and registers information is loaded from 'C:/Users/steff/Downloads/ece385git/lab6/workspace/mb_intro_top/export/mb_intro_top/hw/mb_intro_top.xsa'.
13:30:29 INFO  : 'configparams mdm-detect-bscan-mask 2' command is executed.
13:30:29 INFO  : Context for processor 'microblaze_0' is selected.
13:30:29 INFO  : System reset is completed.
13:30:32 INFO  : 'after 3000' command is executed.
13:30:32 INFO  : Context for processor 'microblaze_0' is selected.
13:30:32 INFO  : The application 'C:/Users/steff/Downloads/ece385git/lab6/workspace/mb_blink/Debug/mb_blink.elf' is downloaded to processor 'microblaze_0'.
13:30:32 INFO  : ----------------XSDB Script----------------
connect -url tcp:127.0.0.1:3121
targets -set -filter {jtag_cable_name =~ "RealDigital Boo 887429230257A" && level==0 && jtag_device_ctx=="jsn1-0362f093-0"}
fpga -file C:/Users/steff/Downloads/ece385git/lab6/workspace/mb_blink/_ide/bitstream/mb_intro_top.bit
targets -set -nocase -filter {name =~ "*microblaze*#0" && bscan=="USER2" }
loadhw -hw C:/Users/steff/Downloads/ece385git/lab6/workspace/mb_intro_top/export/mb_intro_top/hw/mb_intro_top.xsa -regs
configparams mdm-detect-bscan-mask 2
targets -set -nocase -filter {name =~ "*microblaze*#0" && bscan=="USER2" }
rst -system
after 3000
targets -set -nocase -filter {name =~ "*microblaze*#0" && bscan=="USER2" }
dow C:/Users/steff/Downloads/ece385git/lab6/workspace/mb_blink/Debug/mb_blink.elf
----------------End of Script----------------

13:30:32 INFO  : Context for processor 'microblaze_0' is selected.
13:30:32 INFO  : 'con' command is executed.
13:30:32 INFO  : ----------------XSDB Script (After Launch)----------------
targets -set -nocase -filter {name =~ "*microblaze*#0" && bscan=="USER2" }
con
----------------End of Script----------------

13:30:32 INFO  : Disconnected from the channel tcfchan#11.
13:32:01 INFO  : Hardware specification for platform project 'mb_intro_top' is updated.
13:32:13 INFO  : Result from executing command 'getProjects': mb_intro_top
13:32:13 INFO  : Result from executing command 'getPlatforms': mb_intro_top|C:/Users/steff/Downloads/ece385git/lab6/workspace/mb_intro_top/export/mb_intro_top/mb_intro_top.xpfm
13:32:13 INFO  : Checking for BSP changes to sync application flags for project 'mb_blink'...
13:32:14 INFO  : The hardware specification used by project 'mb_blink' is out of sync with the platform. Resource files extracted from the hardware specification will be updated.
13:32:14 INFO  : The file 'C:\Users\steff\Downloads\ece385git\lab6\workspace\mb_blink\_ide\bitstream\mb_intro_top.bit' stored in project is removed.
13:32:14 INFO  : The file 'C:\Users\steff\Downloads\ece385git\lab6\workspace\mb_blink\_ide\bitstream\mb_intro_top.mmi' stored in project is removed.
13:32:14 INFO  : The updated bitstream files are copied from platform to folder 'C:\Users\steff\Downloads\ece385git\lab6\workspace\mb_blink\_ide\bitstream' in project 'mb_blink'.
13:32:18 INFO  : Connected to target on host '127.0.0.1' and port '3121'.
13:32:18 INFO  : Jtag cable 'RealDigital Boo 887429230257A' is selected.
13:32:18 INFO  : 'jtag frequency' command is executed.
13:32:19 INFO  : 'targets -set -filter {jtag_cable_name =~ "RealDigital Boo 887429230257A" && level==0 && jtag_device_ctx=="jsn1-0362f093-0"}' command is executed.
13:32:20 INFO  : Device configured successfully with "C:/Users/steff/Downloads/ece385git/lab6/workspace/mb_blink/_ide/bitstream/mb_intro_top.bit"
13:32:20 INFO  : Context for processor 'microblaze_0' is selected.
13:32:20 INFO  : Hardware design and registers information is loaded from 'C:/Users/steff/Downloads/ece385git/lab6/workspace/mb_intro_top/export/mb_intro_top/hw/mb_intro_top.xsa'.
13:32:20 INFO  : 'configparams mdm-detect-bscan-mask 2' command is executed.
13:32:20 INFO  : Context for processor 'microblaze_0' is selected.
13:32:20 INFO  : System reset is completed.
13:32:23 INFO  : 'after 3000' command is executed.
13:32:23 INFO  : Context for processor 'microblaze_0' is selected.
13:32:23 INFO  : The application 'C:/Users/steff/Downloads/ece385git/lab6/workspace/mb_blink/Debug/mb_blink.elf' is downloaded to processor 'microblaze_0'.
13:32:23 INFO  : ----------------XSDB Script----------------
connect -url tcp:127.0.0.1:3121
targets -set -filter {jtag_cable_name =~ "RealDigital Boo 887429230257A" && level==0 && jtag_device_ctx=="jsn1-0362f093-0"}
fpga -file C:/Users/steff/Downloads/ece385git/lab6/workspace/mb_blink/_ide/bitstream/mb_intro_top.bit
targets -set -nocase -filter {name =~ "*microblaze*#0" && bscan=="USER2" }
loadhw -hw C:/Users/steff/Downloads/ece385git/lab6/workspace/mb_intro_top/export/mb_intro_top/hw/mb_intro_top.xsa -regs
configparams mdm-detect-bscan-mask 2
targets -set -nocase -filter {name =~ "*microblaze*#0" && bscan=="USER2" }
rst -system
after 3000
targets -set -nocase -filter {name =~ "*microblaze*#0" && bscan=="USER2" }
dow C:/Users/steff/Downloads/ece385git/lab6/workspace/mb_blink/Debug/mb_blink.elf
----------------End of Script----------------

13:32:23 INFO  : Context for processor 'microblaze_0' is selected.
13:32:23 INFO  : 'con' command is executed.
13:32:23 INFO  : ----------------XSDB Script (After Launch)----------------
targets -set -nocase -filter {name =~ "*microblaze*#0" && bscan=="USER2" }
con
----------------End of Script----------------

13:32:23 INFO  : Disconnected from the channel tcfchan#13.
13:33:12 INFO  : Checking for BSP changes to sync application flags for project 'mb_blink'...
13:33:19 INFO  : Connected to target on host '127.0.0.1' and port '3121'.
13:33:19 INFO  : Jtag cable 'RealDigital Boo 887429230257A' is selected.
13:33:19 INFO  : 'jtag frequency' command is executed.
13:33:19 INFO  : 'targets -set -filter {jtag_cable_name =~ "RealDigital Boo 887429230257A" && level==0 && jtag_device_ctx=="jsn1-0362f093-0"}' command is executed.
13:33:20 INFO  : Device configured successfully with "C:/Users/steff/Downloads/ece385git/lab6/workspace/mb_blink/_ide/bitstream/mb_intro_top.bit"
13:33:20 INFO  : Context for processor 'microblaze_0' is selected.
13:33:20 INFO  : Hardware design and registers information is loaded from 'C:/Users/steff/Downloads/ece385git/lab6/workspace/mb_intro_top/export/mb_intro_top/hw/mb_intro_top.xsa'.
13:33:20 INFO  : 'configparams mdm-detect-bscan-mask 2' command is executed.
13:33:20 INFO  : Context for processor 'microblaze_0' is selected.
13:33:20 INFO  : System reset is completed.
13:33:23 INFO  : 'after 3000' command is executed.
13:33:23 INFO  : Context for processor 'microblaze_0' is selected.
13:33:23 INFO  : The application 'C:/Users/steff/Downloads/ece385git/lab6/workspace/mb_blink/Debug/mb_blink.elf' is downloaded to processor 'microblaze_0'.
13:33:23 INFO  : ----------------XSDB Script----------------
connect -url tcp:127.0.0.1:3121
targets -set -filter {jtag_cable_name =~ "RealDigital Boo 887429230257A" && level==0 && jtag_device_ctx=="jsn1-0362f093-0"}
fpga -file C:/Users/steff/Downloads/ece385git/lab6/workspace/mb_blink/_ide/bitstream/mb_intro_top.bit
targets -set -nocase -filter {name =~ "*microblaze*#0" && bscan=="USER2" }
loadhw -hw C:/Users/steff/Downloads/ece385git/lab6/workspace/mb_intro_top/export/mb_intro_top/hw/mb_intro_top.xsa -regs
configparams mdm-detect-bscan-mask 2
targets -set -nocase -filter {name =~ "*microblaze*#0" && bscan=="USER2" }
rst -system
after 3000
targets -set -nocase -filter {name =~ "*microblaze*#0" && bscan=="USER2" }
dow C:/Users/steff/Downloads/ece385git/lab6/workspace/mb_blink/Debug/mb_blink.elf
----------------End of Script----------------

13:33:23 INFO  : Context for processor 'microblaze_0' is selected.
13:33:23 INFO  : 'con' command is executed.
13:33:23 INFO  : ----------------XSDB Script (After Launch)----------------
targets -set -nocase -filter {name =~ "*microblaze*#0" && bscan=="USER2" }
con
----------------End of Script----------------

13:33:23 INFO  : Disconnected from the channel tcfchan#14.
13:33:58 INFO  : Checking for BSP changes to sync application flags for project 'mb_blink'...
13:34:03 INFO  : Connected to target on host '127.0.0.1' and port '3121'.
13:34:03 INFO  : Jtag cable 'RealDigital Boo 887429230257A' is selected.
13:34:03 INFO  : 'jtag frequency' command is executed.
13:34:03 INFO  : 'targets -set -filter {jtag_cable_name =~ "RealDigital Boo 887429230257A" && level==0 && jtag_device_ctx=="jsn1-0362f093-0"}' command is executed.
13:34:04 INFO  : Device configured successfully with "C:/Users/steff/Downloads/ece385git/lab6/workspace/mb_blink/_ide/bitstream/mb_intro_top.bit"
13:34:04 INFO  : Context for processor 'microblaze_0' is selected.
13:34:04 INFO  : Hardware design and registers information is loaded from 'C:/Users/steff/Downloads/ece385git/lab6/workspace/mb_intro_top/export/mb_intro_top/hw/mb_intro_top.xsa'.
13:34:04 INFO  : 'configparams mdm-detect-bscan-mask 2' command is executed.
13:34:04 INFO  : Context for processor 'microblaze_0' is selected.
13:34:04 INFO  : System reset is completed.
13:34:07 INFO  : 'after 3000' command is executed.
13:34:07 INFO  : Context for processor 'microblaze_0' is selected.
13:34:07 INFO  : The application 'C:/Users/steff/Downloads/ece385git/lab6/workspace/mb_blink/Debug/mb_blink.elf' is downloaded to processor 'microblaze_0'.
13:34:07 INFO  : ----------------XSDB Script----------------
connect -url tcp:127.0.0.1:3121
targets -set -filter {jtag_cable_name =~ "RealDigital Boo 887429230257A" && level==0 && jtag_device_ctx=="jsn1-0362f093-0"}
fpga -file C:/Users/steff/Downloads/ece385git/lab6/workspace/mb_blink/_ide/bitstream/mb_intro_top.bit
targets -set -nocase -filter {name =~ "*microblaze*#0" && bscan=="USER2" }
loadhw -hw C:/Users/steff/Downloads/ece385git/lab6/workspace/mb_intro_top/export/mb_intro_top/hw/mb_intro_top.xsa -regs
configparams mdm-detect-bscan-mask 2
targets -set -nocase -filter {name =~ "*microblaze*#0" && bscan=="USER2" }
rst -system
after 3000
targets -set -nocase -filter {name =~ "*microblaze*#0" && bscan=="USER2" }
dow C:/Users/steff/Downloads/ece385git/lab6/workspace/mb_blink/Debug/mb_blink.elf
----------------End of Script----------------

13:34:07 INFO  : Context for processor 'microblaze_0' is selected.
13:34:07 INFO  : 'con' command is executed.
13:34:07 INFO  : ----------------XSDB Script (After Launch)----------------
targets -set -nocase -filter {name =~ "*microblaze*#0" && bscan=="USER2" }
con
----------------End of Script----------------

13:34:08 INFO  : Disconnected from the channel tcfchan#15.
13:36:35 INFO  : Checking for BSP changes to sync application flags for project 'mb_blink'...
13:36:39 INFO  : Connected to target on host '127.0.0.1' and port '3121'.
13:36:39 INFO  : Jtag cable 'RealDigital Boo 887429230257A' is selected.
13:36:39 INFO  : 'jtag frequency' command is executed.
13:36:39 INFO  : 'targets -set -filter {jtag_cable_name =~ "RealDigital Boo 887429230257A" && level==0 && jtag_device_ctx=="jsn1-0362f093-0"}' command is executed.
13:36:41 INFO  : Device configured successfully with "C:/Users/steff/Downloads/ece385git/lab6/workspace/mb_blink/_ide/bitstream/mb_intro_top.bit"
13:36:41 INFO  : Context for processor 'microblaze_0' is selected.
13:36:41 INFO  : Hardware design and registers information is loaded from 'C:/Users/steff/Downloads/ece385git/lab6/workspace/mb_intro_top/export/mb_intro_top/hw/mb_intro_top.xsa'.
13:36:41 INFO  : 'configparams mdm-detect-bscan-mask 2' command is executed.
13:36:41 INFO  : Context for processor 'microblaze_0' is selected.
13:36:41 INFO  : System reset is completed.
13:36:44 INFO  : 'after 3000' command is executed.
13:36:44 INFO  : Context for processor 'microblaze_0' is selected.
13:36:44 INFO  : The application 'C:/Users/steff/Downloads/ece385git/lab6/workspace/mb_blink/Debug/mb_blink.elf' is downloaded to processor 'microblaze_0'.
13:36:44 INFO  : ----------------XSDB Script----------------
connect -url tcp:127.0.0.1:3121
targets -set -filter {jtag_cable_name =~ "RealDigital Boo 887429230257A" && level==0 && jtag_device_ctx=="jsn1-0362f093-0"}
fpga -file C:/Users/steff/Downloads/ece385git/lab6/workspace/mb_blink/_ide/bitstream/mb_intro_top.bit
targets -set -nocase -filter {name =~ "*microblaze*#0" && bscan=="USER2" }
loadhw -hw C:/Users/steff/Downloads/ece385git/lab6/workspace/mb_intro_top/export/mb_intro_top/hw/mb_intro_top.xsa -regs
configparams mdm-detect-bscan-mask 2
targets -set -nocase -filter {name =~ "*microblaze*#0" && bscan=="USER2" }
rst -system
after 3000
targets -set -nocase -filter {name =~ "*microblaze*#0" && bscan=="USER2" }
dow C:/Users/steff/Downloads/ece385git/lab6/workspace/mb_blink/Debug/mb_blink.elf
----------------End of Script----------------

13:36:44 INFO  : Context for processor 'microblaze_0' is selected.
13:36:44 INFO  : 'con' command is executed.
13:36:44 INFO  : ----------------XSDB Script (After Launch)----------------
targets -set -nocase -filter {name =~ "*microblaze*#0" && bscan=="USER2" }
con
----------------End of Script----------------

13:36:44 INFO  : Disconnected from the channel tcfchan#16.
13:37:45 INFO  : Connected to target on host '127.0.0.1' and port '3121'.
13:37:45 INFO  : Jtag cable 'RealDigital Boo 887429230257A' is selected.
13:37:45 INFO  : 'jtag frequency' command is executed.
13:37:45 INFO  : 'targets -set -filter {jtag_cable_name =~ "RealDigital Boo 887429230257A" && level==0 && jtag_device_ctx=="jsn1-0362f093-0"}' command is executed.
13:37:47 INFO  : Device configured successfully with "C:/Users/steff/Downloads/ece385git/lab6/workspace/mb_blink/_ide/bitstream/mb_intro_top.bit"
13:37:47 INFO  : Context for processor 'microblaze_0' is selected.
13:37:47 INFO  : Hardware design and registers information is loaded from 'C:/Users/steff/Downloads/ece385git/lab6/workspace/mb_intro_top/export/mb_intro_top/hw/mb_intro_top.xsa'.
13:37:47 INFO  : 'configparams mdm-detect-bscan-mask 2' command is executed.
13:37:47 INFO  : Context for processor 'microblaze_0' is selected.
13:37:47 INFO  : System reset is completed.
13:37:49 INFO  : Checking for BSP changes to sync application flags for project 'mb_blink'...
13:37:50 INFO  : 'after 3000' command is executed.
13:37:50 INFO  : Context for processor 'microblaze_0' is selected.
13:37:50 INFO  : The application 'C:/Users/steff/Downloads/ece385git/lab6/workspace/mb_blink/Debug/mb_blink.elf' is downloaded to processor 'microblaze_0'.
13:37:50 INFO  : ----------------XSDB Script----------------
connect -url tcp:127.0.0.1:3121
targets -set -filter {jtag_cable_name =~ "RealDigital Boo 887429230257A" && level==0 && jtag_device_ctx=="jsn1-0362f093-0"}
fpga -file C:/Users/steff/Downloads/ece385git/lab6/workspace/mb_blink/_ide/bitstream/mb_intro_top.bit
targets -set -nocase -filter {name =~ "*microblaze*#0" && bscan=="USER2" }
loadhw -hw C:/Users/steff/Downloads/ece385git/lab6/workspace/mb_intro_top/export/mb_intro_top/hw/mb_intro_top.xsa -regs
configparams mdm-detect-bscan-mask 2
targets -set -nocase -filter {name =~ "*microblaze*#0" && bscan=="USER2" }
rst -system
after 3000
targets -set -nocase -filter {name =~ "*microblaze*#0" && bscan=="USER2" }
dow C:/Users/steff/Downloads/ece385git/lab6/workspace/mb_blink/Debug/mb_blink.elf
----------------End of Script----------------

13:37:50 INFO  : Context for processor 'microblaze_0' is selected.
13:37:50 INFO  : 'con' command is executed.
13:37:50 INFO  : ----------------XSDB Script (After Launch)----------------
targets -set -nocase -filter {name =~ "*microblaze*#0" && bscan=="USER2" }
con
----------------End of Script----------------

13:37:50 INFO  : Disconnected from the channel tcfchan#17.
13:37:52 INFO  : Connected to target on host '127.0.0.1' and port '3121'.
13:37:52 INFO  : Jtag cable 'RealDigital Boo 887429230257A' is selected.
13:37:52 INFO  : 'jtag frequency' command is executed.
13:37:55 ERROR : no targets found with "jtag_cable_name =~ "RealDigital Boo 887429230257A" && level==0 && jtag_device_ctx=="jsn1-0362f093-0"". available targets:
  1  xc7s50
     2  MicroBlaze Debug Module at USER2
        3  MicroBlaze #0 (Running)
13:37:55 ERROR : Exception occured while running Program Device.
java.lang.RuntimeException: no targets found with "jtag_cable_name =~ "RealDigital Boo 887429230257A" && level==0 && jtag_device_ctx=="jsn1-0362f093-0"". available targets:
  1  xc7s50
     2  MicroBlaze Debug Module at USER2
        3  MicroBlaze #0 (Running)
13:37:55 INFO  : ----------------XSDB Script----------------
connect -url tcp:127.0.0.1:3121
----------------End of Script----------------

13:37:55 ERROR : no targets found with "jtag_cable_name =~ "RealDigital Boo 887429230257A" && level==0 && jtag_device_ctx=="jsn1-0362f093-0"". available targets:
  1  xc7s50
     2  MicroBlaze Debug Module at USER2
        3  MicroBlaze #0 (Running)
13:38:03 INFO  : Checking for BSP changes to sync application flags for project 'mb_blink'...
13:38:07 INFO  : Connected to target on host '127.0.0.1' and port '3121'.
13:38:07 INFO  : Jtag cable 'RealDigital Boo 887429230257A' is selected.
13:38:07 INFO  : 'jtag frequency' command is executed.
13:38:10 ERROR : no targets found with "jtag_cable_name =~ "RealDigital Boo 887429230257A" && level==0 && jtag_device_ctx=="jsn1-0362f093-0"". available targets:
  1  xc7s50
     2  MicroBlaze Debug Module at USER2
        3  MicroBlaze #0 (Running)
13:38:10 ERROR : Exception occured while running Program Device.
java.lang.RuntimeException: no targets found with "jtag_cable_name =~ "RealDigital Boo 887429230257A" && level==0 && jtag_device_ctx=="jsn1-0362f093-0"". available targets:
  1  xc7s50
     2  MicroBlaze Debug Module at USER2
        3  MicroBlaze #0 (Running)
13:38:10 INFO  : ----------------XSDB Script----------------
connect -url tcp:127.0.0.1:3121
----------------End of Script----------------

13:38:10 ERROR : no targets found with "jtag_cable_name =~ "RealDigital Boo 887429230257A" && level==0 && jtag_device_ctx=="jsn1-0362f093-0"". available targets:
  1  xc7s50
     2  MicroBlaze Debug Module at USER2
        3  MicroBlaze #0 (Running)
13:38:25 DEBUG : Logs will be stored at 'C:/Users/steff/Downloads/ece385git/lab6/workspace/IDE.log'.
13:38:26 INFO  : Launching XSCT server: xsct.bat -n  -interactive C:\Users\steff\Downloads\ece385git\lab6\workspace\temp_xsdb_launch_script.tcl
13:38:28 INFO  : XSCT server has started successfully.
13:38:28 INFO  : plnx-install-location is set to ''
13:38:28 INFO  : Successfully done setting XSCT server connection channel  
13:38:28 INFO  : Successfully done setting workspace for the tool. 
13:38:28 INFO  : Platform repository initialization has completed.
13:38:28 INFO  : Successfully done query RDI_DATADIR 
13:38:28 INFO  : Registering command handlers for Vitis TCF services
13:38:35 INFO  : Checking for BSP changes to sync application flags for project 'mb_blink'...
13:38:41 INFO  : Connected to target on host '127.0.0.1' and port '3121'.
13:38:41 INFO  : Jtag cable 'RealDigital Boo 887429230257A' is selected.
13:38:41 INFO  : 'jtag frequency' command is executed.
13:38:41 INFO  : 'targets -set -filter {jtag_cable_name =~ "RealDigital Boo 887429230257A" && level==0 && jtag_device_ctx=="jsn1-0362f093-0"}' command is executed.
13:38:42 INFO  : Device configured successfully with "C:/Users/steff/Downloads/ece385git/lab6/workspace/mb_blink/_ide/bitstream/mb_intro_top.bit"
13:38:42 INFO  : Context for processor 'microblaze_0' is selected.
13:38:42 INFO  : Hardware design and registers information is loaded from 'C:/Users/steff/Downloads/ece385git/lab6/workspace/mb_intro_top/export/mb_intro_top/hw/mb_intro_top.xsa'.
13:38:42 INFO  : 'configparams mdm-detect-bscan-mask 2' command is executed.
13:38:42 INFO  : Context for processor 'microblaze_0' is selected.
13:38:42 INFO  : System reset is completed.
13:38:45 INFO  : 'after 3000' command is executed.
13:38:45 INFO  : Context for processor 'microblaze_0' is selected.
13:38:45 INFO  : The application 'C:/Users/steff/Downloads/ece385git/lab6/workspace/mb_blink/Debug/mb_blink.elf' is downloaded to processor 'microblaze_0'.
13:38:45 INFO  : ----------------XSDB Script----------------
connect -url tcp:127.0.0.1:3121
targets -set -filter {jtag_cable_name =~ "RealDigital Boo 887429230257A" && level==0 && jtag_device_ctx=="jsn1-0362f093-0"}
fpga -file C:/Users/steff/Downloads/ece385git/lab6/workspace/mb_blink/_ide/bitstream/mb_intro_top.bit
targets -set -nocase -filter {name =~ "*microblaze*#0" && bscan=="USER2" }
loadhw -hw C:/Users/steff/Downloads/ece385git/lab6/workspace/mb_intro_top/export/mb_intro_top/hw/mb_intro_top.xsa -regs
configparams mdm-detect-bscan-mask 2
targets -set -nocase -filter {name =~ "*microblaze*#0" && bscan=="USER2" }
rst -system
after 3000
targets -set -nocase -filter {name =~ "*microblaze*#0" && bscan=="USER2" }
dow C:/Users/steff/Downloads/ece385git/lab6/workspace/mb_blink/Debug/mb_blink.elf
----------------End of Script----------------

13:38:45 INFO  : Context for processor 'microblaze_0' is selected.
13:38:45 INFO  : 'con' command is executed.
13:38:45 INFO  : ----------------XSDB Script (After Launch)----------------
targets -set -nocase -filter {name =~ "*microblaze*#0" && bscan=="USER2" }
con
----------------End of Script----------------

13:38:45 INFO  : Disconnected from the channel tcfchan#1.
13:39:17 INFO  : Checking for BSP changes to sync application flags for project 'mb_blink'...
13:39:21 INFO  : Connected to target on host '127.0.0.1' and port '3121'.
13:39:21 INFO  : Jtag cable 'RealDigital Boo 887429230257A' is selected.
13:39:21 INFO  : 'jtag frequency' command is executed.
13:39:21 INFO  : 'targets -set -filter {jtag_cable_name =~ "RealDigital Boo 887429230257A" && level==0 && jtag_device_ctx=="jsn1-0362f093-0"}' command is executed.
13:39:22 INFO  : Device configured successfully with "C:/Users/steff/Downloads/ece385git/lab6/workspace/mb_blink/_ide/bitstream/mb_intro_top.bit"
13:39:22 INFO  : Context for processor 'microblaze_0' is selected.
13:39:22 INFO  : Hardware design and registers information is loaded from 'C:/Users/steff/Downloads/ece385git/lab6/workspace/mb_intro_top/export/mb_intro_top/hw/mb_intro_top.xsa'.
13:39:22 INFO  : 'configparams mdm-detect-bscan-mask 2' command is executed.
13:39:22 INFO  : Context for processor 'microblaze_0' is selected.
13:39:22 INFO  : System reset is completed.
13:39:25 INFO  : 'after 3000' command is executed.
13:39:25 INFO  : Context for processor 'microblaze_0' is selected.
13:39:25 INFO  : The application 'C:/Users/steff/Downloads/ece385git/lab6/workspace/mb_blink/Debug/mb_blink.elf' is downloaded to processor 'microblaze_0'.
13:39:25 INFO  : ----------------XSDB Script----------------
connect -url tcp:127.0.0.1:3121
targets -set -filter {jtag_cable_name =~ "RealDigital Boo 887429230257A" && level==0 && jtag_device_ctx=="jsn1-0362f093-0"}
fpga -file C:/Users/steff/Downloads/ece385git/lab6/workspace/mb_blink/_ide/bitstream/mb_intro_top.bit
targets -set -nocase -filter {name =~ "*microblaze*#0" && bscan=="USER2" }
loadhw -hw C:/Users/steff/Downloads/ece385git/lab6/workspace/mb_intro_top/export/mb_intro_top/hw/mb_intro_top.xsa -regs
configparams mdm-detect-bscan-mask 2
targets -set -nocase -filter {name =~ "*microblaze*#0" && bscan=="USER2" }
rst -system
after 3000
targets -set -nocase -filter {name =~ "*microblaze*#0" && bscan=="USER2" }
dow C:/Users/steff/Downloads/ece385git/lab6/workspace/mb_blink/Debug/mb_blink.elf
----------------End of Script----------------

13:39:25 INFO  : Context for processor 'microblaze_0' is selected.
13:39:25 INFO  : 'con' command is executed.
13:39:25 INFO  : ----------------XSDB Script (After Launch)----------------
targets -set -nocase -filter {name =~ "*microblaze*#0" && bscan=="USER2" }
con
----------------End of Script----------------

13:39:25 INFO  : Disconnected from the channel tcfchan#2.
13:39:44 INFO  : Checking for BSP changes to sync application flags for project 'mb_blink'...
13:39:51 INFO  : Connected to target on host '127.0.0.1' and port '3121'.
13:39:51 INFO  : Jtag cable 'RealDigital Boo 887429230257A' is selected.
13:39:51 INFO  : 'jtag frequency' command is executed.
13:39:51 INFO  : 'targets -set -filter {jtag_cable_name =~ "RealDigital Boo 887429230257A" && level==0 && jtag_device_ctx=="jsn1-0362f093-0"}' command is executed.
13:39:52 INFO  : Device configured successfully with "C:/Users/steff/Downloads/ece385git/lab6/workspace/mb_blink/_ide/bitstream/mb_intro_top.bit"
13:39:52 INFO  : Context for processor 'microblaze_0' is selected.
13:39:52 INFO  : Hardware design and registers information is loaded from 'C:/Users/steff/Downloads/ece385git/lab6/workspace/mb_intro_top/export/mb_intro_top/hw/mb_intro_top.xsa'.
13:39:52 INFO  : 'configparams mdm-detect-bscan-mask 2' command is executed.
13:39:52 INFO  : Context for processor 'microblaze_0' is selected.
13:39:52 INFO  : System reset is completed.
13:39:55 INFO  : 'after 3000' command is executed.
13:39:55 INFO  : Context for processor 'microblaze_0' is selected.
13:39:55 INFO  : The application 'C:/Users/steff/Downloads/ece385git/lab6/workspace/mb_blink/Debug/mb_blink.elf' is downloaded to processor 'microblaze_0'.
13:39:55 INFO  : ----------------XSDB Script----------------
connect -url tcp:127.0.0.1:3121
targets -set -filter {jtag_cable_name =~ "RealDigital Boo 887429230257A" && level==0 && jtag_device_ctx=="jsn1-0362f093-0"}
fpga -file C:/Users/steff/Downloads/ece385git/lab6/workspace/mb_blink/_ide/bitstream/mb_intro_top.bit
targets -set -nocase -filter {name =~ "*microblaze*#0" && bscan=="USER2" }
loadhw -hw C:/Users/steff/Downloads/ece385git/lab6/workspace/mb_intro_top/export/mb_intro_top/hw/mb_intro_top.xsa -regs
configparams mdm-detect-bscan-mask 2
targets -set -nocase -filter {name =~ "*microblaze*#0" && bscan=="USER2" }
rst -system
after 3000
targets -set -nocase -filter {name =~ "*microblaze*#0" && bscan=="USER2" }
dow C:/Users/steff/Downloads/ece385git/lab6/workspace/mb_blink/Debug/mb_blink.elf
----------------End of Script----------------

13:39:55 INFO  : Context for processor 'microblaze_0' is selected.
13:39:55 INFO  : 'con' command is executed.
13:39:55 INFO  : ----------------XSDB Script (After Launch)----------------
targets -set -nocase -filter {name =~ "*microblaze*#0" && bscan=="USER2" }
con
----------------End of Script----------------

13:39:55 INFO  : Disconnected from the channel tcfchan#3.
13:40:52 INFO  : Checking for BSP changes to sync application flags for project 'mb_blink'...
13:40:56 INFO  : Connected to target on host '127.0.0.1' and port '3121'.
13:40:56 INFO  : Jtag cable 'RealDigital Boo 887429230257A' is selected.
13:40:56 INFO  : 'jtag frequency' command is executed.
13:40:56 INFO  : 'targets -set -filter {jtag_cable_name =~ "RealDigital Boo 887429230257A" && level==0 && jtag_device_ctx=="jsn1-0362f093-0"}' command is executed.
13:40:57 INFO  : Device configured successfully with "C:/Users/steff/Downloads/ece385git/lab6/workspace/mb_blink/_ide/bitstream/mb_intro_top.bit"
13:40:57 INFO  : Context for processor 'microblaze_0' is selected.
13:40:57 INFO  : Hardware design and registers information is loaded from 'C:/Users/steff/Downloads/ece385git/lab6/workspace/mb_intro_top/export/mb_intro_top/hw/mb_intro_top.xsa'.
13:40:57 INFO  : 'configparams mdm-detect-bscan-mask 2' command is executed.
13:40:57 INFO  : Context for processor 'microblaze_0' is selected.
13:40:57 INFO  : System reset is completed.
13:41:00 INFO  : 'after 3000' command is executed.
13:41:00 INFO  : Context for processor 'microblaze_0' is selected.
13:41:00 INFO  : The application 'C:/Users/steff/Downloads/ece385git/lab6/workspace/mb_blink/Debug/mb_blink.elf' is downloaded to processor 'microblaze_0'.
13:41:00 INFO  : ----------------XSDB Script----------------
connect -url tcp:127.0.0.1:3121
targets -set -filter {jtag_cable_name =~ "RealDigital Boo 887429230257A" && level==0 && jtag_device_ctx=="jsn1-0362f093-0"}
fpga -file C:/Users/steff/Downloads/ece385git/lab6/workspace/mb_blink/_ide/bitstream/mb_intro_top.bit
targets -set -nocase -filter {name =~ "*microblaze*#0" && bscan=="USER2" }
loadhw -hw C:/Users/steff/Downloads/ece385git/lab6/workspace/mb_intro_top/export/mb_intro_top/hw/mb_intro_top.xsa -regs
configparams mdm-detect-bscan-mask 2
targets -set -nocase -filter {name =~ "*microblaze*#0" && bscan=="USER2" }
rst -system
after 3000
targets -set -nocase -filter {name =~ "*microblaze*#0" && bscan=="USER2" }
dow C:/Users/steff/Downloads/ece385git/lab6/workspace/mb_blink/Debug/mb_blink.elf
----------------End of Script----------------

13:41:00 INFO  : Context for processor 'microblaze_0' is selected.
13:41:00 INFO  : 'con' command is executed.
13:41:00 INFO  : ----------------XSDB Script (After Launch)----------------
targets -set -nocase -filter {name =~ "*microblaze*#0" && bscan=="USER2" }
con
----------------End of Script----------------

13:41:00 INFO  : Disconnected from the channel tcfchan#4.
13:44:13 INFO  : Checking for BSP changes to sync application flags for project 'mb_blink'...
13:44:18 INFO  : Connected to target on host '127.0.0.1' and port '3121'.
13:44:18 INFO  : Jtag cable 'RealDigital Boo 887429230257A' is selected.
13:44:18 INFO  : 'jtag frequency' command is executed.
13:44:18 INFO  : 'targets -set -filter {jtag_cable_name =~ "RealDigital Boo 887429230257A" && level==0 && jtag_device_ctx=="jsn1-0362f093-0"}' command is executed.
13:44:20 INFO  : Device configured successfully with "C:/Users/steff/Downloads/ece385git/lab6/workspace/mb_blink/_ide/bitstream/mb_intro_top.bit"
13:44:20 INFO  : Context for processor 'microblaze_0' is selected.
13:44:20 INFO  : Hardware design and registers information is loaded from 'C:/Users/steff/Downloads/ece385git/lab6/workspace/mb_intro_top/export/mb_intro_top/hw/mb_intro_top.xsa'.
13:44:20 INFO  : 'configparams mdm-detect-bscan-mask 2' command is executed.
13:44:20 INFO  : Context for processor 'microblaze_0' is selected.
13:44:20 INFO  : System reset is completed.
13:44:23 INFO  : 'after 3000' command is executed.
13:44:23 INFO  : Context for processor 'microblaze_0' is selected.
13:44:23 INFO  : The application 'C:/Users/steff/Downloads/ece385git/lab6/workspace/mb_blink/Debug/mb_blink.elf' is downloaded to processor 'microblaze_0'.
13:44:23 INFO  : ----------------XSDB Script----------------
connect -url tcp:127.0.0.1:3121
targets -set -filter {jtag_cable_name =~ "RealDigital Boo 887429230257A" && level==0 && jtag_device_ctx=="jsn1-0362f093-0"}
fpga -file C:/Users/steff/Downloads/ece385git/lab6/workspace/mb_blink/_ide/bitstream/mb_intro_top.bit
targets -set -nocase -filter {name =~ "*microblaze*#0" && bscan=="USER2" }
loadhw -hw C:/Users/steff/Downloads/ece385git/lab6/workspace/mb_intro_top/export/mb_intro_top/hw/mb_intro_top.xsa -regs
configparams mdm-detect-bscan-mask 2
targets -set -nocase -filter {name =~ "*microblaze*#0" && bscan=="USER2" }
rst -system
after 3000
targets -set -nocase -filter {name =~ "*microblaze*#0" && bscan=="USER2" }
dow C:/Users/steff/Downloads/ece385git/lab6/workspace/mb_blink/Debug/mb_blink.elf
----------------End of Script----------------

13:44:23 INFO  : Context for processor 'microblaze_0' is selected.
13:44:23 INFO  : 'con' command is executed.
13:44:23 INFO  : ----------------XSDB Script (After Launch)----------------
targets -set -nocase -filter {name =~ "*microblaze*#0" && bscan=="USER2" }
con
----------------End of Script----------------

13:44:23 INFO  : Disconnected from the channel tcfchan#5.
13:46:02 INFO  : Checking for BSP changes to sync application flags for project 'mb_blink'...
13:46:06 INFO  : Connected to target on host '127.0.0.1' and port '3121'.
13:46:06 INFO  : Jtag cable 'RealDigital Boo 887429230257A' is selected.
13:46:06 INFO  : 'jtag frequency' command is executed.
13:46:06 INFO  : 'targets -set -filter {jtag_cable_name =~ "RealDigital Boo 887429230257A" && level==0 && jtag_device_ctx=="jsn1-0362f093-0"}' command is executed.
13:46:07 INFO  : Device configured successfully with "C:/Users/steff/Downloads/ece385git/lab6/workspace/mb_blink/_ide/bitstream/mb_intro_top.bit"
13:46:08 INFO  : Context for processor 'microblaze_0' is selected.
13:46:08 INFO  : Hardware design and registers information is loaded from 'C:/Users/steff/Downloads/ece385git/lab6/workspace/mb_intro_top/export/mb_intro_top/hw/mb_intro_top.xsa'.
13:46:08 INFO  : 'configparams mdm-detect-bscan-mask 2' command is executed.
13:46:08 INFO  : Context for processor 'microblaze_0' is selected.
13:46:08 INFO  : System reset is completed.
13:46:11 INFO  : 'after 3000' command is executed.
13:46:11 INFO  : Context for processor 'microblaze_0' is selected.
13:46:11 INFO  : The application 'C:/Users/steff/Downloads/ece385git/lab6/workspace/mb_blink/Debug/mb_blink.elf' is downloaded to processor 'microblaze_0'.
13:46:11 INFO  : ----------------XSDB Script----------------
connect -url tcp:127.0.0.1:3121
targets -set -filter {jtag_cable_name =~ "RealDigital Boo 887429230257A" && level==0 && jtag_device_ctx=="jsn1-0362f093-0"}
fpga -file C:/Users/steff/Downloads/ece385git/lab6/workspace/mb_blink/_ide/bitstream/mb_intro_top.bit
targets -set -nocase -filter {name =~ "*microblaze*#0" && bscan=="USER2" }
loadhw -hw C:/Users/steff/Downloads/ece385git/lab6/workspace/mb_intro_top/export/mb_intro_top/hw/mb_intro_top.xsa -regs
configparams mdm-detect-bscan-mask 2
targets -set -nocase -filter {name =~ "*microblaze*#0" && bscan=="USER2" }
rst -system
after 3000
targets -set -nocase -filter {name =~ "*microblaze*#0" && bscan=="USER2" }
dow C:/Users/steff/Downloads/ece385git/lab6/workspace/mb_blink/Debug/mb_blink.elf
----------------End of Script----------------

13:46:11 INFO  : Context for processor 'microblaze_0' is selected.
13:46:11 INFO  : 'con' command is executed.
13:46:11 INFO  : ----------------XSDB Script (After Launch)----------------
targets -set -nocase -filter {name =~ "*microblaze*#0" && bscan=="USER2" }
con
----------------End of Script----------------

13:46:11 INFO  : Disconnected from the channel tcfchan#6.
13:48:15 INFO  : Checking for BSP changes to sync application flags for project 'mb_blink'...
13:48:19 INFO  : Connected to target on host '127.0.0.1' and port '3121'.
13:48:20 INFO  : Jtag cable 'RealDigital Boo 887429230257A' is selected.
13:48:20 INFO  : 'jtag frequency' command is executed.
13:48:20 INFO  : 'targets -set -filter {jtag_cable_name =~ "RealDigital Boo 887429230257A" && level==0 && jtag_device_ctx=="jsn1-0362f093-0"}' command is executed.
13:48:21 INFO  : Device configured successfully with "C:/Users/steff/Downloads/ece385git/lab6/workspace/mb_blink/_ide/bitstream/mb_intro_top.bit"
13:48:21 INFO  : Context for processor 'microblaze_0' is selected.
13:48:21 INFO  : Hardware design and registers information is loaded from 'C:/Users/steff/Downloads/ece385git/lab6/workspace/mb_intro_top/export/mb_intro_top/hw/mb_intro_top.xsa'.
13:48:21 INFO  : 'configparams mdm-detect-bscan-mask 2' command is executed.
13:48:21 INFO  : Context for processor 'microblaze_0' is selected.
13:48:21 INFO  : System reset is completed.
13:48:24 INFO  : 'after 3000' command is executed.
13:48:24 INFO  : Context for processor 'microblaze_0' is selected.
13:48:24 INFO  : The application 'C:/Users/steff/Downloads/ece385git/lab6/workspace/mb_blink/Debug/mb_blink.elf' is downloaded to processor 'microblaze_0'.
13:48:24 INFO  : ----------------XSDB Script----------------
connect -url tcp:127.0.0.1:3121
targets -set -filter {jtag_cable_name =~ "RealDigital Boo 887429230257A" && level==0 && jtag_device_ctx=="jsn1-0362f093-0"}
fpga -file C:/Users/steff/Downloads/ece385git/lab6/workspace/mb_blink/_ide/bitstream/mb_intro_top.bit
targets -set -nocase -filter {name =~ "*microblaze*#0" && bscan=="USER2" }
loadhw -hw C:/Users/steff/Downloads/ece385git/lab6/workspace/mb_intro_top/export/mb_intro_top/hw/mb_intro_top.xsa -regs
configparams mdm-detect-bscan-mask 2
targets -set -nocase -filter {name =~ "*microblaze*#0" && bscan=="USER2" }
rst -system
after 3000
targets -set -nocase -filter {name =~ "*microblaze*#0" && bscan=="USER2" }
dow C:/Users/steff/Downloads/ece385git/lab6/workspace/mb_blink/Debug/mb_blink.elf
----------------End of Script----------------

13:48:24 INFO  : Context for processor 'microblaze_0' is selected.
13:48:24 INFO  : 'con' command is executed.
13:48:24 INFO  : ----------------XSDB Script (After Launch)----------------
targets -set -nocase -filter {name =~ "*microblaze*#0" && bscan=="USER2" }
con
----------------End of Script----------------

13:48:24 INFO  : Disconnected from the channel tcfchan#7.
13:50:02 INFO  : Checking for BSP changes to sync application flags for project 'mb_blink'...
13:50:08 INFO  : Connected to target on host '127.0.0.1' and port '3121'.
13:50:08 INFO  : Jtag cable 'RealDigital Boo 887429230257A' is selected.
13:50:08 INFO  : 'jtag frequency' command is executed.
13:50:08 INFO  : 'targets -set -filter {jtag_cable_name =~ "RealDigital Boo 887429230257A" && level==0 && jtag_device_ctx=="jsn1-0362f093-0"}' command is executed.
13:50:09 INFO  : Device configured successfully with "C:/Users/steff/Downloads/ece385git/lab6/workspace/mb_blink/_ide/bitstream/mb_intro_top.bit"
13:50:10 INFO  : Context for processor 'microblaze_0' is selected.
13:50:10 INFO  : Hardware design and registers information is loaded from 'C:/Users/steff/Downloads/ece385git/lab6/workspace/mb_intro_top/export/mb_intro_top/hw/mb_intro_top.xsa'.
13:50:10 INFO  : 'configparams mdm-detect-bscan-mask 2' command is executed.
13:50:10 INFO  : Context for processor 'microblaze_0' is selected.
13:50:10 INFO  : System reset is completed.
13:50:13 INFO  : 'after 3000' command is executed.
13:50:13 INFO  : Context for processor 'microblaze_0' is selected.
13:50:13 INFO  : The application 'C:/Users/steff/Downloads/ece385git/lab6/workspace/mb_blink/Debug/mb_blink.elf' is downloaded to processor 'microblaze_0'.
13:50:13 INFO  : ----------------XSDB Script----------------
connect -url tcp:127.0.0.1:3121
targets -set -filter {jtag_cable_name =~ "RealDigital Boo 887429230257A" && level==0 && jtag_device_ctx=="jsn1-0362f093-0"}
fpga -file C:/Users/steff/Downloads/ece385git/lab6/workspace/mb_blink/_ide/bitstream/mb_intro_top.bit
targets -set -nocase -filter {name =~ "*microblaze*#0" && bscan=="USER2" }
loadhw -hw C:/Users/steff/Downloads/ece385git/lab6/workspace/mb_intro_top/export/mb_intro_top/hw/mb_intro_top.xsa -regs
configparams mdm-detect-bscan-mask 2
targets -set -nocase -filter {name =~ "*microblaze*#0" && bscan=="USER2" }
rst -system
after 3000
targets -set -nocase -filter {name =~ "*microblaze*#0" && bscan=="USER2" }
dow C:/Users/steff/Downloads/ece385git/lab6/workspace/mb_blink/Debug/mb_blink.elf
----------------End of Script----------------

13:50:13 INFO  : Context for processor 'microblaze_0' is selected.
13:50:13 INFO  : 'con' command is executed.
13:50:13 INFO  : ----------------XSDB Script (After Launch)----------------
targets -set -nocase -filter {name =~ "*microblaze*#0" && bscan=="USER2" }
con
----------------End of Script----------------

13:50:13 INFO  : Disconnected from the channel tcfchan#8.
13:52:33 INFO  : Checking for BSP changes to sync application flags for project 'mb_blink'...
13:52:38 INFO  : Connected to target on host '127.0.0.1' and port '3121'.
13:52:39 INFO  : Jtag cable 'RealDigital Boo 887429230257A' is selected.
13:52:39 INFO  : 'jtag frequency' command is executed.
13:52:39 INFO  : 'targets -set -filter {jtag_cable_name =~ "RealDigital Boo 887429230257A" && level==0 && jtag_device_ctx=="jsn1-0362f093-0"}' command is executed.
13:52:40 INFO  : Device configured successfully with "C:/Users/steff/Downloads/ece385git/lab6/workspace/mb_blink/_ide/bitstream/mb_intro_top.bit"
13:52:40 INFO  : Context for processor 'microblaze_0' is selected.
13:52:40 INFO  : Hardware design and registers information is loaded from 'C:/Users/steff/Downloads/ece385git/lab6/workspace/mb_intro_top/export/mb_intro_top/hw/mb_intro_top.xsa'.
13:52:40 INFO  : 'configparams mdm-detect-bscan-mask 2' command is executed.
13:52:40 INFO  : Context for processor 'microblaze_0' is selected.
13:52:40 INFO  : System reset is completed.
13:52:43 INFO  : 'after 3000' command is executed.
13:52:43 INFO  : Context for processor 'microblaze_0' is selected.
13:52:43 INFO  : The application 'C:/Users/steff/Downloads/ece385git/lab6/workspace/mb_blink/Debug/mb_blink.elf' is downloaded to processor 'microblaze_0'.
13:52:43 INFO  : ----------------XSDB Script----------------
connect -url tcp:127.0.0.1:3121
targets -set -filter {jtag_cable_name =~ "RealDigital Boo 887429230257A" && level==0 && jtag_device_ctx=="jsn1-0362f093-0"}
fpga -file C:/Users/steff/Downloads/ece385git/lab6/workspace/mb_blink/_ide/bitstream/mb_intro_top.bit
targets -set -nocase -filter {name =~ "*microblaze*#0" && bscan=="USER2" }
loadhw -hw C:/Users/steff/Downloads/ece385git/lab6/workspace/mb_intro_top/export/mb_intro_top/hw/mb_intro_top.xsa -regs
configparams mdm-detect-bscan-mask 2
targets -set -nocase -filter {name =~ "*microblaze*#0" && bscan=="USER2" }
rst -system
after 3000
targets -set -nocase -filter {name =~ "*microblaze*#0" && bscan=="USER2" }
dow C:/Users/steff/Downloads/ece385git/lab6/workspace/mb_blink/Debug/mb_blink.elf
----------------End of Script----------------

13:52:43 INFO  : Context for processor 'microblaze_0' is selected.
13:52:43 INFO  : 'con' command is executed.
13:52:43 INFO  : ----------------XSDB Script (After Launch)----------------
targets -set -nocase -filter {name =~ "*microblaze*#0" && bscan=="USER2" }
con
----------------End of Script----------------

13:52:43 INFO  : Disconnected from the channel tcfchan#9.
13:55:27 INFO  : Checking for BSP changes to sync application flags for project 'mb_blink'...
13:55:33 INFO  : Connected to target on host '127.0.0.1' and port '3121'.
13:55:34 INFO  : Jtag cable 'RealDigital Boo 887429230257A' is selected.
13:55:34 INFO  : 'jtag frequency' command is executed.
13:55:34 INFO  : 'targets -set -filter {jtag_cable_name =~ "RealDigital Boo 887429230257A" && level==0 && jtag_device_ctx=="jsn1-0362f093-0"}' command is executed.
13:55:35 INFO  : Device configured successfully with "C:/Users/steff/Downloads/ece385git/lab6/workspace/mb_blink/_ide/bitstream/mb_intro_top.bit"
13:55:35 INFO  : Context for processor 'microblaze_0' is selected.
13:55:35 INFO  : Hardware design and registers information is loaded from 'C:/Users/steff/Downloads/ece385git/lab6/workspace/mb_intro_top/export/mb_intro_top/hw/mb_intro_top.xsa'.
13:55:35 INFO  : 'configparams mdm-detect-bscan-mask 2' command is executed.
13:55:35 INFO  : Context for processor 'microblaze_0' is selected.
13:55:35 INFO  : System reset is completed.
13:55:38 INFO  : 'after 3000' command is executed.
13:55:38 INFO  : Context for processor 'microblaze_0' is selected.
13:55:38 INFO  : The application 'C:/Users/steff/Downloads/ece385git/lab6/workspace/mb_blink/Debug/mb_blink.elf' is downloaded to processor 'microblaze_0'.
13:55:38 INFO  : ----------------XSDB Script----------------
connect -url tcp:127.0.0.1:3121
targets -set -filter {jtag_cable_name =~ "RealDigital Boo 887429230257A" && level==0 && jtag_device_ctx=="jsn1-0362f093-0"}
fpga -file C:/Users/steff/Downloads/ece385git/lab6/workspace/mb_blink/_ide/bitstream/mb_intro_top.bit
targets -set -nocase -filter {name =~ "*microblaze*#0" && bscan=="USER2" }
loadhw -hw C:/Users/steff/Downloads/ece385git/lab6/workspace/mb_intro_top/export/mb_intro_top/hw/mb_intro_top.xsa -regs
configparams mdm-detect-bscan-mask 2
targets -set -nocase -filter {name =~ "*microblaze*#0" && bscan=="USER2" }
rst -system
after 3000
targets -set -nocase -filter {name =~ "*microblaze*#0" && bscan=="USER2" }
dow C:/Users/steff/Downloads/ece385git/lab6/workspace/mb_blink/Debug/mb_blink.elf
----------------End of Script----------------

13:55:38 INFO  : Context for processor 'microblaze_0' is selected.
13:55:38 INFO  : 'con' command is executed.
13:55:38 INFO  : ----------------XSDB Script (After Launch)----------------
targets -set -nocase -filter {name =~ "*microblaze*#0" && bscan=="USER2" }
con
----------------End of Script----------------

13:55:38 INFO  : Disconnected from the channel tcfchan#10.
