Copyright 1986-2022 Xilinx, Inc. All Rights Reserved.
------------------------------------------------------------------------------------
| Tool Version : Vivado v.2022.2 (win64) Build 3671981 Fri Oct 14 05:00:03 MDT 2022
<<<<<<< HEAD
| Date         : Sat Nov 16 10:37:58 2024
=======
| Date         : Sun Nov  3 13:42:33 2024
| Host         : Winferior running 64-bit major release  (build 9200)
| Command      : upgrade_ip
| Device       : xc7s50csga324-1
------------------------------------------------------------------------------------

Upgrade Log for IP 'mb_block_hdmi_text_controller_0_1'

1. Summary
----------

SUCCESS in the upgrade of mb_block_hdmi_text_controller_0_1 (xilinx.com:user:hdmi_text_controller:1.0) from (Rev. 46) to (Rev. 47)






Copyright 1986-2022 Xilinx, Inc. All Rights Reserved.
------------------------------------------------------------------------------------
| Tool Version : Vivado v.2022.2 (win64) Build 3671981 Fri Oct 14 05:00:03 MDT 2022
| Date         : Sun Nov  3 13:01:49 2024
| Host         : Winferior running 64-bit major release  (build 9200)
| Command      : upgrade_ip
| Device       : xc7s50csga324-1
------------------------------------------------------------------------------------

Upgrade Log for IP 'mb_block_hdmi_text_controller_0_1'

1. Summary
----------

SUCCESS in the upgrade of mb_block_hdmi_text_controller_0_1 (xilinx.com:user:hdmi_text_controller:1.0) from (Rev. 45) to (Rev. 46)






Copyright 1986-2022 Xilinx, Inc. All Rights Reserved.
------------------------------------------------------------------------------------
| Tool Version : Vivado v.2022.2 (win64) Build 3671981 Fri Oct 14 05:00:03 MDT 2022
| Date         : Sun Nov  3 09:24:11 2024
| Host         : Winferior running 64-bit major release  (build 9200)
| Command      : upgrade_ip
| Device       : xc7s50csga324-1
------------------------------------------------------------------------------------

Upgrade Log for IP 'mb_block_hdmi_text_controller_0_1'

1. Summary
----------

SUCCESS in the upgrade of mb_block_hdmi_text_controller_0_1 (xilinx.com:user:hdmi_text_controller:1.0) from (Rev. 44) to (Rev. 45)






Copyright 1986-2022 Xilinx, Inc. All Rights Reserved.
------------------------------------------------------------------------------------
| Tool Version : Vivado v.2022.2 (win64) Build 3671981 Fri Oct 14 05:00:03 MDT 2022
| Date         : Sat Nov  2 23:37:23 2024
| Host         : Winferior running 64-bit major release  (build 9200)
| Command      : upgrade_ip
| Device       : xc7s50csga324-1
------------------------------------------------------------------------------------

Upgrade Log for IP 'mb_block_hdmi_text_controller_0_1'

1. Summary
----------

SUCCESS in the upgrade of mb_block_hdmi_text_controller_0_1 (xilinx.com:user:hdmi_text_controller:1.0) from (Rev. 43) to (Rev. 44)






Copyright 1986-2022 Xilinx, Inc. All Rights Reserved.
------------------------------------------------------------------------------------
| Tool Version : Vivado v.2022.2 (win64) Build 3671981 Fri Oct 14 05:00:03 MDT 2022
| Date         : Sat Nov  2 23:22:25 2024
| Host         : Winferior running 64-bit major release  (build 9200)
| Command      : upgrade_ip
| Device       : xc7s50csga324-1
------------------------------------------------------------------------------------

Upgrade Log for IP 'mb_block_hdmi_text_controller_0_1'

1. Summary
----------

SUCCESS in the conversion of mb_block_hdmi_text_controller_0_1 (xilinx.com:user:hdmi_text_controller:1.0 (Rev. 43)) to Vivado generation flows.






Copyright 1986-2022 Xilinx, Inc. All Rights Reserved.
------------------------------------------------------------------------------------
| Tool Version : Vivado v.2022.2 (win64) Build 3671981 Fri Oct 14 05:00:03 MDT 2022
| Date         : Sat Nov  2 23:15:10 2024
| Host         : Winferior running 64-bit major release  (build 9200)
| Command      : upgrade_ip
| Device       : xc7s50csga324-1
------------------------------------------------------------------------------------

Upgrade Log for IP 'mb_block_hdmi_text_controller_0_1'

1. Summary
----------

SUCCESS in the upgrade of mb_block_hdmi_text_controller_0_1 (xilinx.com:user:hdmi_text_controller:1.0) from (Rev. 42) to (Rev. 43)






Copyright 1986-2022 Xilinx, Inc. All Rights Reserved.
------------------------------------------------------------------------------------
| Tool Version : Vivado v.2022.2 (win64) Build 3671981 Fri Oct 14 05:00:03 MDT 2022
| Date         : Sat Nov  2 23:07:08 2024
| Host         : Winferior running 64-bit major release  (build 9200)
| Command      : upgrade_ip
| Device       : xc7s50csga324-1
------------------------------------------------------------------------------------

Upgrade Log for IP 'mb_block_hdmi_text_controller_0_1'

1. Summary
----------

SUCCESS in the upgrade of mb_block_hdmi_text_controller_0_1 (xilinx.com:user:hdmi_text_controller:1.0) from (Rev. 41) to (Rev. 42)






Copyright 1986-2022 Xilinx, Inc. All Rights Reserved.
------------------------------------------------------------------------------------
| Tool Version : Vivado v.2022.2 (win64) Build 3671981 Fri Oct 14 05:00:03 MDT 2022
| Date         : Sat Nov  2 22:33:04 2024
| Host         : Winferior running 64-bit major release  (build 9200)
| Command      : upgrade_ip
| Device       : xc7s50csga324-1
------------------------------------------------------------------------------------

Upgrade Log for IP 'mb_block_hdmi_text_controller_0_1'

1. Summary
----------

SUCCESS in the upgrade of mb_block_hdmi_text_controller_0_1 (xilinx.com:user:hdmi_text_controller:1.0) from (Rev. 40) to (Rev. 41)






Copyright 1986-2022 Xilinx, Inc. All Rights Reserved.
------------------------------------------------------------------------------------
| Tool Version : Vivado v.2022.2 (win64) Build 3671981 Fri Oct 14 05:00:03 MDT 2022
| Date         : Sat Nov  2 21:59:18 2024
| Host         : Winferior running 64-bit major release  (build 9200)
| Command      : upgrade_ip
| Device       : xc7s50csga324-1
------------------------------------------------------------------------------------

Upgrade Log for IP 'mb_block_hdmi_text_controller_0_1'

1. Summary
----------

SUCCESS in the upgrade of mb_block_hdmi_text_controller_0_1 (xilinx.com:user:hdmi_text_controller:1.0) from (Rev. 39) to (Rev. 40)






Copyright 1986-2022 Xilinx, Inc. All Rights Reserved.
------------------------------------------------------------------------------------
| Tool Version : Vivado v.2022.2 (win64) Build 3671981 Fri Oct 14 05:00:03 MDT 2022
| Date         : Sat Nov  2 21:42:01 2024
| Host         : Winferior running 64-bit major release  (build 9200)
| Command      : upgrade_ip
| Device       : xc7s50csga324-1
------------------------------------------------------------------------------------

Upgrade Log for IP 'mb_block_hdmi_text_controller_0_1'

1. Summary
----------

SUCCESS in the conversion of mb_block_hdmi_text_controller_0_1 (xilinx.com:user:hdmi_text_controller:1.0 (Rev. 39)) to Vivado generation flows.






Copyright 1986-2022 Xilinx, Inc. All Rights Reserved.
------------------------------------------------------------------------------------
| Tool Version : Vivado v.2022.2 (win64) Build 3671981 Fri Oct 14 05:00:03 MDT 2022
| Date         : Sat Nov  2 21:21:22 2024
| Host         : Winferior running 64-bit major release  (build 9200)
| Command      : upgrade_ip
| Device       : xc7s50csga324-1
------------------------------------------------------------------------------------

Upgrade Log for IP 'mb_block_hdmi_text_controller_0_1'

1. Summary
----------

SUCCESS in the upgrade of mb_block_hdmi_text_controller_0_1 (xilinx.com:user:hdmi_text_controller:1.0) from (Rev. 38) to (Rev. 39)






Copyright 1986-2022 Xilinx, Inc. All Rights Reserved.
------------------------------------------------------------------------------------
| Tool Version : Vivado v.2022.2 (win64) Build 3671981 Fri Oct 14 05:00:03 MDT 2022
| Date         : Sat Nov  2 21:06:05 2024
| Host         : Winferior running 64-bit major release  (build 9200)
| Command      : upgrade_ip
| Device       : xc7s50csga324-1
------------------------------------------------------------------------------------

Upgrade Log for IP 'mb_block_hdmi_text_controller_0_1'

1. Summary
----------

SUCCESS in the conversion of mb_block_hdmi_text_controller_0_1 (xilinx.com:user:hdmi_text_controller:1.0 (Rev. 38)) to Vivado generation flows.






Copyright 1986-2022 Xilinx, Inc. All Rights Reserved.
------------------------------------------------------------------------------------
| Tool Version : Vivado v.2022.2 (win64) Build 3671981 Fri Oct 14 05:00:03 MDT 2022
| Date         : Sat Nov  2 20:59:48 2024
| Host         : Winferior running 64-bit major release  (build 9200)
| Command      : upgrade_ip
| Device       : xc7s50csga324-1
------------------------------------------------------------------------------------

Upgrade Log for IP 'mb_block_hdmi_text_controller_0_1'

1. Summary
----------

SUCCESS in the upgrade of mb_block_hdmi_text_controller_0_1 (xilinx.com:user:hdmi_text_controller:1.0) from (Rev. 37) to (Rev. 38)






Copyright 1986-2022 Xilinx, Inc. All Rights Reserved.
------------------------------------------------------------------------------------
| Tool Version : Vivado v.2022.2 (win64) Build 3671981 Fri Oct 14 05:00:03 MDT 2022
| Date         : Sat Nov  2 20:37:46 2024
>>>>>>> ad782094b236f6bfef5a3a34b88054f297786a9f
| Host         : Winferior running 64-bit major release  (build 9200)
| Command      : upgrade_ip
| Device       : xc7s50csga324-1
------------------------------------------------------------------------------------

Upgrade Log for IP 'mb_block_hdmi_text_controller_0_1'

1. Summary
----------

SUCCESS in the upgrade of mb_block_hdmi_text_controller_0_1 (xilinx.com:user:hdmi_text_controller:1.0) from (Rev. 36) to (Rev. 37)






Copyright 1986-2022 Xilinx, Inc. All Rights Reserved.
------------------------------------------------------------------------------------
| Tool Version : Vivado v.2022.2 (win64) Build 3671981 Fri Oct 14 05:00:03 MDT 2022
| Date         : Wed Oct 30 20:35:29 2024
| Host         : Winferior running 64-bit major release  (build 9200)
| Command      : upgrade_ip
| Device       : xc7s50csga324-1
------------------------------------------------------------------------------------

Upgrade Log for IP 'mb_block_hdmi_text_controller_0_1'

1. Summary
----------

SUCCESS in the conversion of mb_block_hdmi_text_controller_0_1 (xilinx.com:user:hdmi_text_controller:1.0 (Rev. 36)) to Vivado generation flows.






Copyright 1986-2022 Xilinx, Inc. All Rights Reserved.
------------------------------------------------------------------------------------
| Tool Version : Vivado v.2022.2 (win64) Build 3671981 Fri Oct 14 05:00:03 MDT 2022
| Date         : Wed Oct 30 20:07:45 2024
| Host         : Winferior running 64-bit major release  (build 9200)
| Command      : upgrade_ip
| Device       : xc7s50csga324-1
------------------------------------------------------------------------------------

Upgrade Log for IP 'mb_block_hdmi_text_controller_0_1'

1. Summary
----------

SUCCESS in the conversion of mb_block_hdmi_text_controller_0_1 (xilinx.com:user:hdmi_text_controller:1.0 (Rev. 36)) to Vivado generation flows.

