15:54:45 DEBUG : Logs will be stored at 'C:/Users/steff/Downloads/ece385git/lab62/workspace/IDE.log'.
15:54:46 INFO  : Launching XSCT server: xsct.bat -n  -interactive C:\Users\steff\Downloads\ece385git\lab62\workspace\temp_xsdb_launch_script.tcl
15:54:46 INFO  : Platform repository initialization has completed.
15:54:46 INFO  : Registering command handlers for Vitis TCF services
15:54:48 INFO  : XSCT server has started successfully.
15:54:50 INFO  : Successfully done setting XSCT server connection channel  
15:54:50 INFO  : plnx-install-location is set to ''
15:54:50 INFO  : Successfully done query RDI_DATADIR 
15:54:50 INFO  : Successfully done setting workspace for the tool. 
15:59:50 INFO  : Result from executing command 'getProjects': mb_usb_hdmi_top
15:59:50 INFO  : Result from executing command 'getPlatforms': 
15:59:50 WARN  : An unexpected exception occurred in the module 'platform project logging'
15:59:50 INFO  : Platform 'mb_usb_hdmi_top' is added to custom repositories.
15:59:52 INFO  : Platform 'mb_usb_hdmi_top' is added to custom repositories.
16:03:39 INFO  : Result from executing command 'getProjects': mb_usb_hdmi_top
16:03:39 INFO  : Result from executing command 'getPlatforms': mb_usb_hdmi_top|C:/Users/steff/Downloads/ece385git/lab62/workspace/mb_usb_hdmi_top/export/mb_usb_hdmi_top/mb_usb_hdmi_top.xpfm
16:03:39 INFO  : Checking for BSP changes to sync application flags for project 'mb_usb'...
16:05:04 INFO  : Result from executing command 'removePlatformRepo': 
16:05:07 INFO  : Result from executing command 'getProjects': mb_usb_hdmi_top
16:05:07 INFO  : Result from executing command 'getPlatforms': 
16:05:07 INFO  : Checking for BSP changes to sync application flags for project 'mb_usb'...
16:09:17 INFO  : Connected to target on host '127.0.0.1' and port '3121'.
16:09:17 INFO  : Jtag cable 'RealDigital Boo 887429230257A' is selected.
16:09:17 INFO  : 'jtag frequency' command is executed.
16:09:17 INFO  : 'targets -set -filter {jtag_cable_name =~ "RealDigital Boo 887429230257A" && level==0 && jtag_device_ctx=="jsn1-0362f093-0"}' command is executed.
16:09:18 INFO  : Device configured successfully with "C:/Users/steff/Downloads/ece385git/lab62/workspace/mb_usb/_ide/bitstream/mb_usb_hdmi_top.bit"
16:09:18 INFO  : Context for processor 'microblaze_0' is selected.
16:09:18 INFO  : Hardware design and registers information is loaded from 'C:/Users/steff/Downloads/ece385git/lab62/workspace/mb_usb_hdmi_top/export/mb_usb_hdmi_top/hw/mb_usb_hdmi_top.xsa'.
16:09:18 INFO  : 'configparams mdm-detect-bscan-mask 2' command is executed.
16:09:18 INFO  : Context for processor 'microblaze_0' is selected.
16:09:19 INFO  : System reset is completed.
16:09:22 INFO  : 'after 3000' command is executed.
16:09:22 INFO  : Context for processor 'microblaze_0' is selected.
16:09:22 INFO  : The application 'C:/Users/steff/Downloads/ece385git/lab62/workspace/mb_usb/Debug/mb_usb.elf' is downloaded to processor 'microblaze_0'.
16:09:22 INFO  : ----------------XSDB Script----------------
connect -url tcp:127.0.0.1:3121
targets -set -filter {jtag_cable_name =~ "RealDigital Boo 887429230257A" && level==0 && jtag_device_ctx=="jsn1-0362f093-0"}
fpga -file C:/Users/steff/Downloads/ece385git/lab62/workspace/mb_usb/_ide/bitstream/mb_usb_hdmi_top.bit
targets -set -nocase -filter {name =~ "*microblaze*#0" && bscan=="USER2" }
loadhw -hw C:/Users/steff/Downloads/ece385git/lab62/workspace/mb_usb_hdmi_top/export/mb_usb_hdmi_top/hw/mb_usb_hdmi_top.xsa -regs
configparams mdm-detect-bscan-mask 2
targets -set -nocase -filter {name =~ "*microblaze*#0" && bscan=="USER2" }
rst -system
after 3000
targets -set -nocase -filter {name =~ "*microblaze*#0" && bscan=="USER2" }
dow C:/Users/steff/Downloads/ece385git/lab62/workspace/mb_usb/Debug/mb_usb.elf
----------------End of Script----------------

16:09:22 INFO  : Context for processor 'microblaze_0' is selected.
16:09:22 INFO  : 'con' command is executed.
16:09:22 INFO  : ----------------XSDB Script (After Launch)----------------
targets -set -nocase -filter {name =~ "*microblaze*#0" && bscan=="USER2" }
con
----------------End of Script----------------

16:09:22 INFO  : Disconnected from the channel tcfchan#4.
20:51:14 DEBUG : Logs will be stored at 'C:/Users/steff/Downloads/ece385git/lab62/workspace/IDE.log'.
20:51:15 INFO  : Launching XSCT server: xsct.bat -n  -interactive C:\Users\steff\Downloads\ece385git\lab62\workspace\temp_xsdb_launch_script.tcl
20:51:17 INFO  : Platform repository initialization has completed.
20:51:17 INFO  : XSCT server has started successfully.
20:51:17 INFO  : Registering command handlers for Vitis TCF services
20:51:17 INFO  : Successfully done setting XSCT server connection channel  
20:51:17 INFO  : plnx-install-location is set to ''
20:51:17 INFO  : Successfully done query RDI_DATADIR 
20:51:17 INFO  : Successfully done setting workspace for the tool. 
11:15:23 INFO  : Checking for BSP changes to sync application flags for project 'mb_usb'...
11:17:45 INFO  : Checking for BSP changes to sync application flags for project 'mb_usb'...
11:18:11 INFO  : Connected to target on host '127.0.0.1' and port '3121'.
11:18:12 INFO  : Jtag cable 'RealDigital Boo 887429230257A' is selected.
11:18:12 INFO  : 'jtag frequency' command is executed.
11:18:12 INFO  : 'targets -set -filter {jtag_cable_name =~ "RealDigital Boo 887429230257A" && level==0 && jtag_device_ctx=="jsn1-0362f093-0"}' command is executed.
11:18:13 INFO  : Device configured successfully with "C:/Users/steff/Downloads/ece385git/lab62/workspace/mb_usb/_ide/bitstream/mb_usb_hdmi_top.bit"
11:18:13 INFO  : Context for processor 'microblaze_0' is selected.
11:18:13 INFO  : Hardware design and registers information is loaded from 'C:/Users/steff/Downloads/ece385git/lab62/workspace/mb_usb_hdmi_top/export/mb_usb_hdmi_top/hw/mb_usb_hdmi_top.xsa'.
11:18:13 INFO  : 'configparams mdm-detect-bscan-mask 2' command is executed.
11:18:13 INFO  : Context for processor 'microblaze_0' is selected.
11:18:13 INFO  : System reset is completed.
11:18:16 INFO  : 'after 3000' command is executed.
11:18:16 INFO  : Context for processor 'microblaze_0' is selected.
11:18:16 INFO  : The application 'C:/Users/steff/Downloads/ece385git/lab62/workspace/mb_usb/Debug/mb_usb.elf' is downloaded to processor 'microblaze_0'.
11:18:16 INFO  : ----------------XSDB Script----------------
connect -url tcp:127.0.0.1:3121
targets -set -filter {jtag_cable_name =~ "RealDigital Boo 887429230257A" && level==0 && jtag_device_ctx=="jsn1-0362f093-0"}
fpga -file C:/Users/steff/Downloads/ece385git/lab62/workspace/mb_usb/_ide/bitstream/mb_usb_hdmi_top.bit
targets -set -nocase -filter {name =~ "*microblaze*#0" && bscan=="USER2" }
loadhw -hw C:/Users/steff/Downloads/ece385git/lab62/workspace/mb_usb_hdmi_top/export/mb_usb_hdmi_top/hw/mb_usb_hdmi_top.xsa -regs
configparams mdm-detect-bscan-mask 2
targets -set -nocase -filter {name =~ "*microblaze*#0" && bscan=="USER2" }
rst -system
after 3000
targets -set -nocase -filter {name =~ "*microblaze*#0" && bscan=="USER2" }
dow C:/Users/steff/Downloads/ece385git/lab62/workspace/mb_usb/Debug/mb_usb.elf
----------------End of Script----------------

11:18:17 INFO  : Context for processor 'microblaze_0' is selected.
11:18:17 INFO  : 'con' command is executed.
11:18:17 INFO  : ----------------XSDB Script (After Launch)----------------
targets -set -nocase -filter {name =~ "*microblaze*#0" && bscan=="USER2" }
con
----------------End of Script----------------

11:18:17 INFO  : Disconnected from the channel tcfchan#1.
11:19:31 INFO  : Checking for BSP changes to sync application flags for project 'mb_usb'...
11:19:50 INFO  : Connected to target on host '127.0.0.1' and port '3121'.
11:19:50 INFO  : Jtag cable 'RealDigital Boo 887429230257A' is selected.
11:19:50 INFO  : 'jtag frequency' command is executed.
11:19:50 INFO  : 'targets -set -filter {jtag_cable_name =~ "RealDigital Boo 887429230257A" && level==0 && jtag_device_ctx=="jsn1-0362f093-0"}' command is executed.
11:19:52 INFO  : Device configured successfully with "C:/Users/steff/Downloads/ece385git/lab62/workspace/mb_usb/_ide/bitstream/mb_usb_hdmi_top.bit"
11:19:52 INFO  : Context for processor 'microblaze_0' is selected.
11:19:52 INFO  : Hardware design and registers information is loaded from 'C:/Users/steff/Downloads/ece385git/lab62/workspace/mb_usb_hdmi_top/export/mb_usb_hdmi_top/hw/mb_usb_hdmi_top.xsa'.
11:19:52 INFO  : 'configparams mdm-detect-bscan-mask 2' command is executed.
11:19:52 INFO  : Context for processor 'microblaze_0' is selected.
11:19:52 INFO  : System reset is completed.
11:19:55 INFO  : 'after 3000' command is executed.
11:19:55 INFO  : Context for processor 'microblaze_0' is selected.
11:19:55 INFO  : The application 'C:/Users/steff/Downloads/ece385git/lab62/workspace/mb_usb/Debug/mb_usb.elf' is downloaded to processor 'microblaze_0'.
11:19:55 INFO  : ----------------XSDB Script----------------
connect -url tcp:127.0.0.1:3121
targets -set -filter {jtag_cable_name =~ "RealDigital Boo 887429230257A" && level==0 && jtag_device_ctx=="jsn1-0362f093-0"}
fpga -file C:/Users/steff/Downloads/ece385git/lab62/workspace/mb_usb/_ide/bitstream/mb_usb_hdmi_top.bit
targets -set -nocase -filter {name =~ "*microblaze*#0" && bscan=="USER2" }
loadhw -hw C:/Users/steff/Downloads/ece385git/lab62/workspace/mb_usb_hdmi_top/export/mb_usb_hdmi_top/hw/mb_usb_hdmi_top.xsa -regs
configparams mdm-detect-bscan-mask 2
targets -set -nocase -filter {name =~ "*microblaze*#0" && bscan=="USER2" }
rst -system
after 3000
targets -set -nocase -filter {name =~ "*microblaze*#0" && bscan=="USER2" }
dow C:/Users/steff/Downloads/ece385git/lab62/workspace/mb_usb/Debug/mb_usb.elf
----------------End of Script----------------

11:19:55 INFO  : Context for processor 'microblaze_0' is selected.
11:19:55 INFO  : 'con' command is executed.
11:19:55 INFO  : ----------------XSDB Script (After Launch)----------------
targets -set -nocase -filter {name =~ "*microblaze*#0" && bscan=="USER2" }
con
----------------End of Script----------------

11:19:55 INFO  : Disconnected from the channel tcfchan#2.
11:31:58 INFO  : Connected to target on host '127.0.0.1' and port '3121'.
11:31:59 INFO  : Jtag cable 'RealDigital Boo 887429230257A' is selected.
11:31:59 INFO  : 'jtag frequency' command is executed.
11:31:59 INFO  : 'targets -set -filter {jtag_cable_name =~ "RealDigital Boo 887429230257A" && level==0 && jtag_device_ctx=="jsn1-0362f093-0"}' command is executed.
11:32:00 INFO  : Device configured successfully with "C:/Users/steff/Downloads/ece385git/lab62/workspace/mb_usb/_ide/bitstream/mb_usb_hdmi_top.bit"
11:32:00 INFO  : Context for processor 'microblaze_0' is selected.
11:32:00 INFO  : Hardware design and registers information is loaded from 'C:/Users/steff/Downloads/ece385git/lab62/workspace/mb_usb_hdmi_top/export/mb_usb_hdmi_top/hw/mb_usb_hdmi_top.xsa'.
11:32:00 INFO  : 'configparams mdm-detect-bscan-mask 2' command is executed.
11:32:00 INFO  : Context for processor 'microblaze_0' is selected.
11:32:00 INFO  : System reset is completed.
11:32:03 INFO  : 'after 3000' command is executed.
11:32:03 INFO  : Context for processor 'microblaze_0' is selected.
11:32:03 INFO  : The application 'C:/Users/steff/Downloads/ece385git/lab62/workspace/mb_usb/Debug/mb_usb.elf' is downloaded to processor 'microblaze_0'.
11:32:03 INFO  : ----------------XSDB Script----------------
connect -url tcp:127.0.0.1:3121
targets -set -filter {jtag_cable_name =~ "RealDigital Boo 887429230257A" && level==0 && jtag_device_ctx=="jsn1-0362f093-0"}
fpga -file C:/Users/steff/Downloads/ece385git/lab62/workspace/mb_usb/_ide/bitstream/mb_usb_hdmi_top.bit
targets -set -nocase -filter {name =~ "*microblaze*#0" && bscan=="USER2" }
loadhw -hw C:/Users/steff/Downloads/ece385git/lab62/workspace/mb_usb_hdmi_top/export/mb_usb_hdmi_top/hw/mb_usb_hdmi_top.xsa -regs
configparams mdm-detect-bscan-mask 2
targets -set -nocase -filter {name =~ "*microblaze*#0" && bscan=="USER2" }
rst -system
after 3000
targets -set -nocase -filter {name =~ "*microblaze*#0" && bscan=="USER2" }
dow C:/Users/steff/Downloads/ece385git/lab62/workspace/mb_usb/Debug/mb_usb.elf
----------------End of Script----------------

11:32:03 INFO  : Context for processor 'microblaze_0' is selected.
11:32:03 INFO  : 'con' command is executed.
11:32:03 INFO  : ----------------XSDB Script (After Launch)----------------
targets -set -nocase -filter {name =~ "*microblaze*#0" && bscan=="USER2" }
con
----------------End of Script----------------

11:32:03 INFO  : Disconnected from the channel tcfchan#3.
21:56:41 INFO  : Connected to target on host '127.0.0.1' and port '3121'.
21:56:56 INFO  : Jtag cable 'RealDigital Boo 887429230257A' is selected.
21:56:56 INFO  : 'jtag frequency' command is executed.
21:56:56 INFO  : 'targets -set -filter {jtag_cable_name =~ "RealDigital Boo 887429230257A" && level==0 && jtag_device_ctx=="jsn1-0362f093-0"}' command is executed.
21:56:58 INFO  : Device configured successfully with "C:/Users/steff/Downloads/ece385git/lab62/workspace/mb_usb/_ide/bitstream/mb_usb_hdmi_top.bit"
21:56:58 INFO  : Context for processor 'microblaze_0' is selected.
21:56:58 INFO  : Hardware design and registers information is loaded from 'C:/Users/steff/Downloads/ece385git/lab62/workspace/mb_usb_hdmi_top/export/mb_usb_hdmi_top/hw/mb_usb_hdmi_top.xsa'.
21:56:58 INFO  : 'configparams mdm-detect-bscan-mask 2' command is executed.
21:56:58 INFO  : Context for processor 'microblaze_0' is selected.
21:56:58 INFO  : System reset is completed.
21:57:01 INFO  : 'after 3000' command is executed.
21:57:01 INFO  : Context for processor 'microblaze_0' is selected.
21:57:01 INFO  : The application 'C:/Users/steff/Downloads/ece385git/lab62/workspace/mb_usb/Debug/mb_usb.elf' is downloaded to processor 'microblaze_0'.
21:57:01 INFO  : ----------------XSDB Script----------------
connect -url tcp:127.0.0.1:3121
targets -set -filter {jtag_cable_name =~ "RealDigital Boo 887429230257A" && level==0 && jtag_device_ctx=="jsn1-0362f093-0"}
fpga -file C:/Users/steff/Downloads/ece385git/lab62/workspace/mb_usb/_ide/bitstream/mb_usb_hdmi_top.bit
targets -set -nocase -filter {name =~ "*microblaze*#0" && bscan=="USER2" }
loadhw -hw C:/Users/steff/Downloads/ece385git/lab62/workspace/mb_usb_hdmi_top/export/mb_usb_hdmi_top/hw/mb_usb_hdmi_top.xsa -regs
configparams mdm-detect-bscan-mask 2
targets -set -nocase -filter {name =~ "*microblaze*#0" && bscan=="USER2" }
rst -system
after 3000
targets -set -nocase -filter {name =~ "*microblaze*#0" && bscan=="USER2" }
dow C:/Users/steff/Downloads/ece385git/lab62/workspace/mb_usb/Debug/mb_usb.elf
----------------End of Script----------------

21:57:01 INFO  : Context for processor 'microblaze_0' is selected.
21:57:01 INFO  : 'con' command is executed.
21:57:01 INFO  : ----------------XSDB Script (After Launch)----------------
targets -set -nocase -filter {name =~ "*microblaze*#0" && bscan=="USER2" }
con
----------------End of Script----------------

21:57:01 INFO  : Disconnected from the channel tcfchan#4.
22:05:04 INFO  : Hardware specification for platform project 'mb_usb_hdmi_top' is updated.
22:05:21 INFO  : Result from executing command 'getProjects': mb_usb_hdmi_top
22:05:21 INFO  : Result from executing command 'getPlatforms': mb_usb_hdmi_top|C:/Users/steff/Downloads/ece385git/lab62/workspace/mb_usb_hdmi_top/export/mb_usb_hdmi_top/mb_usb_hdmi_top.xpfm
22:05:22 INFO  : Checking for BSP changes to sync application flags for project 'mb_usb'...
22:05:22 WARN  : Failed to closehw "C:/Users/steff/Downloads/ece385git/lab62/workspace/mb_usb_hdmi_top/export/mb_usb_hdmi_top/hw/mb_usb_hdmi_top.xsa"
Reason: Cannot close hw design 'C:/Users/steff/Downloads/ece385git/lab62/workspace/mb_usb_hdmi_top/export/mb_usb_hdmi_top/hw/mb_usb_hdmi_top.xsa'.
Design is not opened in the current session.

22:05:23 INFO  : The hardware specification used by project 'mb_usb' is out of sync with the platform. Resource files extracted from the hardware specification will be updated.
22:05:23 INFO  : The file 'C:\Users\steff\Downloads\ece385git\lab62\workspace\mb_usb\_ide\bitstream\mb_usb_hdmi_top.bit' stored in project is removed.
22:05:23 INFO  : The file 'C:\Users\steff\Downloads\ece385git\lab62\workspace\mb_usb\_ide\bitstream\mb_usb_hdmi_top.mmi' stored in project is removed.
22:05:24 INFO  : The updated bitstream files are copied from platform to folder 'C:\Users\steff\Downloads\ece385git\lab62\workspace\mb_usb\_ide\bitstream' in project 'mb_usb'.
22:05:29 INFO  : Connected to target on host '127.0.0.1' and port '3121'.
22:05:29 INFO  : Jtag cable 'RealDigital Boo 887429230257A' is selected.
22:05:29 INFO  : 'jtag frequency' command is executed.
22:05:29 INFO  : 'targets -set -filter {jtag_cable_name =~ "RealDigital Boo 887429230257A" && level==0 && jtag_device_ctx=="jsn1-0362f093-0"}' command is executed.
22:05:30 INFO  : Device configured successfully with "C:/Users/steff/Downloads/ece385git/lab62/workspace/mb_usb/_ide/bitstream/mb_usb_hdmi_top.bit"
22:05:30 INFO  : Context for processor 'microblaze_0' is selected.
22:05:30 INFO  : Hardware design and registers information is loaded from 'C:/Users/steff/Downloads/ece385git/lab62/workspace/mb_usb_hdmi_top/export/mb_usb_hdmi_top/hw/mb_usb_hdmi_top.xsa'.
22:05:30 INFO  : 'configparams mdm-detect-bscan-mask 2' command is executed.
22:05:30 INFO  : Context for processor 'microblaze_0' is selected.
22:05:30 INFO  : System reset is completed.
22:05:33 INFO  : 'after 3000' command is executed.
22:05:33 INFO  : Context for processor 'microblaze_0' is selected.
22:05:33 INFO  : The application 'C:/Users/steff/Downloads/ece385git/lab62/workspace/mb_usb/Debug/mb_usb.elf' is downloaded to processor 'microblaze_0'.
22:05:33 INFO  : ----------------XSDB Script----------------
connect -url tcp:127.0.0.1:3121
targets -set -filter {jtag_cable_name =~ "RealDigital Boo 887429230257A" && level==0 && jtag_device_ctx=="jsn1-0362f093-0"}
fpga -file C:/Users/steff/Downloads/ece385git/lab62/workspace/mb_usb/_ide/bitstream/mb_usb_hdmi_top.bit
targets -set -nocase -filter {name =~ "*microblaze*#0" && bscan=="USER2" }
loadhw -hw C:/Users/steff/Downloads/ece385git/lab62/workspace/mb_usb_hdmi_top/export/mb_usb_hdmi_top/hw/mb_usb_hdmi_top.xsa -regs
configparams mdm-detect-bscan-mask 2
targets -set -nocase -filter {name =~ "*microblaze*#0" && bscan=="USER2" }
rst -system
after 3000
targets -set -nocase -filter {name =~ "*microblaze*#0" && bscan=="USER2" }
dow C:/Users/steff/Downloads/ece385git/lab62/workspace/mb_usb/Debug/mb_usb.elf
----------------End of Script----------------

22:05:33 INFO  : Context for processor 'microblaze_0' is selected.
22:05:33 INFO  : 'con' command is executed.
22:05:33 INFO  : ----------------XSDB Script (After Launch)----------------
targets -set -nocase -filter {name =~ "*microblaze*#0" && bscan=="USER2" }
con
----------------End of Script----------------

22:05:33 INFO  : Disconnected from the channel tcfchan#6.
22:18:34 INFO  : Hardware specification for platform project 'mb_usb_hdmi_top' is updated.
22:18:52 INFO  : Result from executing command 'getProjects': mb_usb_hdmi_top
22:18:52 INFO  : Result from executing command 'getPlatforms': mb_usb_hdmi_top|C:/Users/steff/Downloads/ece385git/lab62/workspace/mb_usb_hdmi_top/export/mb_usb_hdmi_top/mb_usb_hdmi_top.xpfm
22:18:52 INFO  : Checking for BSP changes to sync application flags for project 'mb_usb'...
22:18:54 INFO  : The hardware specification used by project 'mb_usb' is out of sync with the platform. Resource files extracted from the hardware specification will be updated.
22:18:54 INFO  : The file 'C:\Users\steff\Downloads\ece385git\lab62\workspace\mb_usb\_ide\bitstream\mb_usb_hdmi_top.bit' stored in project is removed.
22:18:54 INFO  : The file 'C:\Users\steff\Downloads\ece385git\lab62\workspace\mb_usb\_ide\bitstream\mb_usb_hdmi_top.mmi' stored in project is removed.
22:18:54 INFO  : The updated bitstream files are copied from platform to folder 'C:\Users\steff\Downloads\ece385git\lab62\workspace\mb_usb\_ide\bitstream' in project 'mb_usb'.
22:18:57 INFO  : Connected to target on host '127.0.0.1' and port '3121'.
22:18:58 INFO  : Jtag cable 'RealDigital Boo 887429230257A' is selected.
22:18:58 INFO  : 'jtag frequency' command is executed.
22:18:58 INFO  : 'targets -set -filter {jtag_cable_name =~ "RealDigital Boo 887429230257A" && level==0 && jtag_device_ctx=="jsn1-0362f093-0"}' command is executed.
22:18:59 INFO  : Device configured successfully with "C:/Users/steff/Downloads/ece385git/lab62/workspace/mb_usb/_ide/bitstream/mb_usb_hdmi_top.bit"
22:18:59 INFO  : Context for processor 'microblaze_0' is selected.
22:18:59 INFO  : Hardware design and registers information is loaded from 'C:/Users/steff/Downloads/ece385git/lab62/workspace/mb_usb_hdmi_top/export/mb_usb_hdmi_top/hw/mb_usb_hdmi_top.xsa'.
22:18:59 INFO  : 'configparams mdm-detect-bscan-mask 2' command is executed.
22:18:59 INFO  : Context for processor 'microblaze_0' is selected.
22:18:59 INFO  : System reset is completed.
22:19:02 INFO  : 'after 3000' command is executed.
22:19:02 INFO  : Context for processor 'microblaze_0' is selected.
22:19:02 INFO  : The application 'C:/Users/steff/Downloads/ece385git/lab62/workspace/mb_usb/Debug/mb_usb.elf' is downloaded to processor 'microblaze_0'.
22:19:02 INFO  : ----------------XSDB Script----------------
connect -url tcp:127.0.0.1:3121
targets -set -filter {jtag_cable_name =~ "RealDigital Boo 887429230257A" && level==0 && jtag_device_ctx=="jsn1-0362f093-0"}
fpga -file C:/Users/steff/Downloads/ece385git/lab62/workspace/mb_usb/_ide/bitstream/mb_usb_hdmi_top.bit
targets -set -nocase -filter {name =~ "*microblaze*#0" && bscan=="USER2" }
loadhw -hw C:/Users/steff/Downloads/ece385git/lab62/workspace/mb_usb_hdmi_top/export/mb_usb_hdmi_top/hw/mb_usb_hdmi_top.xsa -regs
configparams mdm-detect-bscan-mask 2
targets -set -nocase -filter {name =~ "*microblaze*#0" && bscan=="USER2" }
rst -system
after 3000
targets -set -nocase -filter {name =~ "*microblaze*#0" && bscan=="USER2" }
dow C:/Users/steff/Downloads/ece385git/lab62/workspace/mb_usb/Debug/mb_usb.elf
----------------End of Script----------------

22:19:02 INFO  : Context for processor 'microblaze_0' is selected.
22:19:02 INFO  : 'con' command is executed.
22:19:02 INFO  : ----------------XSDB Script (After Launch)----------------
targets -set -nocase -filter {name =~ "*microblaze*#0" && bscan=="USER2" }
con
----------------End of Script----------------

22:19:02 INFO  : Disconnected from the channel tcfchan#8.
22:19:26 INFO  : Connected to target on host '127.0.0.1' and port '3121'.
22:19:26 INFO  : Jtag cable 'RealDigital Boo 887429230257A' is selected.
22:19:26 INFO  : 'jtag frequency' command is executed.
22:19:26 INFO  : 'targets -set -filter {jtag_cable_name =~ "RealDigital Boo 887429230257A" && level==0 && jtag_device_ctx=="jsn1-0362f093-0"}' command is executed.
22:19:27 INFO  : Device configured successfully with "C:/Users/steff/Downloads/ece385git/lab62/workspace/mb_usb/_ide/bitstream/mb_usb_hdmi_top.bit"
22:19:27 INFO  : Context for processor 'microblaze_0' is selected.
22:19:27 INFO  : Hardware design and registers information is loaded from 'C:/Users/steff/Downloads/ece385git/lab62/workspace/mb_usb_hdmi_top/export/mb_usb_hdmi_top/hw/mb_usb_hdmi_top.xsa'.
22:19:27 INFO  : 'configparams mdm-detect-bscan-mask 2' command is executed.
22:19:27 INFO  : Context for processor 'microblaze_0' is selected.
22:19:27 INFO  : System reset is completed.
22:19:30 INFO  : 'after 3000' command is executed.
22:19:30 INFO  : Context for processor 'microblaze_0' is selected.
22:19:31 INFO  : The application 'C:/Users/steff/Downloads/ece385git/lab62/workspace/mb_usb/Debug/mb_usb.elf' is downloaded to processor 'microblaze_0'.
22:19:31 INFO  : ----------------XSDB Script----------------
connect -url tcp:127.0.0.1:3121
targets -set -filter {jtag_cable_name =~ "RealDigital Boo 887429230257A" && level==0 && jtag_device_ctx=="jsn1-0362f093-0"}
fpga -file C:/Users/steff/Downloads/ece385git/lab62/workspace/mb_usb/_ide/bitstream/mb_usb_hdmi_top.bit
targets -set -nocase -filter {name =~ "*microblaze*#0" && bscan=="USER2" }
loadhw -hw C:/Users/steff/Downloads/ece385git/lab62/workspace/mb_usb_hdmi_top/export/mb_usb_hdmi_top/hw/mb_usb_hdmi_top.xsa -regs
configparams mdm-detect-bscan-mask 2
targets -set -nocase -filter {name =~ "*microblaze*#0" && bscan=="USER2" }
rst -system
after 3000
targets -set -nocase -filter {name =~ "*microblaze*#0" && bscan=="USER2" }
dow C:/Users/steff/Downloads/ece385git/lab62/workspace/mb_usb/Debug/mb_usb.elf
----------------End of Script----------------

22:19:31 INFO  : Context for processor 'microblaze_0' is selected.
22:19:31 INFO  : 'con' command is executed.
22:19:31 INFO  : ----------------XSDB Script (After Launch)----------------
targets -set -nocase -filter {name =~ "*microblaze*#0" && bscan=="USER2" }
con
----------------End of Script----------------

22:19:31 INFO  : Disconnected from the channel tcfchan#9.
22:24:49 INFO  : Hardware specification for platform project 'mb_usb_hdmi_top' is updated.
22:25:00 INFO  : Result from executing command 'getProjects': mb_usb_hdmi_top
22:25:00 INFO  : Result from executing command 'getPlatforms': mb_usb_hdmi_top|C:/Users/steff/Downloads/ece385git/lab62/workspace/mb_usb_hdmi_top/export/mb_usb_hdmi_top/mb_usb_hdmi_top.xpfm
22:25:00 INFO  : Checking for BSP changes to sync application flags for project 'mb_usb'...
22:25:02 INFO  : The hardware specification used by project 'mb_usb' is out of sync with the platform. Resource files extracted from the hardware specification will be updated.
22:25:02 INFO  : The file 'C:\Users\steff\Downloads\ece385git\lab62\workspace\mb_usb\_ide\bitstream\mb_usb_hdmi_top.bit' stored in project is removed.
22:25:02 INFO  : The file 'C:\Users\steff\Downloads\ece385git\lab62\workspace\mb_usb\_ide\bitstream\mb_usb_hdmi_top.mmi' stored in project is removed.
22:25:02 INFO  : The updated bitstream files are copied from platform to folder 'C:\Users\steff\Downloads\ece385git\lab62\workspace\mb_usb\_ide\bitstream' in project 'mb_usb'.
22:25:06 INFO  : Connected to target on host '127.0.0.1' and port '3121'.
22:25:06 INFO  : Jtag cable 'RealDigital Boo 887429230257A' is selected.
22:25:06 INFO  : 'jtag frequency' command is executed.
22:25:06 INFO  : 'targets -set -filter {jtag_cable_name =~ "RealDigital Boo 887429230257A" && level==0 && jtag_device_ctx=="jsn1-0362f093-0"}' command is executed.
22:25:07 INFO  : Device configured successfully with "C:/Users/steff/Downloads/ece385git/lab62/workspace/mb_usb/_ide/bitstream/mb_usb_hdmi_top.bit"
22:25:07 INFO  : Context for processor 'microblaze_0' is selected.
22:25:07 INFO  : Hardware design and registers information is loaded from 'C:/Users/steff/Downloads/ece385git/lab62/workspace/mb_usb_hdmi_top/export/mb_usb_hdmi_top/hw/mb_usb_hdmi_top.xsa'.
22:25:07 INFO  : 'configparams mdm-detect-bscan-mask 2' command is executed.
22:25:07 INFO  : Context for processor 'microblaze_0' is selected.
22:25:07 INFO  : System reset is completed.
22:25:10 INFO  : 'after 3000' command is executed.
22:25:10 INFO  : Context for processor 'microblaze_0' is selected.
22:25:10 INFO  : The application 'C:/Users/steff/Downloads/ece385git/lab62/workspace/mb_usb/Debug/mb_usb.elf' is downloaded to processor 'microblaze_0'.
22:25:10 INFO  : ----------------XSDB Script----------------
connect -url tcp:127.0.0.1:3121
targets -set -filter {jtag_cable_name =~ "RealDigital Boo 887429230257A" && level==0 && jtag_device_ctx=="jsn1-0362f093-0"}
fpga -file C:/Users/steff/Downloads/ece385git/lab62/workspace/mb_usb/_ide/bitstream/mb_usb_hdmi_top.bit
targets -set -nocase -filter {name =~ "*microblaze*#0" && bscan=="USER2" }
loadhw -hw C:/Users/steff/Downloads/ece385git/lab62/workspace/mb_usb_hdmi_top/export/mb_usb_hdmi_top/hw/mb_usb_hdmi_top.xsa -regs
configparams mdm-detect-bscan-mask 2
targets -set -nocase -filter {name =~ "*microblaze*#0" && bscan=="USER2" }
rst -system
after 3000
targets -set -nocase -filter {name =~ "*microblaze*#0" && bscan=="USER2" }
dow C:/Users/steff/Downloads/ece385git/lab62/workspace/mb_usb/Debug/mb_usb.elf
----------------End of Script----------------

22:25:10 INFO  : Context for processor 'microblaze_0' is selected.
22:25:10 INFO  : 'con' command is executed.
22:25:10 INFO  : ----------------XSDB Script (After Launch)----------------
targets -set -nocase -filter {name =~ "*microblaze*#0" && bscan=="USER2" }
con
----------------End of Script----------------

22:25:10 INFO  : Disconnected from the channel tcfchan#11.
23:56:38 INFO  : Hardware specification for platform project 'mb_usb_hdmi_top' is updated.
23:56:54 INFO  : Result from executing command 'getProjects': mb_usb_hdmi_top
23:56:54 INFO  : Result from executing command 'getPlatforms': mb_usb_hdmi_top|C:/Users/steff/Downloads/ece385git/lab62/workspace/mb_usb_hdmi_top/export/mb_usb_hdmi_top/mb_usb_hdmi_top.xpfm
23:56:54 INFO  : Checking for BSP changes to sync application flags for project 'mb_usb'...
23:56:56 INFO  : The hardware specification used by project 'mb_usb' is out of sync with the platform. Resource files extracted from the hardware specification will be updated.
23:56:56 INFO  : The file 'C:\Users\steff\Downloads\ece385git\lab62\workspace\mb_usb\_ide\bitstream\mb_usb_hdmi_top.bit' stored in project is removed.
23:56:56 INFO  : The file 'C:\Users\steff\Downloads\ece385git\lab62\workspace\mb_usb\_ide\bitstream\mb_usb_hdmi_top.mmi' stored in project is removed.
23:56:56 INFO  : The updated bitstream files are copied from platform to folder 'C:\Users\steff\Downloads\ece385git\lab62\workspace\mb_usb\_ide\bitstream' in project 'mb_usb'.
23:57:00 INFO  : Connected to target on host '127.0.0.1' and port '3121'.
23:57:00 INFO  : Jtag cable 'RealDigital Boo 887429230257A' is selected.
23:57:00 INFO  : 'jtag frequency' command is executed.
23:57:00 INFO  : 'targets -set -filter {jtag_cable_name =~ "RealDigital Boo 887429230257A" && level==0 && jtag_device_ctx=="jsn1-0362f093-0"}' command is executed.
23:57:01 INFO  : Device configured successfully with "C:/Users/steff/Downloads/ece385git/lab62/workspace/mb_usb/_ide/bitstream/mb_usb_hdmi_top.bit"
23:57:01 INFO  : Context for processor 'microblaze_0' is selected.
23:57:01 INFO  : Hardware design and registers information is loaded from 'C:/Users/steff/Downloads/ece385git/lab62/workspace/mb_usb_hdmi_top/export/mb_usb_hdmi_top/hw/mb_usb_hdmi_top.xsa'.
23:57:01 INFO  : 'configparams mdm-detect-bscan-mask 2' command is executed.
23:57:01 INFO  : Context for processor 'microblaze_0' is selected.
23:57:01 INFO  : System reset is completed.
23:57:04 INFO  : 'after 3000' command is executed.
23:57:04 INFO  : Context for processor 'microblaze_0' is selected.
23:57:04 INFO  : The application 'C:/Users/steff/Downloads/ece385git/lab62/workspace/mb_usb/Debug/mb_usb.elf' is downloaded to processor 'microblaze_0'.
23:57:04 INFO  : ----------------XSDB Script----------------
connect -url tcp:127.0.0.1:3121
targets -set -filter {jtag_cable_name =~ "RealDigital Boo 887429230257A" && level==0 && jtag_device_ctx=="jsn1-0362f093-0"}
fpga -file C:/Users/steff/Downloads/ece385git/lab62/workspace/mb_usb/_ide/bitstream/mb_usb_hdmi_top.bit
targets -set -nocase -filter {name =~ "*microblaze*#0" && bscan=="USER2" }
loadhw -hw C:/Users/steff/Downloads/ece385git/lab62/workspace/mb_usb_hdmi_top/export/mb_usb_hdmi_top/hw/mb_usb_hdmi_top.xsa -regs
configparams mdm-detect-bscan-mask 2
targets -set -nocase -filter {name =~ "*microblaze*#0" && bscan=="USER2" }
rst -system
after 3000
targets -set -nocase -filter {name =~ "*microblaze*#0" && bscan=="USER2" }
dow C:/Users/steff/Downloads/ece385git/lab62/workspace/mb_usb/Debug/mb_usb.elf
----------------End of Script----------------

23:57:04 INFO  : Context for processor 'microblaze_0' is selected.
23:57:04 INFO  : 'con' command is executed.
23:57:04 INFO  : ----------------XSDB Script (After Launch)----------------
targets -set -nocase -filter {name =~ "*microblaze*#0" && bscan=="USER2" }
con
----------------End of Script----------------

23:57:04 INFO  : Disconnected from the channel tcfchan#13.
00:17:42 INFO  : Hardware specification for platform project 'mb_usb_hdmi_top' is updated.
00:17:51 INFO  : Result from executing command 'getProjects': mb_usb_hdmi_top
00:17:51 INFO  : Result from executing command 'getPlatforms': mb_usb_hdmi_top|C:/Users/steff/Downloads/ece385git/lab62/workspace/mb_usb_hdmi_top/export/mb_usb_hdmi_top/mb_usb_hdmi_top.xpfm
00:17:52 INFO  : Checking for BSP changes to sync application flags for project 'mb_usb'...
00:17:54 INFO  : The hardware specification used by project 'mb_usb' is out of sync with the platform. Resource files extracted from the hardware specification will be updated.
00:17:54 INFO  : The file 'C:\Users\steff\Downloads\ece385git\lab62\workspace\mb_usb\_ide\bitstream\mb_usb_hdmi_top.bit' stored in project is removed.
00:17:54 INFO  : The file 'C:\Users\steff\Downloads\ece385git\lab62\workspace\mb_usb\_ide\bitstream\mb_usb_hdmi_top.mmi' stored in project is removed.
00:17:54 INFO  : The updated bitstream files are copied from platform to folder 'C:\Users\steff\Downloads\ece385git\lab62\workspace\mb_usb\_ide\bitstream' in project 'mb_usb'.
00:18:00 INFO  : Connected to target on host '127.0.0.1' and port '3121'.
00:18:00 INFO  : Jtag cable 'RealDigital Boo 887429230257A' is selected.
00:18:00 INFO  : 'jtag frequency' command is executed.
00:18:00 INFO  : 'targets -set -filter {jtag_cable_name =~ "RealDigital Boo 887429230257A" && level==0 && jtag_device_ctx=="jsn1-0362f093-0"}' command is executed.
00:18:01 INFO  : Device configured successfully with "C:/Users/steff/Downloads/ece385git/lab62/workspace/mb_usb/_ide/bitstream/mb_usb_hdmi_top.bit"
00:18:01 INFO  : Context for processor 'microblaze_0' is selected.
00:18:01 INFO  : Hardware design and registers information is loaded from 'C:/Users/steff/Downloads/ece385git/lab62/workspace/mb_usb_hdmi_top/export/mb_usb_hdmi_top/hw/mb_usb_hdmi_top.xsa'.
00:18:01 INFO  : 'configparams mdm-detect-bscan-mask 2' command is executed.
00:18:01 INFO  : Context for processor 'microblaze_0' is selected.
00:18:01 INFO  : System reset is completed.
00:18:04 INFO  : 'after 3000' command is executed.
00:18:04 INFO  : Context for processor 'microblaze_0' is selected.
00:18:04 INFO  : The application 'C:/Users/steff/Downloads/ece385git/lab62/workspace/mb_usb/Debug/mb_usb.elf' is downloaded to processor 'microblaze_0'.
00:18:04 INFO  : ----------------XSDB Script----------------
connect -url tcp:127.0.0.1:3121
targets -set -filter {jtag_cable_name =~ "RealDigital Boo 887429230257A" && level==0 && jtag_device_ctx=="jsn1-0362f093-0"}
fpga -file C:/Users/steff/Downloads/ece385git/lab62/workspace/mb_usb/_ide/bitstream/mb_usb_hdmi_top.bit
targets -set -nocase -filter {name =~ "*microblaze*#0" && bscan=="USER2" }
loadhw -hw C:/Users/steff/Downloads/ece385git/lab62/workspace/mb_usb_hdmi_top/export/mb_usb_hdmi_top/hw/mb_usb_hdmi_top.xsa -regs
configparams mdm-detect-bscan-mask 2
targets -set -nocase -filter {name =~ "*microblaze*#0" && bscan=="USER2" }
rst -system
after 3000
targets -set -nocase -filter {name =~ "*microblaze*#0" && bscan=="USER2" }
dow C:/Users/steff/Downloads/ece385git/lab62/workspace/mb_usb/Debug/mb_usb.elf
----------------End of Script----------------

00:18:04 INFO  : Context for processor 'microblaze_0' is selected.
00:18:04 INFO  : 'con' command is executed.
00:18:04 INFO  : ----------------XSDB Script (After Launch)----------------
targets -set -nocase -filter {name =~ "*microblaze*#0" && bscan=="USER2" }
con
----------------End of Script----------------

00:18:04 INFO  : Disconnected from the channel tcfchan#15.
11:24:48 INFO  : Hardware specification for platform project 'mb_usb_hdmi_top' is updated.
11:25:04 INFO  : Result from executing command 'getProjects': mb_usb_hdmi_top
11:25:04 INFO  : Result from executing command 'getPlatforms': mb_usb_hdmi_top|C:/Users/steff/Downloads/ece385git/lab62/workspace/mb_usb_hdmi_top/export/mb_usb_hdmi_top/mb_usb_hdmi_top.xpfm
11:25:05 INFO  : Checking for BSP changes to sync application flags for project 'mb_usb'...
11:25:07 INFO  : The hardware specification used by project 'mb_usb' is out of sync with the platform. Resource files extracted from the hardware specification will be updated.
11:25:07 INFO  : The file 'C:\Users\steff\Downloads\ece385git\lab62\workspace\mb_usb\_ide\bitstream\mb_usb_hdmi_top.bit' stored in project is removed.
11:25:07 INFO  : The file 'C:\Users\steff\Downloads\ece385git\lab62\workspace\mb_usb\_ide\bitstream\mb_usb_hdmi_top.mmi' stored in project is removed.
11:25:07 INFO  : The updated bitstream files are copied from platform to folder 'C:\Users\steff\Downloads\ece385git\lab62\workspace\mb_usb\_ide\bitstream' in project 'mb_usb'.
11:25:11 INFO  : Connected to target on host '127.0.0.1' and port '3121'.
11:25:11 INFO  : Jtag cable 'RealDigital Boo 887429230257A' is selected.
11:25:11 INFO  : 'jtag frequency' command is executed.
11:25:11 INFO  : 'targets -set -filter {jtag_cable_name =~ "RealDigital Boo 887429230257A" && level==0 && jtag_device_ctx=="jsn1-0362f093-0"}' command is executed.
11:25:13 INFO  : Device configured successfully with "C:/Users/steff/Downloads/ece385git/lab62/workspace/mb_usb/_ide/bitstream/mb_usb_hdmi_top.bit"
11:25:13 INFO  : Context for processor 'microblaze_0' is selected.
11:25:13 INFO  : Hardware design and registers information is loaded from 'C:/Users/steff/Downloads/ece385git/lab62/workspace/mb_usb_hdmi_top/export/mb_usb_hdmi_top/hw/mb_usb_hdmi_top.xsa'.
11:25:13 INFO  : 'configparams mdm-detect-bscan-mask 2' command is executed.
11:25:13 INFO  : Context for processor 'microblaze_0' is selected.
11:25:13 INFO  : System reset is completed.
11:25:16 INFO  : 'after 3000' command is executed.
11:25:16 INFO  : Context for processor 'microblaze_0' is selected.
11:25:16 INFO  : The application 'C:/Users/steff/Downloads/ece385git/lab62/workspace/mb_usb/Debug/mb_usb.elf' is downloaded to processor 'microblaze_0'.
11:25:16 INFO  : ----------------XSDB Script----------------
connect -url tcp:127.0.0.1:3121
targets -set -filter {jtag_cable_name =~ "RealDigital Boo 887429230257A" && level==0 && jtag_device_ctx=="jsn1-0362f093-0"}
fpga -file C:/Users/steff/Downloads/ece385git/lab62/workspace/mb_usb/_ide/bitstream/mb_usb_hdmi_top.bit
targets -set -nocase -filter {name =~ "*microblaze*#0" && bscan=="USER2" }
loadhw -hw C:/Users/steff/Downloads/ece385git/lab62/workspace/mb_usb_hdmi_top/export/mb_usb_hdmi_top/hw/mb_usb_hdmi_top.xsa -regs
configparams mdm-detect-bscan-mask 2
targets -set -nocase -filter {name =~ "*microblaze*#0" && bscan=="USER2" }
rst -system
after 3000
targets -set -nocase -filter {name =~ "*microblaze*#0" && bscan=="USER2" }
dow C:/Users/steff/Downloads/ece385git/lab62/workspace/mb_usb/Debug/mb_usb.elf
----------------End of Script----------------

11:25:16 INFO  : Context for processor 'microblaze_0' is selected.
11:25:16 INFO  : 'con' command is executed.
11:25:16 INFO  : ----------------XSDB Script (After Launch)----------------
targets -set -nocase -filter {name =~ "*microblaze*#0" && bscan=="USER2" }
con
----------------End of Script----------------

11:25:16 INFO  : Disconnected from the channel tcfchan#17.
11:34:17 INFO  : Hardware specification for platform project 'mb_usb_hdmi_top' is updated.
11:34:30 INFO  : Result from executing command 'getProjects': mb_usb_hdmi_top
11:34:30 INFO  : Result from executing command 'getPlatforms': mb_usb_hdmi_top|C:/Users/steff/Downloads/ece385git/lab62/workspace/mb_usb_hdmi_top/export/mb_usb_hdmi_top/mb_usb_hdmi_top.xpfm
11:34:31 INFO  : Checking for BSP changes to sync application flags for project 'mb_usb'...
11:34:32 INFO  : The hardware specification used by project 'mb_usb' is out of sync with the platform. Resource files extracted from the hardware specification will be updated.
11:34:32 INFO  : The file 'C:\Users\steff\Downloads\ece385git\lab62\workspace\mb_usb\_ide\bitstream\mb_usb_hdmi_top.bit' stored in project is removed.
11:34:32 INFO  : The file 'C:\Users\steff\Downloads\ece385git\lab62\workspace\mb_usb\_ide\bitstream\mb_usb_hdmi_top.mmi' stored in project is removed.
11:34:32 INFO  : The updated bitstream files are copied from platform to folder 'C:\Users\steff\Downloads\ece385git\lab62\workspace\mb_usb\_ide\bitstream' in project 'mb_usb'.
11:34:40 INFO  : Connected to target on host '127.0.0.1' and port '3121'.
11:34:41 INFO  : Jtag cable 'RealDigital Boo 887429230257A' is selected.
11:34:41 INFO  : 'jtag frequency' command is executed.
11:34:41 INFO  : 'targets -set -filter {jtag_cable_name =~ "RealDigital Boo 887429230257A" && level==0 && jtag_device_ctx=="jsn1-0362f093-0"}' command is executed.
11:34:42 INFO  : Device configured successfully with "C:/Users/steff/Downloads/ece385git/lab62/workspace/mb_usb/_ide/bitstream/mb_usb_hdmi_top.bit"
11:34:42 INFO  : Context for processor 'microblaze_0' is selected.
11:34:42 INFO  : Hardware design and registers information is loaded from 'C:/Users/steff/Downloads/ece385git/lab62/workspace/mb_usb_hdmi_top/export/mb_usb_hdmi_top/hw/mb_usb_hdmi_top.xsa'.
11:34:42 INFO  : 'configparams mdm-detect-bscan-mask 2' command is executed.
11:34:42 INFO  : Context for processor 'microblaze_0' is selected.
11:34:42 INFO  : System reset is completed.
11:34:45 INFO  : 'after 3000' command is executed.
11:34:45 INFO  : Context for processor 'microblaze_0' is selected.
11:34:45 INFO  : The application 'C:/Users/steff/Downloads/ece385git/lab62/workspace/mb_usb/Debug/mb_usb.elf' is downloaded to processor 'microblaze_0'.
11:34:45 INFO  : ----------------XSDB Script----------------
connect -url tcp:127.0.0.1:3121
targets -set -filter {jtag_cable_name =~ "RealDigital Boo 887429230257A" && level==0 && jtag_device_ctx=="jsn1-0362f093-0"}
fpga -file C:/Users/steff/Downloads/ece385git/lab62/workspace/mb_usb/_ide/bitstream/mb_usb_hdmi_top.bit
targets -set -nocase -filter {name =~ "*microblaze*#0" && bscan=="USER2" }
loadhw -hw C:/Users/steff/Downloads/ece385git/lab62/workspace/mb_usb_hdmi_top/export/mb_usb_hdmi_top/hw/mb_usb_hdmi_top.xsa -regs
configparams mdm-detect-bscan-mask 2
targets -set -nocase -filter {name =~ "*microblaze*#0" && bscan=="USER2" }
rst -system
after 3000
targets -set -nocase -filter {name =~ "*microblaze*#0" && bscan=="USER2" }
dow C:/Users/steff/Downloads/ece385git/lab62/workspace/mb_usb/Debug/mb_usb.elf
----------------End of Script----------------

11:34:45 INFO  : Context for processor 'microblaze_0' is selected.
11:34:45 INFO  : 'con' command is executed.
11:34:45 INFO  : ----------------XSDB Script (After Launch)----------------
targets -set -nocase -filter {name =~ "*microblaze*#0" && bscan=="USER2" }
con
----------------End of Script----------------

11:34:45 INFO  : Disconnected from the channel tcfchan#19.
12:14:47 INFO  : Hardware specification for platform project 'mb_usb_hdmi_top' is updated.
12:14:56 INFO  : Result from executing command 'getProjects': mb_usb_hdmi_top
12:14:56 INFO  : Result from executing command 'getPlatforms': mb_usb_hdmi_top|C:/Users/steff/Downloads/ece385git/lab62/workspace/mb_usb_hdmi_top/export/mb_usb_hdmi_top/mb_usb_hdmi_top.xpfm
12:14:56 INFO  : Checking for BSP changes to sync application flags for project 'mb_usb'...
12:14:58 INFO  : The hardware specification used by project 'mb_usb' is out of sync with the platform. Resource files extracted from the hardware specification will be updated.
12:14:58 INFO  : The file 'C:\Users\steff\Downloads\ece385git\lab62\workspace\mb_usb\_ide\bitstream\mb_usb_hdmi_top.bit' stored in project is removed.
12:14:58 INFO  : The file 'C:\Users\steff\Downloads\ece385git\lab62\workspace\mb_usb\_ide\bitstream\mb_usb_hdmi_top.mmi' stored in project is removed.
12:14:58 INFO  : The updated bitstream files are copied from platform to folder 'C:\Users\steff\Downloads\ece385git\lab62\workspace\mb_usb\_ide\bitstream' in project 'mb_usb'.
12:15:02 INFO  : Connected to target on host '127.0.0.1' and port '3121'.
12:15:02 INFO  : Jtag cable 'RealDigital Boo 887429230257A' is selected.
12:15:02 INFO  : 'jtag frequency' command is executed.
12:15:02 INFO  : 'targets -set -filter {jtag_cable_name =~ "RealDigital Boo 887429230257A" && level==0 && jtag_device_ctx=="jsn1-0362f093-0"}' command is executed.
12:15:03 INFO  : Device configured successfully with "C:/Users/steff/Downloads/ece385git/lab62/workspace/mb_usb/_ide/bitstream/mb_usb_hdmi_top.bit"
12:15:04 INFO  : Context for processor 'microblaze_0' is selected.
12:15:04 INFO  : Hardware design and registers information is loaded from 'C:/Users/steff/Downloads/ece385git/lab62/workspace/mb_usb_hdmi_top/export/mb_usb_hdmi_top/hw/mb_usb_hdmi_top.xsa'.
12:15:04 INFO  : 'configparams mdm-detect-bscan-mask 2' command is executed.
12:15:04 INFO  : Context for processor 'microblaze_0' is selected.
12:15:04 INFO  : System reset is completed.
12:15:07 INFO  : 'after 3000' command is executed.
12:15:07 INFO  : Context for processor 'microblaze_0' is selected.
12:15:07 INFO  : The application 'C:/Users/steff/Downloads/ece385git/lab62/workspace/mb_usb/Debug/mb_usb.elf' is downloaded to processor 'microblaze_0'.
12:15:07 INFO  : ----------------XSDB Script----------------
connect -url tcp:127.0.0.1:3121
targets -set -filter {jtag_cable_name =~ "RealDigital Boo 887429230257A" && level==0 && jtag_device_ctx=="jsn1-0362f093-0"}
fpga -file C:/Users/steff/Downloads/ece385git/lab62/workspace/mb_usb/_ide/bitstream/mb_usb_hdmi_top.bit
targets -set -nocase -filter {name =~ "*microblaze*#0" && bscan=="USER2" }
loadhw -hw C:/Users/steff/Downloads/ece385git/lab62/workspace/mb_usb_hdmi_top/export/mb_usb_hdmi_top/hw/mb_usb_hdmi_top.xsa -regs
configparams mdm-detect-bscan-mask 2
targets -set -nocase -filter {name =~ "*microblaze*#0" && bscan=="USER2" }
rst -system
after 3000
targets -set -nocase -filter {name =~ "*microblaze*#0" && bscan=="USER2" }
dow C:/Users/steff/Downloads/ece385git/lab62/workspace/mb_usb/Debug/mb_usb.elf
----------------End of Script----------------

12:15:07 INFO  : Context for processor 'microblaze_0' is selected.
12:15:07 INFO  : 'con' command is executed.
12:15:07 INFO  : ----------------XSDB Script (After Launch)----------------
targets -set -nocase -filter {name =~ "*microblaze*#0" && bscan=="USER2" }
con
----------------End of Script----------------

12:15:07 INFO  : Disconnected from the channel tcfchan#21.
12:26:52 DEBUG : Logs will be stored at 'C:/Users/steff/Downloads/ece385git/lab62/workspace/IDE.log'.
12:26:53 INFO  : Launching XSCT server: xsct.bat -n  -interactive C:\Users\steff\Downloads\ece385git\lab62\workspace\temp_xsdb_launch_script.tcl
12:26:56 INFO  : Platform repository initialization has completed.
12:26:56 INFO  : Registering command handlers for Vitis TCF services
12:26:57 INFO  : XSCT server has started successfully.
12:27:01 INFO  : Successfully done setting XSCT server connection channel  
12:27:01 INFO  : plnx-install-location is set to ''
12:27:01 INFO  : Successfully done query RDI_DATADIR 
12:27:01 INFO  : Successfully done setting workspace for the tool. 
12:27:19 INFO  : Hardware specification for platform project 'mb_usb_hdmi_top' is updated.
12:27:29 INFO  : Result from executing command 'getProjects': mb_usb_hdmi_top
12:27:29 INFO  : Result from executing command 'getPlatforms': mb_usb_hdmi_top|C:/Users/steff/Downloads/ece385git/lab62/workspace/mb_usb_hdmi_top/export/mb_usb_hdmi_top/mb_usb_hdmi_top.xpfm
12:27:30 INFO  : Checking for BSP changes to sync application flags for project 'mb_usb'...
12:27:32 INFO  : The hardware specification used by project 'mb_usb' is out of sync with the platform. Resource files extracted from the hardware specification will be updated.
12:27:32 INFO  : The file 'C:\Users\steff\Downloads\ece385git\lab62\workspace\mb_usb\_ide\bitstream\mb_usb_hdmi_top.bit' stored in project is removed.
12:27:32 INFO  : The file 'C:\Users\steff\Downloads\ece385git\lab62\workspace\mb_usb\_ide\bitstream\mb_usb_hdmi_top.mmi' stored in project is removed.
12:27:32 INFO  : The updated bitstream files are copied from platform to folder 'C:\Users\steff\Downloads\ece385git\lab62\workspace\mb_usb\_ide\bitstream' in project 'mb_usb'.
12:27:36 INFO  : Connected to target on host '127.0.0.1' and port '3121'.
12:27:36 INFO  : Jtag cable 'RealDigital Boo 887429230257A' is selected.
12:27:36 INFO  : 'jtag frequency' command is executed.
12:27:36 INFO  : 'targets -set -filter {jtag_cable_name =~ "RealDigital Boo 887429230257A" && level==0 && jtag_device_ctx=="jsn1-0362f093-0"}' command is executed.
12:27:38 INFO  : Device configured successfully with "C:/Users/steff/Downloads/ece385git/lab62/workspace/mb_usb/_ide/bitstream/mb_usb_hdmi_top.bit"
12:27:38 INFO  : Context for processor 'microblaze_0' is selected.
12:27:38 INFO  : Hardware design and registers information is loaded from 'C:/Users/steff/Downloads/ece385git/lab62/workspace/mb_usb_hdmi_top/export/mb_usb_hdmi_top/hw/mb_usb_hdmi_top.xsa'.
12:27:38 INFO  : 'configparams mdm-detect-bscan-mask 2' command is executed.
12:27:38 INFO  : Context for processor 'microblaze_0' is selected.
12:27:38 INFO  : System reset is completed.
12:27:41 INFO  : 'after 3000' command is executed.
12:27:41 INFO  : Context for processor 'microblaze_0' is selected.
12:27:41 INFO  : The application 'C:/Users/steff/Downloads/ece385git/lab62/workspace/mb_usb/Debug/mb_usb.elf' is downloaded to processor 'microblaze_0'.
12:27:41 INFO  : ----------------XSDB Script----------------
connect -url tcp:127.0.0.1:3121
targets -set -filter {jtag_cable_name =~ "RealDigital Boo 887429230257A" && level==0 && jtag_device_ctx=="jsn1-0362f093-0"}
fpga -file C:/Users/steff/Downloads/ece385git/lab62/workspace/mb_usb/_ide/bitstream/mb_usb_hdmi_top.bit
targets -set -nocase -filter {name =~ "*microblaze*#0" && bscan=="USER2" }
loadhw -hw C:/Users/steff/Downloads/ece385git/lab62/workspace/mb_usb_hdmi_top/export/mb_usb_hdmi_top/hw/mb_usb_hdmi_top.xsa -regs
configparams mdm-detect-bscan-mask 2
targets -set -nocase -filter {name =~ "*microblaze*#0" && bscan=="USER2" }
rst -system
after 3000
targets -set -nocase -filter {name =~ "*microblaze*#0" && bscan=="USER2" }
dow C:/Users/steff/Downloads/ece385git/lab62/workspace/mb_usb/Debug/mb_usb.elf
----------------End of Script----------------

12:27:41 INFO  : Context for processor 'microblaze_0' is selected.
12:27:41 INFO  : 'con' command is executed.
12:27:41 INFO  : ----------------XSDB Script (After Launch)----------------
targets -set -nocase -filter {name =~ "*microblaze*#0" && bscan=="USER2" }
con
----------------End of Script----------------

12:27:41 INFO  : Disconnected from the channel tcfchan#2.
