
*** Running vivado
    with args -log mb_block_ilmb_v10_0.vds -m64 -product Vivado -mode batch -messageDb vivado.pb -notrace -source mb_block_ilmb_v10_0.tcl



****** Vivado v2022.2 (64-bit)
  **** SW Build 3671981 on Fri Oct 14 05:00:03 MDT 2022
  **** IP Build 3669848 on Fri Oct 14 08:30:02 MDT 2022
    ** Copyright 1986-2022 Xilinx, Inc. All Rights Reserved.

source mb_block_ilmb_v10_0.tcl -notrace
INFO: [IP_Flow 19-234] Refreshing IP repositories
INFO: [IP_Flow 19-1700] Loaded user IP repository 'c:/Users/steff/OneDrive/Documents/ECE385/ip_repo/hdmi_packman_controller_1_0'.
INFO: [IP_Flow 19-1700] Loaded user IP repository 'c:/Users/steff/Downloads/RD_hdmi_ip2020'.
INFO: [IP_Flow 19-2313] Loaded Vivado IP repository 'C:/Xilinx/Vivado/2022.2/data/ip'.
INFO: [IP_Flow 19-6924] IPCACHE: Running cache check for IP inst: mb_block_ilmb_v10_0
WARNING: [IP_Flow 19-5242] IP Cache entry (cache-ID 8b859a7611e3417d) does not have the required number of cached files and is not valid. Please delete this entry using the TCL command: 'config_ip_cache -remove [get_ips mb_block_ilmb_v10_0]'
Command: synth_design -top mb_block_ilmb_v10_0 -part xc7s50csga324-1 -incremental_mode off -mode out_of_context
Starting synth_design
Attempting to get a license for feature 'Synthesis' and/or device 'xc7s50'
INFO: [Common 17-349] Got license for feature 'Synthesis' and/or device 'xc7s50'
INFO: [Device 21-403] Loading part xc7s50csga324-1
INFO: [Synth 8-7079] Multithreading enabled for synth_design using a maximum of 2 processes.
INFO: [Synth 8-7078] Launching helper process for spawning children vivado processes
INFO: [Synth 8-7075] Helper process launched with PID 204540
INFO: [Synth 8-11241] undeclared symbol 'REGCCE', assumed default net type 'wire' [C:/Xilinx/Vivado/2022.2/data/verilog/src/unimacro/BRAM_SINGLE_MACRO.v:2170]
---------------------------------------------------------------------------------
Starting RTL Elaboration : Time (s): cpu = 00:00:01 ; elapsed = 00:00:04 . Memory (MB): peak = 1185.785 ; gain = 405.234
---------------------------------------------------------------------------------
INFO: [Synth 8-638] synthesizing module 'mb_block_ilmb_v10_0' [c:/Users/steff/OneDrive/Documents/ECE385/packman/packman.gen/sources_1/bd/mb_block/ip/mb_block_ilmb_v10_0/synth/mb_block_ilmb_v10_0.vhd:89]
	Parameter C_LMB_NUM_SLAVES bound to: 1 - type: integer 
	Parameter C_LMB_DWIDTH bound to: 32 - type: integer 
	Parameter C_LMB_AWIDTH bound to: 32 - type: integer 
	Parameter C_LMB_PROTOCOL bound to: 0 - type: integer 
	Parameter C_EXT_RESET_HIGH bound to: 1 - type: integer 
INFO: [Synth 8-3491] module 'lmb_v10' declared at 'c:/Users/steff/OneDrive/Documents/ECE385/packman/packman.gen/sources_1/bd/mb_block/ipshared/cd1d/hdl/lmb_v10_v3_0_vh_rfs.vhd:92' bound to instance 'U0' of component 'lmb_v10' [c:/Users/steff/OneDrive/Documents/ECE385/packman/packman.gen/sources_1/bd/mb_block/ip/mb_block_ilmb_v10_0/synth/mb_block_ilmb_v10_0.vhd:165]
INFO: [Synth 8-638] synthesizing module 'lmb_v10' [c:/Users/steff/OneDrive/Documents/ECE385/packman/packman.gen/sources_1/bd/mb_block/ipshared/cd1d/hdl/lmb_v10_v3_0_vh_rfs.vhd:141]
INFO: [Synth 8-3491] module 'FDS' declared at 'C:/Xilinx/Vivado/2022.2/scripts/rt/data/unisim_comp.v:38831' bound to instance 'POR_FF_I' of component 'FDS' [c:/Users/steff/OneDrive/Documents/ECE385/packman/packman.gen/sources_1/bd/mb_block/ipshared/cd1d/hdl/lmb_v10_v3_0_vh_rfs.vhd:171]
INFO: [Synth 8-6157] synthesizing module 'FDS' [C:/Xilinx/Vivado/2022.2/scripts/rt/data/unisim_comp.v:38831]
INFO: [Synth 8-6155] done synthesizing module 'FDS' (0#1) [C:/Xilinx/Vivado/2022.2/scripts/rt/data/unisim_comp.v:38831]
INFO: [Synth 8-256] done synthesizing module 'lmb_v10' (0#1) [c:/Users/steff/OneDrive/Documents/ECE385/packman/packman.gen/sources_1/bd/mb_block/ipshared/cd1d/hdl/lmb_v10_v3_0_vh_rfs.vhd:141]
INFO: [Synth 8-256] done synthesizing module 'mb_block_ilmb_v10_0' (0#1) [c:/Users/steff/OneDrive/Documents/ECE385/packman/packman.gen/sources_1/bd/mb_block/ip/mb_block_ilmb_v10_0/synth/mb_block_ilmb_v10_0.vhd:89]
---------------------------------------------------------------------------------
Finished RTL Elaboration : Time (s): cpu = 00:00:02 ; elapsed = 00:00:06 . Memory (MB): peak = 1280.820 ; gain = 500.270
---------------------------------------------------------------------------------
---------------------------------------------------------------------------------
Start Handling Custom Attributes
---------------------------------------------------------------------------------
---------------------------------------------------------------------------------
Finished Handling Custom Attributes : Time (s): cpu = 00:00:02 ; elapsed = 00:00:06 . Memory (MB): peak = 1280.820 ; gain = 500.270
---------------------------------------------------------------------------------
---------------------------------------------------------------------------------
Finished RTL Optimization Phase 1 : Time (s): cpu = 00:00:02 ; elapsed = 00:00:06 . Memory (MB): peak = 1280.820 ; gain = 500.270
---------------------------------------------------------------------------------
Netlist sorting complete. Time (s): cpu = 00:00:00 ; elapsed = 00:00:00.003 . Memory (MB): peak = 1280.820 ; gain = 0.000
INFO: [Netlist 29-17] Analyzing 1 Unisim elements for replacement
INFO: [Netlist 29-28] Unisim Transformation completed in 0 CPU seconds
INFO: [Project 1-570] Preparing netlist for logic optimization

Processing XDC Constraints
Initializing timing engine
Parsing XDC File [c:/Users/steff/OneDrive/Documents/ECE385/packman/packman.gen/sources_1/bd/mb_block/ip/mb_block_ilmb_v10_0/mb_block_ilmb_v10_0_ooc.xdc] for cell 'U0'
Finished Parsing XDC File [c:/Users/steff/OneDrive/Documents/ECE385/packman/packman.gen/sources_1/bd/mb_block/ip/mb_block_ilmb_v10_0/mb_block_ilmb_v10_0_ooc.xdc] for cell 'U0'
Parsing XDC File [C:/Users/steff/OneDrive/Documents/ECE385/packman/packman.runs/mb_block_ilmb_v10_0_synth_1/dont_touch.xdc]
Finished Parsing XDC File [C:/Users/steff/OneDrive/Documents/ECE385/packman/packman.runs/mb_block_ilmb_v10_0_synth_1/dont_touch.xdc]
Completed Processing XDC Constraints

Netlist sorting complete. Time (s): cpu = 00:00:00 ; elapsed = 00:00:00 . Memory (MB): peak = 1280.820 ; gain = 0.000
INFO: [Project 1-111] Unisim Transformation Summary:
  A total of 1 instances were transformed.
  FDS => FDSE: 1 instance 

Constraint Validation Runtime : Time (s): cpu = 00:00:00 ; elapsed = 00:00:00.016 . Memory (MB): peak = 1280.820 ; gain = 0.000
INFO: [Designutils 20-5008] Incremental synthesis strategy off
INFO: [Synth 8-11241] undeclared symbol 'REGCCE', assumed default net type 'wire' [C:/Xilinx/Vivado/2022.2/data/verilog/src/unimacro/BRAM_SINGLE_MACRO.v:2170]
---------------------------------------------------------------------------------
Finished Constraint Validation : Time (s): cpu = 00:00:03 ; elapsed = 00:00:12 . Memory (MB): peak = 1280.820 ; gain = 500.270
---------------------------------------------------------------------------------
---------------------------------------------------------------------------------
Start Loading Part and Timing Information
---------------------------------------------------------------------------------
Loading part: xc7s50csga324-1
---------------------------------------------------------------------------------
Finished Loading Part and Timing Information : Time (s): cpu = 00:00:03 ; elapsed = 00:00:12 . Memory (MB): peak = 1280.820 ; gain = 500.270
---------------------------------------------------------------------------------
---------------------------------------------------------------------------------
Start Applying 'set_property' XDC Constraints
---------------------------------------------------------------------------------
Applied set_property KEEP_HIERARCHY = SOFT for U0. (constraint file  C:/Users/steff/OneDrive/Documents/ECE385/packman/packman.runs/mb_block_ilmb_v10_0_synth_1/dont_touch.xdc, line 9).
---------------------------------------------------------------------------------
Finished applying 'set_property' XDC Constraints : Time (s): cpu = 00:00:03 ; elapsed = 00:00:12 . Memory (MB): peak = 1280.820 ; gain = 500.270
---------------------------------------------------------------------------------
---------------------------------------------------------------------------------
Finished RTL Optimization Phase 2 : Time (s): cpu = 00:00:03 ; elapsed = 00:00:12 . Memory (MB): peak = 1280.820 ; gain = 500.270
---------------------------------------------------------------------------------
---------------------------------------------------------------------------------
Start RTL Component Statistics 
---------------------------------------------------------------------------------
Detailed RTL Component Info : 
---------------------------------------------------------------------------------
Finished RTL Component Statistics 
---------------------------------------------------------------------------------
---------------------------------------------------------------------------------
Start Part Resource Summary
---------------------------------------------------------------------------------
Part Resources:
DSPs: 120 (col length:60)
BRAMs: 150 (col length: RAMB18 60 RAMB36 30)
---------------------------------------------------------------------------------
Finished Part Resource Summary
---------------------------------------------------------------------------------
---------------------------------------------------------------------------------
Start Cross Boundary and Area Optimization
---------------------------------------------------------------------------------
WARNING: [Synth 8-7080] Parallel synthesis criteria is not met
---------------------------------------------------------------------------------
Finished Cross Boundary and Area Optimization : Time (s): cpu = 00:00:04 ; elapsed = 00:00:14 . Memory (MB): peak = 1280.820 ; gain = 500.270
---------------------------------------------------------------------------------
---------------------------------------------------------------------------------
Start Applying XDC Timing Constraints
---------------------------------------------------------------------------------
---------------------------------------------------------------------------------
Finished Applying XDC Timing Constraints : Time (s): cpu = 00:00:05 ; elapsed = 00:00:19 . Memory (MB): peak = 1280.820 ; gain = 500.270
---------------------------------------------------------------------------------
---------------------------------------------------------------------------------
Start Timing Optimization
---------------------------------------------------------------------------------
---------------------------------------------------------------------------------
Finished Timing Optimization : Time (s): cpu = 00:00:05 ; elapsed = 00:00:19 . Memory (MB): peak = 1280.820 ; gain = 500.270
---------------------------------------------------------------------------------
---------------------------------------------------------------------------------
Start Technology Mapping
---------------------------------------------------------------------------------
---------------------------------------------------------------------------------
Finished Technology Mapping : Time (s): cpu = 00:00:05 ; elapsed = 00:00:19 . Memory (MB): peak = 1280.820 ; gain = 500.270
---------------------------------------------------------------------------------
---------------------------------------------------------------------------------
Start IO Insertion
---------------------------------------------------------------------------------
---------------------------------------------------------------------------------
Start Flattening Before IO Insertion
---------------------------------------------------------------------------------
---------------------------------------------------------------------------------
Finished Flattening Before IO Insertion
---------------------------------------------------------------------------------
---------------------------------------------------------------------------------
Start Final Netlist Cleanup
---------------------------------------------------------------------------------
---------------------------------------------------------------------------------
Finished Final Netlist Cleanup
---------------------------------------------------------------------------------
---------------------------------------------------------------------------------
Finished IO Insertion : Time (s): cpu = 00:00:06 ; elapsed = 00:00:22 . Memory (MB): peak = 1280.820 ; gain = 500.270
---------------------------------------------------------------------------------
---------------------------------------------------------------------------------
Start Renaming Generated Instances
---------------------------------------------------------------------------------
---------------------------------------------------------------------------------
Finished Renaming Generated Instances : Time (s): cpu = 00:00:06 ; elapsed = 00:00:22 . Memory (MB): peak = 1280.820 ; gain = 500.270
---------------------------------------------------------------------------------
---------------------------------------------------------------------------------
Start Rebuilding User Hierarchy
---------------------------------------------------------------------------------
---------------------------------------------------------------------------------
Finished Rebuilding User Hierarchy : Time (s): cpu = 00:00:06 ; elapsed = 00:00:22 . Memory (MB): peak = 1280.820 ; gain = 500.270
---------------------------------------------------------------------------------
---------------------------------------------------------------------------------
Start Renaming Generated Ports
---------------------------------------------------------------------------------
---------------------------------------------------------------------------------
Finished Renaming Generated Ports : Time (s): cpu = 00:00:06 ; elapsed = 00:00:22 . Memory (MB): peak = 1280.820 ; gain = 500.270
---------------------------------------------------------------------------------
---------------------------------------------------------------------------------
Start Handling Custom Attributes
---------------------------------------------------------------------------------
---------------------------------------------------------------------------------
Finished Handling Custom Attributes : Time (s): cpu = 00:00:06 ; elapsed = 00:00:22 . Memory (MB): peak = 1280.820 ; gain = 500.270
---------------------------------------------------------------------------------
---------------------------------------------------------------------------------
Start Renaming Generated Nets
---------------------------------------------------------------------------------
---------------------------------------------------------------------------------
Finished Renaming Generated Nets : Time (s): cpu = 00:00:06 ; elapsed = 00:00:22 . Memory (MB): peak = 1280.820 ; gain = 500.270
---------------------------------------------------------------------------------
---------------------------------------------------------------------------------
Start Writing Synthesis Report
---------------------------------------------------------------------------------

Report BlackBoxes: 
+-+--------------+----------+
| |BlackBox name |Instances |
+-+--------------+----------+
+-+--------------+----------+

Report Cell Usage: 
+------+-----+------+
|      |Cell |Count |
+------+-----+------+
|1     |FDS  |     1|
+------+-----+------+
---------------------------------------------------------------------------------
Finished Writing Synthesis Report : Time (s): cpu = 00:00:06 ; elapsed = 00:00:22 . Memory (MB): peak = 1280.820 ; gain = 500.270
---------------------------------------------------------------------------------
Synthesis finished with 0 errors, 0 critical warnings and 1 warnings.
Synthesis Optimization Runtime : Time (s): cpu = 00:00:04 ; elapsed = 00:00:21 . Memory (MB): peak = 1280.820 ; gain = 500.270
Synthesis Optimization Complete : Time (s): cpu = 00:00:06 ; elapsed = 00:00:22 . Memory (MB): peak = 1280.820 ; gain = 500.270
INFO: [Project 1-571] Translating synthesized netlist
Netlist sorting complete. Time (s): cpu = 00:00:00 ; elapsed = 00:00:00.003 . Memory (MB): peak = 1280.820 ; gain = 0.000
INFO: [Netlist 29-17] Analyzing 1 Unisim elements for replacement
INFO: [Netlist 29-28] Unisim Transformation completed in 0 CPU seconds
INFO: [Project 1-570] Preparing netlist for logic optimization
INFO: [Opt 31-138] Pushed 0 inverter(s) to 0 load pin(s).
Netlist sorting complete. Time (s): cpu = 00:00:00 ; elapsed = 00:00:00 . Memory (MB): peak = 1294.730 ; gain = 0.000
INFO: [Project 1-111] Unisim Transformation Summary:
  A total of 1 instances were transformed.
  FDS => FDSE: 1 instance 

Synth Design complete, checksum: 33715fab
INFO: [Common 17-83] Releasing license: Synthesis
32 Infos, 2 Warnings, 0 Critical Warnings and 0 Errors encountered.
synth_design completed successfully
synth_design: Time (s): cpu = 00:00:07 ; elapsed = 00:00:26 . Memory (MB): peak = 1294.730 ; gain = 890.980
INFO: [Common 17-1381] The checkpoint 'C:/Users/steff/OneDrive/Documents/ECE385/packman/packman.runs/mb_block_ilmb_v10_0_synth_1/mb_block_ilmb_v10_0.dcp' has been generated.
INFO: [Common 17-1381] The checkpoint 'C:/Users/steff/OneDrive/Documents/ECE385/packman/packman.runs/mb_block_ilmb_v10_0_synth_1/mb_block_ilmb_v10_0.dcp' has been generated.
INFO: [runtcl-4] Executing : report_utilization -file mb_block_ilmb_v10_0_utilization_synth.rpt -pb mb_block_ilmb_v10_0_utilization_synth.pb
INFO: [Common 17-206] Exiting Vivado at Sat Nov 30 11:05:21 2024...
