
*** Running vivado
    with args -log mb_intro_top.vds -m64 -product Vivado -mode batch -messageDb vivado.pb -notrace -source mb_intro_top.tcl



****** Vivado v2022.2 (64-bit)
  **** SW Build 3671981 on Fri Oct 14 05:00:03 MDT 2022
  **** IP Build 3669848 on Fri Oct 14 08:30:02 MDT 2022
    ** Copyright 1986-2022 Xilinx, Inc. All Rights Reserved.

source mb_intro_top.tcl -notrace
INFO: [IP_Flow 19-234] Refreshing IP repositories
INFO: [IP_Flow 19-1704] No user IP repositories specified
INFO: [IP_Flow 19-2313] Loaded Vivado IP repository 'C:/Xilinx/Vivado/2022.2/data/ip'.
Command: read_checkpoint -auto_incremental -incremental C:/Users/steff/Downloads/ece385git/lab6/lab6.srcs/utils_1/imports/synth_1/mb_intro_top.dcp
INFO: [Vivado 12-5825] Read reference checkpoint from C:/Users/steff/Downloads/ece385git/lab6/lab6.srcs/utils_1/imports/synth_1/mb_intro_top.dcp for incremental synthesis
INFO: [Vivado 12-7989] Please ensure there are no constraint changes
Command: synth_design -top mb_intro_top -part xc7s50csga324-1
Starting synth_design
Attempting to get a license for feature 'Synthesis' and/or device 'xc7s50'
INFO: [Common 17-349] Got license for feature 'Synthesis' and/or device 'xc7s50'
INFO: [Device 21-403] Loading part xc7s50csga324-1
INFO: [Designutils 20-5440] No compile time benefit to using incremental synthesis; A full resynthesis will be run
INFO: [Designutils 20-4379] Flow is switching to default flow due to incremental criteria not met. If you would like to alter this behaviour and have the flow terminate instead, please set the following parameter config_implementation {autoIncr.Synth.RejectBehavior Terminate}
INFO: [Synth 8-7079] Multithreading enabled for synth_design using a maximum of 2 processes.
INFO: [Synth 8-7078] Launching helper process for spawning children vivado processes
INFO: [Synth 8-7075] Helper process launched with PID 17872
INFO: [Synth 8-11241] undeclared symbol 'REGCCE', assumed default net type 'wire' [C:/Xilinx/Vivado/2022.2/data/verilog/src/unimacro/BRAM_SINGLE_MACRO.v:2170]
---------------------------------------------------------------------------------
Starting RTL Elaboration : Time (s): cpu = 00:00:03 ; elapsed = 00:00:04 . Memory (MB): peak = 1212.648 ; gain = 407.645
---------------------------------------------------------------------------------
INFO: [Synth 8-6157] synthesizing module 'mb_intro_top' [C:/Users/steff/Downloads/ece385git/lab6/lab6.srcs/sources_1/imports/design_source/mb_intro_top.sv:12]
INFO: [Synth 8-6157] synthesizing module 'mb_block' [c:/Users/steff/Downloads/ece385git/lab6/lab6.gen/sources_1/bd/mb_block/synth/mb_block.v:540]
INFO: [Synth 8-6157] synthesizing module 'mb_block_axi_gpio_0_0' [C:/Users/steff/Downloads/ece385git/lab6/lab6.runs/synth_1/.Xil/Vivado-12492-Winferior/realtime/mb_block_axi_gpio_0_0_stub.v:5]
INFO: [Synth 8-6155] done synthesizing module 'mb_block_axi_gpio_0_0' (0#1) [C:/Users/steff/Downloads/ece385git/lab6/lab6.runs/synth_1/.Xil/Vivado-12492-Winferior/realtime/mb_block_axi_gpio_0_0_stub.v:5]
INFO: [Synth 8-6157] synthesizing module 'mb_block_axi_gpio_1_0' [C:/Users/steff/Downloads/ece385git/lab6/lab6.runs/synth_1/.Xil/Vivado-12492-Winferior/realtime/mb_block_axi_gpio_1_0_stub.v:5]
INFO: [Synth 8-6155] done synthesizing module 'mb_block_axi_gpio_1_0' (0#1) [C:/Users/steff/Downloads/ece385git/lab6/lab6.runs/synth_1/.Xil/Vivado-12492-Winferior/realtime/mb_block_axi_gpio_1_0_stub.v:5]
INFO: [Synth 8-6157] synthesizing module 'mb_block_axi_uartlite_0_0' [C:/Users/steff/Downloads/ece385git/lab6/lab6.runs/synth_1/.Xil/Vivado-12492-Winferior/realtime/mb_block_axi_uartlite_0_0_stub.v:5]
INFO: [Synth 8-6155] done synthesizing module 'mb_block_axi_uartlite_0_0' (0#1) [C:/Users/steff/Downloads/ece385git/lab6/lab6.runs/synth_1/.Xil/Vivado-12492-Winferior/realtime/mb_block_axi_uartlite_0_0_stub.v:5]
INFO: [Synth 8-6157] synthesizing module 'mb_block_clk_wiz_1_0' [C:/Users/steff/Downloads/ece385git/lab6/lab6.runs/synth_1/.Xil/Vivado-12492-Winferior/realtime/mb_block_clk_wiz_1_0_stub.v:5]
INFO: [Synth 8-6155] done synthesizing module 'mb_block_clk_wiz_1_0' (0#1) [C:/Users/steff/Downloads/ece385git/lab6/lab6.runs/synth_1/.Xil/Vivado-12492-Winferior/realtime/mb_block_clk_wiz_1_0_stub.v:5]
INFO: [Synth 8-6157] synthesizing module 'mb_block_mdm_1_0' [C:/Users/steff/Downloads/ece385git/lab6/lab6.runs/synth_1/.Xil/Vivado-12492-Winferior/realtime/mb_block_mdm_1_0_stub.v:5]
INFO: [Synth 8-6155] done synthesizing module 'mb_block_mdm_1_0' (0#1) [C:/Users/steff/Downloads/ece385git/lab6/lab6.runs/synth_1/.Xil/Vivado-12492-Winferior/realtime/mb_block_mdm_1_0_stub.v:5]
INFO: [Synth 8-6157] synthesizing module 'mb_block_microblaze_0_0' [C:/Users/steff/Downloads/ece385git/lab6/lab6.runs/synth_1/.Xil/Vivado-12492-Winferior/realtime/mb_block_microblaze_0_0_stub.v:5]
INFO: [Synth 8-6155] done synthesizing module 'mb_block_microblaze_0_0' (0#1) [C:/Users/steff/Downloads/ece385git/lab6/lab6.runs/synth_1/.Xil/Vivado-12492-Winferior/realtime/mb_block_microblaze_0_0_stub.v:5]
INFO: [Synth 8-6157] synthesizing module 'mb_block_microblaze_0_axi_intc_0' [C:/Users/steff/Downloads/ece385git/lab6/lab6.runs/synth_1/.Xil/Vivado-12492-Winferior/realtime/mb_block_microblaze_0_axi_intc_0_stub.v:5]
INFO: [Synth 8-6155] done synthesizing module 'mb_block_microblaze_0_axi_intc_0' (0#1) [C:/Users/steff/Downloads/ece385git/lab6/lab6.runs/synth_1/.Xil/Vivado-12492-Winferior/realtime/mb_block_microblaze_0_axi_intc_0_stub.v:5]
INFO: [Synth 8-6157] synthesizing module 'mb_block_microblaze_0_axi_periph_0' [c:/Users/steff/Downloads/ece385git/lab6/lab6.gen/sources_1/bd/mb_block/synth/mb_block.v:988]
INFO: [Synth 8-6157] synthesizing module 'm00_couplers_imp_1TK4492' [c:/Users/steff/Downloads/ece385git/lab6/lab6.gen/sources_1/bd/mb_block/synth/mb_block.v:12]
INFO: [Synth 8-6155] done synthesizing module 'm00_couplers_imp_1TK4492' (0#1) [c:/Users/steff/Downloads/ece385git/lab6/lab6.gen/sources_1/bd/mb_block/synth/mb_block.v:12]
INFO: [Synth 8-6157] synthesizing module 'm01_couplers_imp_UT2LJ' [c:/Users/steff/Downloads/ece385git/lab6/lab6.gen/sources_1/bd/mb_block/synth/mb_block.v:144]
INFO: [Synth 8-6155] done synthesizing module 'm01_couplers_imp_UT2LJ' (0#1) [c:/Users/steff/Downloads/ece385git/lab6/lab6.gen/sources_1/bd/mb_block/synth/mb_block.v:144]
INFO: [Synth 8-6157] synthesizing module 'm02_couplers_imp_1ST4AV9' [c:/Users/steff/Downloads/ece385git/lab6/lab6.gen/sources_1/bd/mb_block/synth/mb_block.v:276]
INFO: [Synth 8-6155] done synthesizing module 'm02_couplers_imp_1ST4AV9' (0#1) [c:/Users/steff/Downloads/ece385git/lab6/lab6.gen/sources_1/bd/mb_block/synth/mb_block.v:276]
INFO: [Synth 8-6157] synthesizing module 'm03_couplers_imp_1VI1NO' [c:/Users/steff/Downloads/ece385git/lab6/lab6.gen/sources_1/bd/mb_block/synth/mb_block.v:408]
INFO: [Synth 8-6155] done synthesizing module 'm03_couplers_imp_1VI1NO' (0#1) [c:/Users/steff/Downloads/ece385git/lab6/lab6.gen/sources_1/bd/mb_block/synth/mb_block.v:408]
INFO: [Synth 8-6157] synthesizing module 's00_couplers_imp_5YIJ0K' [c:/Users/steff/Downloads/ece385git/lab6/lab6.gen/sources_1/bd/mb_block/synth/mb_block.v:1928]
INFO: [Synth 8-6155] done synthesizing module 's00_couplers_imp_5YIJ0K' (0#1) [c:/Users/steff/Downloads/ece385git/lab6/lab6.gen/sources_1/bd/mb_block/synth/mb_block.v:1928]
INFO: [Synth 8-6157] synthesizing module 'mb_block_xbar_0' [C:/Users/steff/Downloads/ece385git/lab6/lab6.runs/synth_1/.Xil/Vivado-12492-Winferior/realtime/mb_block_xbar_0_stub.v:5]
INFO: [Synth 8-6155] done synthesizing module 'mb_block_xbar_0' (0#1) [C:/Users/steff/Downloads/ece385git/lab6/lab6.runs/synth_1/.Xil/Vivado-12492-Winferior/realtime/mb_block_xbar_0_stub.v:5]
WARNING: [Synth 8-7071] port 'm_axi_awprot' of module 'mb_block_xbar_0' is unconnected for instance 'xbar' [c:/Users/steff/Downloads/ece385git/lab6/lab6.gen/sources_1/bd/mb_block/synth/mb_block.v:1653]
WARNING: [Synth 8-7071] port 'm_axi_arprot' of module 'mb_block_xbar_0' is unconnected for instance 'xbar' [c:/Users/steff/Downloads/ece385git/lab6/lab6.gen/sources_1/bd/mb_block/synth/mb_block.v:1653]
WARNING: [Synth 8-7023] instance 'xbar' of module 'mb_block_xbar_0' has 40 connections declared, but only 38 given [c:/Users/steff/Downloads/ece385git/lab6/lab6.gen/sources_1/bd/mb_block/synth/mb_block.v:1653]
INFO: [Synth 8-6155] done synthesizing module 'mb_block_microblaze_0_axi_periph_0' (0#1) [c:/Users/steff/Downloads/ece385git/lab6/lab6.gen/sources_1/bd/mb_block/synth/mb_block.v:988]
INFO: [Synth 8-6157] synthesizing module 'microblaze_0_local_memory_imp_G5BFEQ' [c:/Users/steff/Downloads/ece385git/lab6/lab6.gen/sources_1/bd/mb_block/synth/mb_block.v:1694]
INFO: [Synth 8-6157] synthesizing module 'mb_block_dlmb_bram_if_cntlr_0' [C:/Users/steff/Downloads/ece385git/lab6/lab6.runs/synth_1/.Xil/Vivado-12492-Winferior/realtime/mb_block_dlmb_bram_if_cntlr_0_stub.v:5]
INFO: [Synth 8-6155] done synthesizing module 'mb_block_dlmb_bram_if_cntlr_0' (0#1) [C:/Users/steff/Downloads/ece385git/lab6/lab6.runs/synth_1/.Xil/Vivado-12492-Winferior/realtime/mb_block_dlmb_bram_if_cntlr_0_stub.v:5]
INFO: [Synth 8-6157] synthesizing module 'mb_block_dlmb_v10_0' [C:/Users/steff/Downloads/ece385git/lab6/lab6.runs/synth_1/.Xil/Vivado-12492-Winferior/realtime/mb_block_dlmb_v10_0_stub.v:5]
INFO: [Synth 8-6155] done synthesizing module 'mb_block_dlmb_v10_0' (0#1) [C:/Users/steff/Downloads/ece385git/lab6/lab6.runs/synth_1/.Xil/Vivado-12492-Winferior/realtime/mb_block_dlmb_v10_0_stub.v:5]
WARNING: [Synth 8-7071] port 'LMB_Rst' of module 'mb_block_dlmb_v10_0' is unconnected for instance 'dlmb_v10' [c:/Users/steff/Downloads/ece385git/lab6/lab6.gen/sources_1/bd/mb_block/synth/mb_block.v:1840]
WARNING: [Synth 8-7023] instance 'dlmb_v10' of module 'mb_block_dlmb_v10_0' has 25 connections declared, but only 24 given [c:/Users/steff/Downloads/ece385git/lab6/lab6.gen/sources_1/bd/mb_block/synth/mb_block.v:1840]
INFO: [Synth 8-6157] synthesizing module 'mb_block_ilmb_bram_if_cntlr_0' [C:/Users/steff/Downloads/ece385git/lab6/lab6.runs/synth_1/.Xil/Vivado-12492-Winferior/realtime/mb_block_ilmb_bram_if_cntlr_0_stub.v:5]
INFO: [Synth 8-6155] done synthesizing module 'mb_block_ilmb_bram_if_cntlr_0' (0#1) [C:/Users/steff/Downloads/ece385git/lab6/lab6.runs/synth_1/.Xil/Vivado-12492-Winferior/realtime/mb_block_ilmb_bram_if_cntlr_0_stub.v:5]
INFO: [Synth 8-6157] synthesizing module 'mb_block_ilmb_v10_0' [C:/Users/steff/Downloads/ece385git/lab6/lab6.runs/synth_1/.Xil/Vivado-12492-Winferior/realtime/mb_block_ilmb_v10_0_stub.v:5]
INFO: [Synth 8-6155] done synthesizing module 'mb_block_ilmb_v10_0' (0#1) [C:/Users/steff/Downloads/ece385git/lab6/lab6.runs/synth_1/.Xil/Vivado-12492-Winferior/realtime/mb_block_ilmb_v10_0_stub.v:5]
WARNING: [Synth 8-7071] port 'LMB_Rst' of module 'mb_block_ilmb_v10_0' is unconnected for instance 'ilmb_v10' [c:/Users/steff/Downloads/ece385git/lab6/lab6.gen/sources_1/bd/mb_block/synth/mb_block.v:1886]
WARNING: [Synth 8-7023] instance 'ilmb_v10' of module 'mb_block_ilmb_v10_0' has 25 connections declared, but only 24 given [c:/Users/steff/Downloads/ece385git/lab6/lab6.gen/sources_1/bd/mb_block/synth/mb_block.v:1886]
INFO: [Synth 8-6157] synthesizing module 'mb_block_lmb_bram_0' [C:/Users/steff/Downloads/ece385git/lab6/lab6.runs/synth_1/.Xil/Vivado-12492-Winferior/realtime/mb_block_lmb_bram_0_stub.v:5]
INFO: [Synth 8-6155] done synthesizing module 'mb_block_lmb_bram_0' (0#1) [C:/Users/steff/Downloads/ece385git/lab6/lab6.runs/synth_1/.Xil/Vivado-12492-Winferior/realtime/mb_block_lmb_bram_0_stub.v:5]
WARNING: [Synth 8-7071] port 'rsta_busy' of module 'mb_block_lmb_bram_0' is unconnected for instance 'lmb_bram' [c:/Users/steff/Downloads/ece385git/lab6/lab6.gen/sources_1/bd/mb_block/synth/mb_block.v:1911]
WARNING: [Synth 8-7071] port 'rstb_busy' of module 'mb_block_lmb_bram_0' is unconnected for instance 'lmb_bram' [c:/Users/steff/Downloads/ece385git/lab6/lab6.gen/sources_1/bd/mb_block/synth/mb_block.v:1911]
WARNING: [Synth 8-7023] instance 'lmb_bram' of module 'mb_block_lmb_bram_0' has 16 connections declared, but only 14 given [c:/Users/steff/Downloads/ece385git/lab6/lab6.gen/sources_1/bd/mb_block/synth/mb_block.v:1911]
INFO: [Synth 8-6155] done synthesizing module 'microblaze_0_local_memory_imp_G5BFEQ' (0#1) [c:/Users/steff/Downloads/ece385git/lab6/lab6.gen/sources_1/bd/mb_block/synth/mb_block.v:1694]
INFO: [Synth 8-6157] synthesizing module 'mb_block_rst_clk_wiz_1_100M_0' [C:/Users/steff/Downloads/ece385git/lab6/lab6.runs/synth_1/.Xil/Vivado-12492-Winferior/realtime/mb_block_rst_clk_wiz_1_100M_0_stub.v:5]
INFO: [Synth 8-6155] done synthesizing module 'mb_block_rst_clk_wiz_1_100M_0' (0#1) [C:/Users/steff/Downloads/ece385git/lab6/lab6.runs/synth_1/.Xil/Vivado-12492-Winferior/realtime/mb_block_rst_clk_wiz_1_100M_0_stub.v:5]
WARNING: [Synth 8-7071] port 'peripheral_reset' of module 'mb_block_rst_clk_wiz_1_100M_0' is unconnected for instance 'rst_clk_wiz_1_100M' [c:/Users/steff/Downloads/ece385git/lab6/lab6.gen/sources_1/bd/mb_block/synth/mb_block.v:977]
WARNING: [Synth 8-7071] port 'interconnect_aresetn' of module 'mb_block_rst_clk_wiz_1_100M_0' is unconnected for instance 'rst_clk_wiz_1_100M' [c:/Users/steff/Downloads/ece385git/lab6/lab6.gen/sources_1/bd/mb_block/synth/mb_block.v:977]
WARNING: [Synth 8-7023] instance 'rst_clk_wiz_1_100M' of module 'mb_block_rst_clk_wiz_1_100M_0' has 10 connections declared, but only 8 given [c:/Users/steff/Downloads/ece385git/lab6/lab6.gen/sources_1/bd/mb_block/synth/mb_block.v:977]
INFO: [Synth 8-6155] done synthesizing module 'mb_block' (0#1) [c:/Users/steff/Downloads/ece385git/lab6/lab6.gen/sources_1/bd/mb_block/synth/mb_block.v:540]
INFO: [Synth 8-6155] done synthesizing module 'mb_intro_top' (0#1) [C:/Users/steff/Downloads/ece385git/lab6/lab6.srcs/sources_1/imports/design_source/mb_intro_top.sv:12]
WARNING: [Synth 8-7129] Port M_ACLK in module s00_couplers_imp_5YIJ0K is either unconnected or has no load
WARNING: [Synth 8-7129] Port M_ARESETN in module s00_couplers_imp_5YIJ0K is either unconnected or has no load
WARNING: [Synth 8-7129] Port S_ACLK in module s00_couplers_imp_5YIJ0K is either unconnected or has no load
WARNING: [Synth 8-7129] Port S_ARESETN in module s00_couplers_imp_5YIJ0K is either unconnected or has no load
WARNING: [Synth 8-7129] Port M_ACLK in module m03_couplers_imp_1VI1NO is either unconnected or has no load
WARNING: [Synth 8-7129] Port M_ARESETN in module m03_couplers_imp_1VI1NO is either unconnected or has no load
WARNING: [Synth 8-7129] Port S_ACLK in module m03_couplers_imp_1VI1NO is either unconnected or has no load
WARNING: [Synth 8-7129] Port S_ARESETN in module m03_couplers_imp_1VI1NO is either unconnected or has no load
WARNING: [Synth 8-7129] Port M_ACLK in module m02_couplers_imp_1ST4AV9 is either unconnected or has no load
WARNING: [Synth 8-7129] Port M_ARESETN in module m02_couplers_imp_1ST4AV9 is either unconnected or has no load
WARNING: [Synth 8-7129] Port S_ACLK in module m02_couplers_imp_1ST4AV9 is either unconnected or has no load
WARNING: [Synth 8-7129] Port S_ARESETN in module m02_couplers_imp_1ST4AV9 is either unconnected or has no load
WARNING: [Synth 8-7129] Port M_ACLK in module m01_couplers_imp_UT2LJ is either unconnected or has no load
WARNING: [Synth 8-7129] Port M_ARESETN in module m01_couplers_imp_UT2LJ is either unconnected or has no load
WARNING: [Synth 8-7129] Port S_ACLK in module m01_couplers_imp_UT2LJ is either unconnected or has no load
WARNING: [Synth 8-7129] Port S_ARESETN in module m01_couplers_imp_UT2LJ is either unconnected or has no load
WARNING: [Synth 8-7129] Port M_ACLK in module m00_couplers_imp_1TK4492 is either unconnected or has no load
WARNING: [Synth 8-7129] Port M_ARESETN in module m00_couplers_imp_1TK4492 is either unconnected or has no load
WARNING: [Synth 8-7129] Port S_ACLK in module m00_couplers_imp_1TK4492 is either unconnected or has no load
WARNING: [Synth 8-7129] Port S_ARESETN in module m00_couplers_imp_1TK4492 is either unconnected or has no load
WARNING: [Synth 8-7129] Port M00_ACLK in module mb_block_microblaze_0_axi_periph_0 is either unconnected or has no load
WARNING: [Synth 8-7129] Port M00_ARESETN in module mb_block_microblaze_0_axi_periph_0 is either unconnected or has no load
WARNING: [Synth 8-7129] Port M01_ACLK in module mb_block_microblaze_0_axi_periph_0 is either unconnected or has no load
WARNING: [Synth 8-7129] Port M01_ARESETN in module mb_block_microblaze_0_axi_periph_0 is either unconnected or has no load
WARNING: [Synth 8-7129] Port M02_ACLK in module mb_block_microblaze_0_axi_periph_0 is either unconnected or has no load
WARNING: [Synth 8-7129] Port M02_ARESETN in module mb_block_microblaze_0_axi_periph_0 is either unconnected or has no load
WARNING: [Synth 8-7129] Port M03_ACLK in module mb_block_microblaze_0_axi_periph_0 is either unconnected or has no load
WARNING: [Synth 8-7129] Port M03_ARESETN in module mb_block_microblaze_0_axi_periph_0 is either unconnected or has no load
WARNING: [Synth 8-7129] Port S00_ACLK in module mb_block_microblaze_0_axi_periph_0 is either unconnected or has no load
WARNING: [Synth 8-7129] Port S00_ARESETN in module mb_block_microblaze_0_axi_periph_0 is either unconnected or has no load
---------------------------------------------------------------------------------
Finished RTL Elaboration : Time (s): cpu = 00:00:04 ; elapsed = 00:00:05 . Memory (MB): peak = 1310.305 ; gain = 505.301
---------------------------------------------------------------------------------
---------------------------------------------------------------------------------
Start Handling Custom Attributes
---------------------------------------------------------------------------------
---------------------------------------------------------------------------------
Finished Handling Custom Attributes : Time (s): cpu = 00:00:04 ; elapsed = 00:00:06 . Memory (MB): peak = 1310.305 ; gain = 505.301
---------------------------------------------------------------------------------
---------------------------------------------------------------------------------
Finished RTL Optimization Phase 1 : Time (s): cpu = 00:00:04 ; elapsed = 00:00:06 . Memory (MB): peak = 1310.305 ; gain = 505.301
---------------------------------------------------------------------------------
Netlist sorting complete. Time (s): cpu = 00:00:00 ; elapsed = 00:00:00.026 . Memory (MB): peak = 1310.305 ; gain = 0.000
INFO: [Project 1-570] Preparing netlist for logic optimization

Processing XDC Constraints
Initializing timing engine
Parsing XDC File [c:/Users/steff/Downloads/ece385git/lab6/lab6.gen/sources_1/bd/mb_block/ip/mb_block_microblaze_0_0/mb_block_microblaze_0_0/mb_block_microblaze_0_0_in_context.xdc] for cell 'mb_block_i/microblaze_0'
Finished Parsing XDC File [c:/Users/steff/Downloads/ece385git/lab6/lab6.gen/sources_1/bd/mb_block/ip/mb_block_microblaze_0_0/mb_block_microblaze_0_0/mb_block_microblaze_0_0_in_context.xdc] for cell 'mb_block_i/microblaze_0'
Parsing XDC File [c:/Users/steff/Downloads/ece385git/lab6/lab6.gen/sources_1/bd/mb_block/ip/mb_block_dlmb_v10_0/mb_block_dlmb_v10_0/mb_block_ilmb_v10_0_in_context.xdc] for cell 'mb_block_i/microblaze_0_local_memory/dlmb_v10'
Finished Parsing XDC File [c:/Users/steff/Downloads/ece385git/lab6/lab6.gen/sources_1/bd/mb_block/ip/mb_block_dlmb_v10_0/mb_block_dlmb_v10_0/mb_block_ilmb_v10_0_in_context.xdc] for cell 'mb_block_i/microblaze_0_local_memory/dlmb_v10'
Parsing XDC File [c:/Users/steff/Downloads/ece385git/lab6/lab6.gen/sources_1/bd/mb_block/ip/mb_block_ilmb_v10_0/mb_block_ilmb_v10_0/mb_block_ilmb_v10_0_in_context.xdc] for cell 'mb_block_i/microblaze_0_local_memory/ilmb_v10'
Finished Parsing XDC File [c:/Users/steff/Downloads/ece385git/lab6/lab6.gen/sources_1/bd/mb_block/ip/mb_block_ilmb_v10_0/mb_block_ilmb_v10_0/mb_block_ilmb_v10_0_in_context.xdc] for cell 'mb_block_i/microblaze_0_local_memory/ilmb_v10'
Parsing XDC File [c:/Users/steff/Downloads/ece385git/lab6/lab6.gen/sources_1/bd/mb_block/ip/mb_block_dlmb_bram_if_cntlr_0/mb_block_dlmb_bram_if_cntlr_0/mb_block_dlmb_bram_if_cntlr_0_in_context.xdc] for cell 'mb_block_i/microblaze_0_local_memory/dlmb_bram_if_cntlr'
Finished Parsing XDC File [c:/Users/steff/Downloads/ece385git/lab6/lab6.gen/sources_1/bd/mb_block/ip/mb_block_dlmb_bram_if_cntlr_0/mb_block_dlmb_bram_if_cntlr_0/mb_block_dlmb_bram_if_cntlr_0_in_context.xdc] for cell 'mb_block_i/microblaze_0_local_memory/dlmb_bram_if_cntlr'
Parsing XDC File [c:/Users/steff/Downloads/ece385git/lab6/lab6.gen/sources_1/bd/mb_block/ip/mb_block_ilmb_bram_if_cntlr_0/mb_block_ilmb_bram_if_cntlr_0/mb_block_ilmb_bram_if_cntlr_0_in_context.xdc] for cell 'mb_block_i/microblaze_0_local_memory/ilmb_bram_if_cntlr'
Finished Parsing XDC File [c:/Users/steff/Downloads/ece385git/lab6/lab6.gen/sources_1/bd/mb_block/ip/mb_block_ilmb_bram_if_cntlr_0/mb_block_ilmb_bram_if_cntlr_0/mb_block_ilmb_bram_if_cntlr_0_in_context.xdc] for cell 'mb_block_i/microblaze_0_local_memory/ilmb_bram_if_cntlr'
Parsing XDC File [c:/Users/steff/Downloads/ece385git/lab6/lab6.gen/sources_1/bd/mb_block/ip/mb_block_lmb_bram_0/mb_block_lmb_bram_0/mb_block_lmb_bram_0_in_context.xdc] for cell 'mb_block_i/microblaze_0_local_memory/lmb_bram'
Finished Parsing XDC File [c:/Users/steff/Downloads/ece385git/lab6/lab6.gen/sources_1/bd/mb_block/ip/mb_block_lmb_bram_0/mb_block_lmb_bram_0/mb_block_lmb_bram_0_in_context.xdc] for cell 'mb_block_i/microblaze_0_local_memory/lmb_bram'
Parsing XDC File [c:/Users/steff/Downloads/ece385git/lab6/lab6.gen/sources_1/bd/mb_block/ip/mb_block_xbar_0/mb_block_xbar_0/mb_block_xbar_0_in_context.xdc] for cell 'mb_block_i/microblaze_0_axi_periph/xbar'
Finished Parsing XDC File [c:/Users/steff/Downloads/ece385git/lab6/lab6.gen/sources_1/bd/mb_block/ip/mb_block_xbar_0/mb_block_xbar_0/mb_block_xbar_0_in_context.xdc] for cell 'mb_block_i/microblaze_0_axi_periph/xbar'
Parsing XDC File [c:/Users/steff/Downloads/ece385git/lab6/lab6.gen/sources_1/bd/mb_block/ip/mb_block_microblaze_0_axi_intc_0/mb_block_microblaze_0_axi_intc_0/mb_block_microblaze_0_axi_intc_0_in_context.xdc] for cell 'mb_block_i/microblaze_0_axi_intc'
Finished Parsing XDC File [c:/Users/steff/Downloads/ece385git/lab6/lab6.gen/sources_1/bd/mb_block/ip/mb_block_microblaze_0_axi_intc_0/mb_block_microblaze_0_axi_intc_0/mb_block_microblaze_0_axi_intc_0_in_context.xdc] for cell 'mb_block_i/microblaze_0_axi_intc'
Parsing XDC File [c:/Users/steff/Downloads/ece385git/lab6/lab6.gen/sources_1/bd/mb_block/ip/mb_block_mdm_1_0/mb_block_mdm_1_0/mb_block_mdm_1_0_in_context.xdc] for cell 'mb_block_i/mdm_1'
Finished Parsing XDC File [c:/Users/steff/Downloads/ece385git/lab6/lab6.gen/sources_1/bd/mb_block/ip/mb_block_mdm_1_0/mb_block_mdm_1_0/mb_block_mdm_1_0_in_context.xdc] for cell 'mb_block_i/mdm_1'
Parsing XDC File [c:/Users/steff/Downloads/ece385git/lab6/lab6.gen/sources_1/bd/mb_block/ip/mb_block_clk_wiz_1_0/mb_block_clk_wiz_1_0/mb_block_clk_wiz_1_0_in_context.xdc] for cell 'mb_block_i/clk_wiz_1'
Finished Parsing XDC File [c:/Users/steff/Downloads/ece385git/lab6/lab6.gen/sources_1/bd/mb_block/ip/mb_block_clk_wiz_1_0/mb_block_clk_wiz_1_0/mb_block_clk_wiz_1_0_in_context.xdc] for cell 'mb_block_i/clk_wiz_1'
Parsing XDC File [c:/Users/steff/Downloads/ece385git/lab6/lab6.gen/sources_1/bd/mb_block/ip/mb_block_rst_clk_wiz_1_100M_0/mb_block_rst_clk_wiz_1_100M_0/mb_block_rst_clk_wiz_1_100M_0_in_context.xdc] for cell 'mb_block_i/rst_clk_wiz_1_100M'
Finished Parsing XDC File [c:/Users/steff/Downloads/ece385git/lab6/lab6.gen/sources_1/bd/mb_block/ip/mb_block_rst_clk_wiz_1_100M_0/mb_block_rst_clk_wiz_1_100M_0/mb_block_rst_clk_wiz_1_100M_0_in_context.xdc] for cell 'mb_block_i/rst_clk_wiz_1_100M'
Parsing XDC File [c:/Users/steff/Downloads/ece385git/lab6/lab6.gen/sources_1/bd/mb_block/ip/mb_block_axi_uartlite_0_0/mb_block_axi_uartlite_0_0/mb_block_axi_uartlite_0_0_in_context.xdc] for cell 'mb_block_i/axi_uartlite_0'
Finished Parsing XDC File [c:/Users/steff/Downloads/ece385git/lab6/lab6.gen/sources_1/bd/mb_block/ip/mb_block_axi_uartlite_0_0/mb_block_axi_uartlite_0_0/mb_block_axi_uartlite_0_0_in_context.xdc] for cell 'mb_block_i/axi_uartlite_0'
Parsing XDC File [c:/Users/steff/Downloads/ece385git/lab6/lab6.gen/sources_1/bd/mb_block/ip/mb_block_axi_gpio_0_0/mb_block_axi_gpio_0_0/mb_block_axi_gpio_0_0_in_context.xdc] for cell 'mb_block_i/axi_gpio_0'
Finished Parsing XDC File [c:/Users/steff/Downloads/ece385git/lab6/lab6.gen/sources_1/bd/mb_block/ip/mb_block_axi_gpio_0_0/mb_block_axi_gpio_0_0/mb_block_axi_gpio_0_0_in_context.xdc] for cell 'mb_block_i/axi_gpio_0'
Parsing XDC File [c:/Users/steff/Downloads/ece385git/lab6/lab6.gen/sources_1/bd/mb_block/ip/mb_block_axi_gpio_1_0/mb_block_axi_gpio_1_0/mb_block_axi_gpio_1_0_in_context.xdc] for cell 'mb_block_i/axi_gpio_1'
Finished Parsing XDC File [c:/Users/steff/Downloads/ece385git/lab6/lab6.gen/sources_1/bd/mb_block/ip/mb_block_axi_gpio_1_0/mb_block_axi_gpio_1_0/mb_block_axi_gpio_1_0_in_context.xdc] for cell 'mb_block_i/axi_gpio_1'
Parsing XDC File [C:/Users/steff/Downloads/ece385git/lab6/lab6.srcs/constrs_1/imports/pin_assignment/mb_intro_top.xdc]
WARNING: [Vivado 12-584] No ports matched 'rgb0[0]'. [C:/Users/steff/Downloads/ece385git/lab6/lab6.srcs/constrs_1/imports/pin_assignment/mb_intro_top.xdc:53]
WARNING: [Vivado 12-584] No ports matched 'rgb0[1]'. [C:/Users/steff/Downloads/ece385git/lab6/lab6.srcs/constrs_1/imports/pin_assignment/mb_intro_top.xdc:54]
WARNING: [Vivado 12-584] No ports matched 'rgb0[2]'. [C:/Users/steff/Downloads/ece385git/lab6/lab6.srcs/constrs_1/imports/pin_assignment/mb_intro_top.xdc:55]
WARNING: [Vivado 12-584] No ports matched 'rgb1[0]'. [C:/Users/steff/Downloads/ece385git/lab6/lab6.srcs/constrs_1/imports/pin_assignment/mb_intro_top.xdc:56]
WARNING: [Vivado 12-584] No ports matched 'rgb1[1]'. [C:/Users/steff/Downloads/ece385git/lab6/lab6.srcs/constrs_1/imports/pin_assignment/mb_intro_top.xdc:57]
WARNING: [Vivado 12-584] No ports matched 'rgb1[2]'. [C:/Users/steff/Downloads/ece385git/lab6/lab6.srcs/constrs_1/imports/pin_assignment/mb_intro_top.xdc:58]
WARNING: [Vivado 12-584] No ports matched 'd0_an[0]'. [C:/Users/steff/Downloads/ece385git/lab6/lab6.srcs/constrs_1/imports/pin_assignment/mb_intro_top.xdc:61]
WARNING: [Vivado 12-584] No ports matched 'd0_an[1]'. [C:/Users/steff/Downloads/ece385git/lab6/lab6.srcs/constrs_1/imports/pin_assignment/mb_intro_top.xdc:62]
WARNING: [Vivado 12-584] No ports matched 'd0_an[2]'. [C:/Users/steff/Downloads/ece385git/lab6/lab6.srcs/constrs_1/imports/pin_assignment/mb_intro_top.xdc:63]
WARNING: [Vivado 12-584] No ports matched 'd0_an[3]'. [C:/Users/steff/Downloads/ece385git/lab6/lab6.srcs/constrs_1/imports/pin_assignment/mb_intro_top.xdc:64]
WARNING: [Vivado 12-584] No ports matched 'd0_seg[0]'. [C:/Users/steff/Downloads/ece385git/lab6/lab6.srcs/constrs_1/imports/pin_assignment/mb_intro_top.xdc:65]
WARNING: [Vivado 12-584] No ports matched 'd0_seg[1]'. [C:/Users/steff/Downloads/ece385git/lab6/lab6.srcs/constrs_1/imports/pin_assignment/mb_intro_top.xdc:66]
WARNING: [Vivado 12-584] No ports matched 'd0_seg[2]'. [C:/Users/steff/Downloads/ece385git/lab6/lab6.srcs/constrs_1/imports/pin_assignment/mb_intro_top.xdc:67]
WARNING: [Vivado 12-584] No ports matched 'd0_seg[3]'. [C:/Users/steff/Downloads/ece385git/lab6/lab6.srcs/constrs_1/imports/pin_assignment/mb_intro_top.xdc:68]
WARNING: [Vivado 12-584] No ports matched 'd0_seg[4]'. [C:/Users/steff/Downloads/ece385git/lab6/lab6.srcs/constrs_1/imports/pin_assignment/mb_intro_top.xdc:69]
WARNING: [Vivado 12-584] No ports matched 'd0_seg[5]'. [C:/Users/steff/Downloads/ece385git/lab6/lab6.srcs/constrs_1/imports/pin_assignment/mb_intro_top.xdc:70]
WARNING: [Vivado 12-584] No ports matched 'd0_seg[6]'. [C:/Users/steff/Downloads/ece385git/lab6/lab6.srcs/constrs_1/imports/pin_assignment/mb_intro_top.xdc:71]
WARNING: [Vivado 12-584] No ports matched 'd0_seg[7]'. [C:/Users/steff/Downloads/ece385git/lab6/lab6.srcs/constrs_1/imports/pin_assignment/mb_intro_top.xdc:72]
WARNING: [Vivado 12-584] No ports matched 'd1_an[0]'. [C:/Users/steff/Downloads/ece385git/lab6/lab6.srcs/constrs_1/imports/pin_assignment/mb_intro_top.xdc:75]
WARNING: [Vivado 12-584] No ports matched 'd1_an[1]'. [C:/Users/steff/Downloads/ece385git/lab6/lab6.srcs/constrs_1/imports/pin_assignment/mb_intro_top.xdc:76]
WARNING: [Vivado 12-584] No ports matched 'd1_an[2]'. [C:/Users/steff/Downloads/ece385git/lab6/lab6.srcs/constrs_1/imports/pin_assignment/mb_intro_top.xdc:77]
WARNING: [Vivado 12-584] No ports matched 'd1_an[3]'. [C:/Users/steff/Downloads/ece385git/lab6/lab6.srcs/constrs_1/imports/pin_assignment/mb_intro_top.xdc:78]
WARNING: [Vivado 12-584] No ports matched 'd1_seg[0]'. [C:/Users/steff/Downloads/ece385git/lab6/lab6.srcs/constrs_1/imports/pin_assignment/mb_intro_top.xdc:79]
WARNING: [Vivado 12-584] No ports matched 'd1_seg[1]'. [C:/Users/steff/Downloads/ece385git/lab6/lab6.srcs/constrs_1/imports/pin_assignment/mb_intro_top.xdc:80]
WARNING: [Vivado 12-584] No ports matched 'd1_seg[2]'. [C:/Users/steff/Downloads/ece385git/lab6/lab6.srcs/constrs_1/imports/pin_assignment/mb_intro_top.xdc:81]
WARNING: [Vivado 12-584] No ports matched 'd1_seg[3]'. [C:/Users/steff/Downloads/ece385git/lab6/lab6.srcs/constrs_1/imports/pin_assignment/mb_intro_top.xdc:82]
WARNING: [Vivado 12-584] No ports matched 'd1_seg[4]'. [C:/Users/steff/Downloads/ece385git/lab6/lab6.srcs/constrs_1/imports/pin_assignment/mb_intro_top.xdc:83]
WARNING: [Vivado 12-584] No ports matched 'd1_seg[5]'. [C:/Users/steff/Downloads/ece385git/lab6/lab6.srcs/constrs_1/imports/pin_assignment/mb_intro_top.xdc:84]
WARNING: [Vivado 12-584] No ports matched 'd1_seg[6]'. [C:/Users/steff/Downloads/ece385git/lab6/lab6.srcs/constrs_1/imports/pin_assignment/mb_intro_top.xdc:85]
WARNING: [Vivado 12-584] No ports matched 'd1_seg[7]'. [C:/Users/steff/Downloads/ece385git/lab6/lab6.srcs/constrs_1/imports/pin_assignment/mb_intro_top.xdc:86]
WARNING: [Vivado 12-584] No ports matched 'hdmi_clk_n'. [C:/Users/steff/Downloads/ece385git/lab6/lab6.srcs/constrs_1/imports/pin_assignment/mb_intro_top.xdc:93]
WARNING: [Vivado 12-584] No ports matched 'hdmi_clk_p'. [C:/Users/steff/Downloads/ece385git/lab6/lab6.srcs/constrs_1/imports/pin_assignment/mb_intro_top.xdc:94]
WARNING: [Vivado 12-584] No ports matched 'hdmi_tx_n[0]'. [C:/Users/steff/Downloads/ece385git/lab6/lab6.srcs/constrs_1/imports/pin_assignment/mb_intro_top.xdc:96]
WARNING: [Vivado 12-584] No ports matched 'hdmi_tx_n[1]'. [C:/Users/steff/Downloads/ece385git/lab6/lab6.srcs/constrs_1/imports/pin_assignment/mb_intro_top.xdc:97]
WARNING: [Vivado 12-584] No ports matched 'hdmi_tx_n[2]'. [C:/Users/steff/Downloads/ece385git/lab6/lab6.srcs/constrs_1/imports/pin_assignment/mb_intro_top.xdc:98]
WARNING: [Vivado 12-584] No ports matched 'hdmi_tx_p[0]'. [C:/Users/steff/Downloads/ece385git/lab6/lab6.srcs/constrs_1/imports/pin_assignment/mb_intro_top.xdc:100]
WARNING: [Vivado 12-584] No ports matched 'hdmi_tx_p[1]'. [C:/Users/steff/Downloads/ece385git/lab6/lab6.srcs/constrs_1/imports/pin_assignment/mb_intro_top.xdc:101]
WARNING: [Vivado 12-584] No ports matched 'hdmi_tx_p[2]'. [C:/Users/steff/Downloads/ece385git/lab6/lab6.srcs/constrs_1/imports/pin_assignment/mb_intro_top.xdc:102]
WARNING: [Vivado 12-584] No ports matched 'spkl'. [C:/Users/steff/Downloads/ece385git/lab6/lab6.srcs/constrs_1/imports/pin_assignment/mb_intro_top.xdc:105]
WARNING: [Vivado 12-584] No ports matched 'spkr'. [C:/Users/steff/Downloads/ece385git/lab6/lab6.srcs/constrs_1/imports/pin_assignment/mb_intro_top.xdc:106]
WARNING: [Vivado 12-584] No ports matched 'ble_uart_tx'. [C:/Users/steff/Downloads/ece385git/lab6/lab6.srcs/constrs_1/imports/pin_assignment/mb_intro_top.xdc:109]
WARNING: [Vivado 12-584] No ports matched 'ble_uart_rx'. [C:/Users/steff/Downloads/ece385git/lab6/lab6.srcs/constrs_1/imports/pin_assignment/mb_intro_top.xdc:110]
WARNING: [Vivado 12-584] No ports matched 'ble_uart_rts'. [C:/Users/steff/Downloads/ece385git/lab6/lab6.srcs/constrs_1/imports/pin_assignment/mb_intro_top.xdc:111]
WARNING: [Vivado 12-584] No ports matched 'ble_uart_cts'. [C:/Users/steff/Downloads/ece385git/lab6/lab6.srcs/constrs_1/imports/pin_assignment/mb_intro_top.xdc:112]
WARNING: [Vivado 12-584] No ports matched 'servo0'. [C:/Users/steff/Downloads/ece385git/lab6/lab6.srcs/constrs_1/imports/pin_assignment/mb_intro_top.xdc:115]
WARNING: [Vivado 12-584] No ports matched 'servo1'. [C:/Users/steff/Downloads/ece385git/lab6/lab6.srcs/constrs_1/imports/pin_assignment/mb_intro_top.xdc:116]
WARNING: [Vivado 12-584] No ports matched 'servo2'. [C:/Users/steff/Downloads/ece385git/lab6/lab6.srcs/constrs_1/imports/pin_assignment/mb_intro_top.xdc:117]
WARNING: [Vivado 12-584] No ports matched 'servo3'. [C:/Users/steff/Downloads/ece385git/lab6/lab6.srcs/constrs_1/imports/pin_assignment/mb_intro_top.xdc:118]
Finished Parsing XDC File [C:/Users/steff/Downloads/ece385git/lab6/lab6.srcs/constrs_1/imports/pin_assignment/mb_intro_top.xdc]
WARNING: [Project 1-498] One or more constraints failed evaluation while reading constraint file [C:/Users/steff/Downloads/ece385git/lab6/lab6.srcs/constrs_1/imports/pin_assignment/mb_intro_top.xdc] and the design contains unresolved black boxes. These constraints will be read post-synthesis (as long as their source constraint file is marked as used_in_implementation) and should be applied correctly then. You should review the constraints listed in the file [.Xil/mb_intro_top_propImpl.xdc] and check the run log file to verify that these constraints were correctly applied.
INFO: [Project 1-236] Implementation specific constraints were found while reading constraint file [C:/Users/steff/Downloads/ece385git/lab6/lab6.srcs/constrs_1/imports/pin_assignment/mb_intro_top.xdc]. These constraints will be ignored for synthesis but will be used in implementation. Impacted constraints are listed in the file [.Xil/mb_intro_top_propImpl.xdc].
Resolution: To avoid this warning, move constraints listed in [.Xil/mb_intro_top_propImpl.xdc] to another XDC file and exclude this new file from synthesis with the used_in_synthesis property (File Properties dialog in GUI) and re-run elaboration/synthesis.
Parsing XDC File [C:/Users/steff/Downloads/ece385git/lab6/lab6.runs/synth_1/dont_touch.xdc]
Finished Parsing XDC File [C:/Users/steff/Downloads/ece385git/lab6/lab6.runs/synth_1/dont_touch.xdc]
Completed Processing XDC Constraints

Netlist sorting complete. Time (s): cpu = 00:00:00 ; elapsed = 00:00:00 . Memory (MB): peak = 1310.305 ; gain = 0.000
INFO: [Project 1-111] Unisim Transformation Summary:
No Unisim elements were transformed.

Constraint Validation Runtime : Time (s): cpu = 00:00:00 ; elapsed = 00:00:00.004 . Memory (MB): peak = 1310.305 ; gain = 0.000
WARNING: [Timing 38-316] Clock period '20.000' specified during out-of-context synthesis of instance 'mb_block_i/microblaze_0_local_memory/lmb_bram' at clock pin 'clka' is different from the actual clock period '10.000', this can lead to different synthesis results.
INFO: [Designutils 20-5440] No compile time benefit to using incremental synthesis; A full resynthesis will be run
INFO: [Designutils 20-4379] Flow is switching to default flow due to incremental criteria not met. If you would like to alter this behaviour and have the flow terminate instead, please set the following parameter config_implementation {autoIncr.Synth.RejectBehavior Terminate}
INFO: [Synth 8-11241] undeclared symbol 'REGCCE', assumed default net type 'wire' [C:/Xilinx/Vivado/2022.2/data/verilog/src/unimacro/BRAM_SINGLE_MACRO.v:2170]
---------------------------------------------------------------------------------
Finished Constraint Validation : Time (s): cpu = 00:00:07 ; elapsed = 00:00:12 . Memory (MB): peak = 1310.305 ; gain = 505.301
---------------------------------------------------------------------------------
---------------------------------------------------------------------------------
Start Loading Part and Timing Information
---------------------------------------------------------------------------------
Loading part: xc7s50csga324-1
---------------------------------------------------------------------------------
Finished Loading Part and Timing Information : Time (s): cpu = 00:00:07 ; elapsed = 00:00:12 . Memory (MB): peak = 1310.305 ; gain = 505.301
---------------------------------------------------------------------------------
---------------------------------------------------------------------------------
Start Applying 'set_property' XDC Constraints
---------------------------------------------------------------------------------
Applied set_property IO_BUFFER_TYPE = NONE for clk. (constraint file  c:/Users/steff/Downloads/ece385git/lab6/lab6.gen/sources_1/bd/mb_block/ip/mb_block_clk_wiz_1_0/mb_block_clk_wiz_1_0/mb_block_clk_wiz_1_0_in_context.xdc, line 3).
Applied set_property CLOCK_BUFFER_TYPE = NONE for clk. (constraint file  c:/Users/steff/Downloads/ece385git/lab6/lab6.gen/sources_1/bd/mb_block/ip/mb_block_clk_wiz_1_0/mb_block_clk_wiz_1_0/mb_block_clk_wiz_1_0_in_context.xdc, line 4).
Applied set_property KEEP_HIERARCHY = SOFT for mb_block_i. (constraint file  auto generated constraint).
Applied set_property KEEP_HIERARCHY = SOFT for mb_block_i/microblaze_0. (constraint file  auto generated constraint).
Applied set_property KEEP_HIERARCHY = SOFT for mb_block_i/microblaze_0_local_memory/dlmb_v10. (constraint file  auto generated constraint).
Applied set_property KEEP_HIERARCHY = SOFT for mb_block_i/microblaze_0_local_memory/ilmb_v10. (constraint file  auto generated constraint).
Applied set_property KEEP_HIERARCHY = SOFT for mb_block_i/microblaze_0_local_memory/dlmb_bram_if_cntlr. (constraint file  auto generated constraint).
Applied set_property KEEP_HIERARCHY = SOFT for mb_block_i/microblaze_0_local_memory/ilmb_bram_if_cntlr. (constraint file  auto generated constraint).
Applied set_property KEEP_HIERARCHY = SOFT for mb_block_i/microblaze_0_local_memory/lmb_bram. (constraint file  auto generated constraint).
Applied set_property KEEP_HIERARCHY = SOFT for mb_block_i/microblaze_0_axi_periph/xbar. (constraint file  auto generated constraint).
Applied set_property KEEP_HIERARCHY = SOFT for mb_block_i/microblaze_0_axi_periph. (constraint file  auto generated constraint).
Applied set_property KEEP_HIERARCHY = SOFT for mb_block_i/microblaze_0_axi_intc. (constraint file  auto generated constraint).
Applied set_property KEEP_HIERARCHY = SOFT for mb_block_i/mdm_1. (constraint file  auto generated constraint).
Applied set_property KEEP_HIERARCHY = SOFT for mb_block_i/clk_wiz_1. (constraint file  auto generated constraint).
Applied set_property KEEP_HIERARCHY = SOFT for mb_block_i/rst_clk_wiz_1_100M. (constraint file  auto generated constraint).
Applied set_property KEEP_HIERARCHY = SOFT for mb_block_i/axi_uartlite_0. (constraint file  auto generated constraint).
Applied set_property KEEP_HIERARCHY = SOFT for mb_block_i/axi_gpio_0. (constraint file  auto generated constraint).
Applied set_property KEEP_HIERARCHY = SOFT for mb_block_i/axi_gpio_1. (constraint file  auto generated constraint).
---------------------------------------------------------------------------------
Finished applying 'set_property' XDC Constraints : Time (s): cpu = 00:00:07 ; elapsed = 00:00:12 . Memory (MB): peak = 1310.305 ; gain = 505.301
---------------------------------------------------------------------------------
---------------------------------------------------------------------------------
Finished RTL Optimization Phase 2 : Time (s): cpu = 00:00:07 ; elapsed = 00:00:12 . Memory (MB): peak = 1310.305 ; gain = 505.301
---------------------------------------------------------------------------------
---------------------------------------------------------------------------------
Start RTL Component Statistics 
---------------------------------------------------------------------------------
Detailed RTL Component Info : 
---------------------------------------------------------------------------------
Finished RTL Component Statistics 
---------------------------------------------------------------------------------
---------------------------------------------------------------------------------
Start Part Resource Summary
---------------------------------------------------------------------------------
Part Resources:
DSPs: 120 (col length:60)
BRAMs: 150 (col length: RAMB18 60 RAMB36 30)
---------------------------------------------------------------------------------
Finished Part Resource Summary
---------------------------------------------------------------------------------
---------------------------------------------------------------------------------
Start Cross Boundary and Area Optimization
---------------------------------------------------------------------------------
WARNING: [Synth 8-7080] Parallel synthesis criteria is not met
WARNING: [Synth 8-7129] Port M00_ACLK in module mb_block_microblaze_0_axi_periph_0 is either unconnected or has no load
WARNING: [Synth 8-7129] Port M00_ARESETN in module mb_block_microblaze_0_axi_periph_0 is either unconnected or has no load
WARNING: [Synth 8-7129] Port M01_ACLK in module mb_block_microblaze_0_axi_periph_0 is either unconnected or has no load
WARNING: [Synth 8-7129] Port M01_ARESETN in module mb_block_microblaze_0_axi_periph_0 is either unconnected or has no load
WARNING: [Synth 8-7129] Port M02_ACLK in module mb_block_microblaze_0_axi_periph_0 is either unconnected or has no load
WARNING: [Synth 8-7129] Port M02_ARESETN in module mb_block_microblaze_0_axi_periph_0 is either unconnected or has no load
WARNING: [Synth 8-7129] Port M03_ACLK in module mb_block_microblaze_0_axi_periph_0 is either unconnected or has no load
WARNING: [Synth 8-7129] Port M03_ARESETN in module mb_block_microblaze_0_axi_periph_0 is either unconnected or has no load
WARNING: [Synth 8-7129] Port S00_ACLK in module mb_block_microblaze_0_axi_periph_0 is either unconnected or has no load
WARNING: [Synth 8-7129] Port S00_ARESETN in module mb_block_microblaze_0_axi_periph_0 is either unconnected or has no load
---------------------------------------------------------------------------------
Finished Cross Boundary and Area Optimization : Time (s): cpu = 00:00:08 ; elapsed = 00:00:14 . Memory (MB): peak = 1310.305 ; gain = 505.301
---------------------------------------------------------------------------------
---------------------------------------------------------------------------------
Start Applying XDC Timing Constraints
---------------------------------------------------------------------------------
---------------------------------------------------------------------------------
Finished Applying XDC Timing Constraints : Time (s): cpu = 00:00:10 ; elapsed = 00:00:18 . Memory (MB): peak = 1310.305 ; gain = 505.301
---------------------------------------------------------------------------------
---------------------------------------------------------------------------------
Start Timing Optimization
---------------------------------------------------------------------------------
---------------------------------------------------------------------------------
Finished Timing Optimization : Time (s): cpu = 00:00:10 ; elapsed = 00:00:18 . Memory (MB): peak = 1310.305 ; gain = 505.301
---------------------------------------------------------------------------------
---------------------------------------------------------------------------------
Start Technology Mapping
---------------------------------------------------------------------------------
---------------------------------------------------------------------------------
Finished Technology Mapping : Time (s): cpu = 00:00:10 ; elapsed = 00:00:18 . Memory (MB): peak = 1313.449 ; gain = 508.445
---------------------------------------------------------------------------------
---------------------------------------------------------------------------------
Start IO Insertion
---------------------------------------------------------------------------------
---------------------------------------------------------------------------------
Start Flattening Before IO Insertion
---------------------------------------------------------------------------------
---------------------------------------------------------------------------------
Finished Flattening Before IO Insertion
---------------------------------------------------------------------------------
---------------------------------------------------------------------------------
Start Final Netlist Cleanup
---------------------------------------------------------------------------------
---------------------------------------------------------------------------------
Finished Final Netlist Cleanup
---------------------------------------------------------------------------------
---------------------------------------------------------------------------------
Finished IO Insertion : Time (s): cpu = 00:00:12 ; elapsed = 00:00:22 . Memory (MB): peak = 1318.621 ; gain = 513.617
---------------------------------------------------------------------------------
---------------------------------------------------------------------------------
Start Renaming Generated Instances
---------------------------------------------------------------------------------
---------------------------------------------------------------------------------
Finished Renaming Generated Instances : Time (s): cpu = 00:00:12 ; elapsed = 00:00:22 . Memory (MB): peak = 1318.621 ; gain = 513.617
---------------------------------------------------------------------------------
---------------------------------------------------------------------------------
Start Rebuilding User Hierarchy
---------------------------------------------------------------------------------
---------------------------------------------------------------------------------
Finished Rebuilding User Hierarchy : Time (s): cpu = 00:00:12 ; elapsed = 00:00:22 . Memory (MB): peak = 1318.621 ; gain = 513.617
---------------------------------------------------------------------------------
---------------------------------------------------------------------------------
Start Renaming Generated Ports
---------------------------------------------------------------------------------
---------------------------------------------------------------------------------
Finished Renaming Generated Ports : Time (s): cpu = 00:00:12 ; elapsed = 00:00:22 . Memory (MB): peak = 1318.621 ; gain = 513.617
---------------------------------------------------------------------------------
---------------------------------------------------------------------------------
Start Handling Custom Attributes
---------------------------------------------------------------------------------
---------------------------------------------------------------------------------
Finished Handling Custom Attributes : Time (s): cpu = 00:00:12 ; elapsed = 00:00:22 . Memory (MB): peak = 1318.621 ; gain = 513.617
---------------------------------------------------------------------------------
---------------------------------------------------------------------------------
Start Renaming Generated Nets
---------------------------------------------------------------------------------
---------------------------------------------------------------------------------
Finished Renaming Generated Nets : Time (s): cpu = 00:00:12 ; elapsed = 00:00:22 . Memory (MB): peak = 1318.621 ; gain = 513.617
---------------------------------------------------------------------------------
---------------------------------------------------------------------------------
Start Writing Synthesis Report
---------------------------------------------------------------------------------

Report BlackBoxes: 
+------+---------------------------------+----------+
|      |BlackBox name                    |Instances |
+------+---------------------------------+----------+
|1     |mb_block_xbar_0                  |         1|
|2     |mb_block_axi_gpio_0_0            |         1|
|3     |mb_block_axi_gpio_1_0            |         1|
|4     |mb_block_axi_uartlite_0_0        |         1|
|5     |mb_block_clk_wiz_1_0             |         1|
|6     |mb_block_mdm_1_0                 |         1|
|7     |mb_block_microblaze_0_0          |         1|
|8     |mb_block_microblaze_0_axi_intc_0 |         1|
|9     |mb_block_rst_clk_wiz_1_100M_0    |         1|
|10    |mb_block_dlmb_bram_if_cntlr_0    |         1|
|11    |mb_block_dlmb_v10_0              |         1|
|12    |mb_block_ilmb_bram_if_cntlr_0    |         1|
|13    |mb_block_ilmb_v10_0              |         1|
|14    |mb_block_lmb_bram_0              |         1|
+------+---------------------------------+----------+

Report Cell Usage: 
+------+-------------------------------+------+
|      |Cell                           |Count |
+------+-------------------------------+------+
|1     |mb_block_axi_gpio_0            |     1|
|2     |mb_block_axi_gpio_1            |     1|
|3     |mb_block_axi_uartlite_0        |     1|
|4     |mb_block_clk_wiz_1             |     1|
|5     |mb_block_dlmb_bram_if_cntlr    |     1|
|6     |mb_block_dlmb_v10              |     1|
|7     |mb_block_ilmb_bram_if_cntlr    |     1|
|8     |mb_block_ilmb_v10              |     1|
|9     |mb_block_lmb_bram              |     1|
|10    |mb_block_mdm_1                 |     1|
|11    |mb_block_microblaze_0          |     1|
|12    |mb_block_microblaze_0_axi_intc |     1|
|13    |mb_block_rst_clk_wiz_1_100M    |     1|
|14    |mb_block_xbar                  |     1|
|15    |LUT1                           |     1|
|16    |IBUF                           |    21|
|17    |OBUF                           |    17|
+------+-------------------------------+------+
---------------------------------------------------------------------------------
Finished Writing Synthesis Report : Time (s): cpu = 00:00:12 ; elapsed = 00:00:22 . Memory (MB): peak = 1318.621 ; gain = 513.617
---------------------------------------------------------------------------------
Synthesis finished with 0 errors, 0 critical warnings and 11 warnings.
Synthesis Optimization Runtime : Time (s): cpu = 00:00:07 ; elapsed = 00:00:20 . Memory (MB): peak = 1318.621 ; gain = 513.617
Synthesis Optimization Complete : Time (s): cpu = 00:00:12 ; elapsed = 00:00:22 . Memory (MB): peak = 1318.621 ; gain = 513.617
INFO: [Project 1-571] Translating synthesized netlist
Netlist sorting complete. Time (s): cpu = 00:00:00 ; elapsed = 00:00:00.017 . Memory (MB): peak = 1331.715 ; gain = 0.000
INFO: [Project 1-570] Preparing netlist for logic optimization
INFO: [Opt 31-138] Pushed 0 inverter(s) to 0 load pin(s).
Netlist sorting complete. Time (s): cpu = 00:00:00 ; elapsed = 00:00:00 . Memory (MB): peak = 1340.277 ; gain = 0.000
INFO: [Project 1-111] Unisim Transformation Summary:
No Unisim elements were transformed.

Synth Design complete, checksum: 1bc10b34
INFO: [Common 17-83] Releasing license: Synthesis
70 Infos, 104 Warnings, 0 Critical Warnings and 0 Errors encountered.
synth_design completed successfully
synth_design: Time (s): cpu = 00:00:13 ; elapsed = 00:00:26 . Memory (MB): peak = 1340.277 ; gain = 910.516
INFO: [Common 17-1381] The checkpoint 'C:/Users/steff/Downloads/ece385git/lab6/lab6.runs/synth_1/mb_intro_top.dcp' has been generated.
INFO: [runtcl-4] Executing : report_utilization -file mb_intro_top_utilization_synth.rpt -pb mb_intro_top_utilization_synth.pb
INFO: [Common 17-206] Exiting Vivado at Mon Oct 14 13:21:17 2024...
