
*** Running vivado
    with args -log hdmi_text_controller_v1_0.vds -m64 -product Vivado -mode batch -messageDb vivado.pb -notrace -source hdmi_text_controller_v1_0.tcl



****** Vivado v2022.2 (64-bit)
  **** SW Build 3671981 on Fri Oct 14 05:00:03 MDT 2022
  **** IP Build 3669848 on Fri Oct 14 08:30:02 MDT 2022
    ** Copyright 1986-2022 Xilinx, Inc. All Rights Reserved.

source hdmi_text_controller_v1_0.tcl -notrace
INFO: [IP_Flow 19-234] Refreshing IP repositories
INFO: [IP_Flow 19-1700] Loaded user IP repository 'c:/Users/steff/Downloads/ece385git/ip_repo/hdmi_text_controller_1_0'.
INFO: [IP_Flow 19-1700] Loaded user IP repository 'c:/Users/steff/Downloads/RD_hdmi_ip2020'.
INFO: [IP_Flow 19-2313] Loaded Vivado IP repository 'C:/Xilinx/Vivado/2022.2/data/ip'.
WARNING: [IP_Flow 19-4995] The host OS only allows 260 characters in a normal path. The IP cache path is more than 80 characters. If you experience issues with IP caching, please consider changing the IP cache to a location with a shorter path. Alternately consider using the OS subst command to map part of the path to a drive letter. 
Current IP cache path is c:/Users/steff/Downloads/ece385git/lab71/lab71.tmp/hdmi_text_controller_v1_0_project/hdmi_text_controller_v1_0_project.cache/ip 
Command: read_checkpoint -auto_incremental -incremental C:/Users/steff/Downloads/ece385git/lab71/lab71.tmp/hdmi_text_controller_v1_0_project/hdmi_text_controller_v1_0_project.srcs/utils_1/imports/synth_1/hdmi_text_controller_v1_0.dcp
INFO: [Vivado 12-5825] Read reference checkpoint from C:/Users/steff/Downloads/ece385git/lab71/lab71.tmp/hdmi_text_controller_v1_0_project/hdmi_text_controller_v1_0_project.srcs/utils_1/imports/synth_1/hdmi_text_controller_v1_0.dcp for incremental synthesis
INFO: [Vivado 12-7989] Please ensure there are no constraint changes
Command: synth_design -top hdmi_text_controller_v1_0 -part xc7s50csga324-1
Starting synth_design
Attempting to get a license for feature 'Synthesis' and/or device 'xc7s50'
INFO: [Common 17-349] Got license for feature 'Synthesis' and/or device 'xc7s50'
INFO: [Device 21-403] Loading part xc7s50csga324-1
INFO: [Designutils 20-5440] No compile time benefit to using incremental synthesis; A full resynthesis will be run
INFO: [Designutils 20-4379] Flow is switching to default flow due to incremental criteria not met. If you would like to alter this behaviour and have the flow terminate instead, please set the following parameter config_implementation {autoIncr.Synth.RejectBehavior Terminate}
INFO: [Synth 8-7079] Multithreading enabled for synth_design using a maximum of 2 processes.
INFO: [Synth 8-7078] Launching helper process for spawning children vivado processes
INFO: [Synth 8-7075] Helper process launched with PID 27776
INFO: [Synth 8-11241] undeclared symbol 'REGCCE', assumed default net type 'wire' [C:/Xilinx/Vivado/2022.2/data/verilog/src/unimacro/BRAM_SINGLE_MACRO.v:2170]
INFO: [Synth 8-11241] undeclared symbol 'slv_reg_wren', assumed default net type 'wire' [C:/Users/steff/Downloads/ece385git/ip_repo/hdmi_text_controller_1_0/src/hdmi_text_controller_v1_0_AXI.sv:144]
---------------------------------------------------------------------------------
Starting RTL Elaboration : Time (s): cpu = 00:00:03 ; elapsed = 00:00:05 . Memory (MB): peak = 1189.238 ; gain = 409.055
---------------------------------------------------------------------------------
INFO: [Synth 8-6157] synthesizing module 'hdmi_text_controller_v1_0' [C:/Users/steff/Downloads/ece385git/ip_repo/hdmi_text_controller_1_0/src/hdmi_text_controller_v1_0.sv:10]
INFO: [Synth 8-6157] synthesizing module 'hdmi_text_controller_v1_0_AXI' [C:/Users/steff/Downloads/ece385git/ip_repo/hdmi_text_controller_1_0/src/hdmi_text_controller_v1_0_AXI.sv:3]
	Parameter C_S_AXI_DATA_WIDTH bound to: 32 - type: integer 
	Parameter C_S_AXI_ADDR_WIDTH bound to: 32 - type: integer 
INFO: [Synth 8-6155] done synthesizing module 'hdmi_text_controller_v1_0_AXI' (0#1) [C:/Users/steff/Downloads/ece385git/ip_repo/hdmi_text_controller_1_0/src/hdmi_text_controller_v1_0_AXI.sv:3]
INFO: [Synth 8-6157] synthesizing module 'blk_mem_gen_0' [C:/Users/steff/Downloads/ece385git/lab71/lab71.tmp/hdmi_text_controller_v1_0_project/hdmi_text_controller_v1_0_project.runs/synth_1/.Xil/Vivado-26544-Winferior/realtime/blk_mem_gen_0_stub.v:5]
INFO: [Synth 8-6155] done synthesizing module 'blk_mem_gen_0' (0#1) [C:/Users/steff/Downloads/ece385git/lab71/lab71.tmp/hdmi_text_controller_v1_0_project/hdmi_text_controller_v1_0_project.runs/synth_1/.Xil/Vivado-26544-Winferior/realtime/blk_mem_gen_0_stub.v:5]
INFO: [Synth 8-6157] synthesizing module 'clk_wiz_0' [C:/Users/steff/Downloads/ece385git/lab71/lab71.tmp/hdmi_text_controller_v1_0_project/hdmi_text_controller_v1_0_project.runs/synth_1/.Xil/Vivado-26544-Winferior/realtime/clk_wiz_0_stub.v:5]
INFO: [Synth 8-6155] done synthesizing module 'clk_wiz_0' (0#1) [C:/Users/steff/Downloads/ece385git/lab71/lab71.tmp/hdmi_text_controller_v1_0_project/hdmi_text_controller_v1_0_project.runs/synth_1/.Xil/Vivado-26544-Winferior/realtime/clk_wiz_0_stub.v:5]
INFO: [Synth 8-6157] synthesizing module 'vga_controller' [C:/Users/steff/Downloads/ece385git/ip_repo/hdmi_text_controller_1_0/src/VGA_controller.sv:26]
INFO: [Synth 8-6155] done synthesizing module 'vga_controller' (0#1) [C:/Users/steff/Downloads/ece385git/ip_repo/hdmi_text_controller_1_0/src/VGA_controller.sv:26]
WARNING: [Synth 8-7071] port 'sync' of module 'vga_controller' is unconnected for instance 'vga' [C:/Users/steff/Downloads/ece385git/ip_repo/hdmi_text_controller_1_0/src/hdmi_text_controller_v1_0.sv:147]
WARNING: [Synth 8-7023] instance 'vga' of module 'vga_controller' has 8 connections declared, but only 7 given [C:/Users/steff/Downloads/ece385git/ip_repo/hdmi_text_controller_1_0/src/hdmi_text_controller_v1_0.sv:147]
INFO: [Synth 8-6157] synthesizing module 'hdmi_tx_0' [C:/Users/steff/Downloads/ece385git/lab71/lab71.tmp/hdmi_text_controller_v1_0_project/hdmi_text_controller_v1_0_project.runs/synth_1/.Xil/Vivado-26544-Winferior/realtime/hdmi_tx_0_stub.v:5]
INFO: [Synth 8-6155] done synthesizing module 'hdmi_tx_0' (0#1) [C:/Users/steff/Downloads/ece385git/lab71/lab71.tmp/hdmi_text_controller_v1_0_project/hdmi_text_controller_v1_0_project.runs/synth_1/.Xil/Vivado-26544-Winferior/realtime/hdmi_tx_0_stub.v:5]
INFO: [Synth 8-6157] synthesizing module 'mapper' [C:/Users/steff/Downloads/ece385git/ip_repo/hdmi_text_controller_1_0/src/mapper.sv:1]
INFO: [Synth 8-6155] done synthesizing module 'mapper' (0#1) [C:/Users/steff/Downloads/ece385git/ip_repo/hdmi_text_controller_1_0/src/mapper.sv:1]
INFO: [Synth 8-6157] synthesizing module 'font_rom' [C:/Users/steff/Downloads/ece385git/ip_repo/hdmi_text_controller_1_0/src/font_rom.sv:1]
INFO: [Synth 8-6155] done synthesizing module 'font_rom' (0#1) [C:/Users/steff/Downloads/ece385git/ip_repo/hdmi_text_controller_1_0/src/font_rom.sv:1]
INFO: [Synth 8-6155] done synthesizing module 'hdmi_text_controller_v1_0' (0#1) [C:/Users/steff/Downloads/ece385git/ip_repo/hdmi_text_controller_1_0/src/hdmi_text_controller_v1_0.sv:10]
WARNING: [Synth 8-6014] Unused sequential element addr_index_reg was removed.  [C:/Users/steff/Downloads/ece385git/ip_repo/hdmi_text_controller_1_0/src/hdmi_text_controller_v1_0_AXI.sv:159]
WARNING: [Synth 8-6014] Unused sequential element reg_index_reg was removed.  [C:/Users/steff/Downloads/ece385git/ip_repo/hdmi_text_controller_1_0/src/hdmi_text_controller_v1_0_AXI.sv:168]
WARNING: [Synth 8-6014] Unused sequential element addr_index_reg was removed.  [C:/Users/steff/Downloads/ece385git/ip_repo/hdmi_text_controller_1_0/src/hdmi_text_controller_v1_0_AXI.sv:194]
WARNING: [Synth 8-6014] Unused sequential element reg_index_reg was removed.  [C:/Users/steff/Downloads/ece385git/ip_repo/hdmi_text_controller_1_0/src/hdmi_text_controller_v1_0_AXI.sv:204]
WARNING: [Synth 8-7129] Port beamY[9] in module mapper is either unconnected or has no load
WARNING: [Synth 8-7129] Port color_data[255] in module mapper is either unconnected or has no load
WARNING: [Synth 8-7129] Port color_data[254] in module mapper is either unconnected or has no load
WARNING: [Synth 8-7129] Port color_data[253] in module mapper is either unconnected or has no load
WARNING: [Synth 8-7129] Port color_data[252] in module mapper is either unconnected or has no load
WARNING: [Synth 8-7129] Port color_data[251] in module mapper is either unconnected or has no load
WARNING: [Synth 8-7129] Port color_data[250] in module mapper is either unconnected or has no load
WARNING: [Synth 8-7129] Port color_data[249] in module mapper is either unconnected or has no load
WARNING: [Synth 8-7129] Port color_data[224] in module mapper is either unconnected or has no load
WARNING: [Synth 8-7129] Port color_data[223] in module mapper is either unconnected or has no load
WARNING: [Synth 8-7129] Port color_data[222] in module mapper is either unconnected or has no load
WARNING: [Synth 8-7129] Port color_data[221] in module mapper is either unconnected or has no load
WARNING: [Synth 8-7129] Port color_data[220] in module mapper is either unconnected or has no load
WARNING: [Synth 8-7129] Port color_data[219] in module mapper is either unconnected or has no load
WARNING: [Synth 8-7129] Port color_data[218] in module mapper is either unconnected or has no load
WARNING: [Synth 8-7129] Port color_data[217] in module mapper is either unconnected or has no load
WARNING: [Synth 8-7129] Port color_data[192] in module mapper is either unconnected or has no load
WARNING: [Synth 8-7129] Port color_data[191] in module mapper is either unconnected or has no load
WARNING: [Synth 8-7129] Port color_data[190] in module mapper is either unconnected or has no load
WARNING: [Synth 8-7129] Port color_data[189] in module mapper is either unconnected or has no load
WARNING: [Synth 8-7129] Port color_data[188] in module mapper is either unconnected or has no load
WARNING: [Synth 8-7129] Port color_data[187] in module mapper is either unconnected or has no load
WARNING: [Synth 8-7129] Port color_data[186] in module mapper is either unconnected or has no load
WARNING: [Synth 8-7129] Port color_data[185] in module mapper is either unconnected or has no load
WARNING: [Synth 8-7129] Port color_data[160] in module mapper is either unconnected or has no load
WARNING: [Synth 8-7129] Port color_data[159] in module mapper is either unconnected or has no load
WARNING: [Synth 8-7129] Port color_data[158] in module mapper is either unconnected or has no load
WARNING: [Synth 8-7129] Port color_data[157] in module mapper is either unconnected or has no load
WARNING: [Synth 8-7129] Port color_data[156] in module mapper is either unconnected or has no load
WARNING: [Synth 8-7129] Port color_data[155] in module mapper is either unconnected or has no load
WARNING: [Synth 8-7129] Port color_data[154] in module mapper is either unconnected or has no load
WARNING: [Synth 8-7129] Port color_data[153] in module mapper is either unconnected or has no load
WARNING: [Synth 8-7129] Port color_data[128] in module mapper is either unconnected or has no load
WARNING: [Synth 8-7129] Port color_data[127] in module mapper is either unconnected or has no load
WARNING: [Synth 8-7129] Port color_data[126] in module mapper is either unconnected or has no load
WARNING: [Synth 8-7129] Port color_data[125] in module mapper is either unconnected or has no load
WARNING: [Synth 8-7129] Port color_data[124] in module mapper is either unconnected or has no load
WARNING: [Synth 8-7129] Port color_data[123] in module mapper is either unconnected or has no load
WARNING: [Synth 8-7129] Port color_data[122] in module mapper is either unconnected or has no load
WARNING: [Synth 8-7129] Port color_data[121] in module mapper is either unconnected or has no load
WARNING: [Synth 8-7129] Port color_data[96] in module mapper is either unconnected or has no load
WARNING: [Synth 8-7129] Port color_data[95] in module mapper is either unconnected or has no load
WARNING: [Synth 8-7129] Port color_data[94] in module mapper is either unconnected or has no load
WARNING: [Synth 8-7129] Port color_data[93] in module mapper is either unconnected or has no load
WARNING: [Synth 8-7129] Port color_data[92] in module mapper is either unconnected or has no load
WARNING: [Synth 8-7129] Port color_data[91] in module mapper is either unconnected or has no load
WARNING: [Synth 8-7129] Port color_data[90] in module mapper is either unconnected or has no load
WARNING: [Synth 8-7129] Port color_data[89] in module mapper is either unconnected or has no load
WARNING: [Synth 8-7129] Port color_data[64] in module mapper is either unconnected or has no load
WARNING: [Synth 8-7129] Port color_data[63] in module mapper is either unconnected or has no load
WARNING: [Synth 8-7129] Port color_data[62] in module mapper is either unconnected or has no load
WARNING: [Synth 8-7129] Port color_data[61] in module mapper is either unconnected or has no load
WARNING: [Synth 8-7129] Port color_data[60] in module mapper is either unconnected or has no load
WARNING: [Synth 8-7129] Port color_data[59] in module mapper is either unconnected or has no load
WARNING: [Synth 8-7129] Port color_data[58] in module mapper is either unconnected or has no load
WARNING: [Synth 8-7129] Port color_data[57] in module mapper is either unconnected or has no load
WARNING: [Synth 8-7129] Port color_data[32] in module mapper is either unconnected or has no load
WARNING: [Synth 8-7129] Port color_data[31] in module mapper is either unconnected or has no load
WARNING: [Synth 8-7129] Port color_data[30] in module mapper is either unconnected or has no load
WARNING: [Synth 8-7129] Port color_data[29] in module mapper is either unconnected or has no load
WARNING: [Synth 8-7129] Port color_data[28] in module mapper is either unconnected or has no load
WARNING: [Synth 8-7129] Port color_data[27] in module mapper is either unconnected or has no load
WARNING: [Synth 8-7129] Port color_data[26] in module mapper is either unconnected or has no load
WARNING: [Synth 8-7129] Port color_data[25] in module mapper is either unconnected or has no load
WARNING: [Synth 8-7129] Port color_data[0] in module mapper is either unconnected or has no load
WARNING: [Synth 8-7129] Port S_AXI_AWPROT[2] in module hdmi_text_controller_v1_0_AXI is either unconnected or has no load
WARNING: [Synth 8-7129] Port S_AXI_AWPROT[1] in module hdmi_text_controller_v1_0_AXI is either unconnected or has no load
WARNING: [Synth 8-7129] Port S_AXI_AWPROT[0] in module hdmi_text_controller_v1_0_AXI is either unconnected or has no load
WARNING: [Synth 8-7129] Port S_AXI_ARPROT[2] in module hdmi_text_controller_v1_0_AXI is either unconnected or has no load
WARNING: [Synth 8-7129] Port S_AXI_ARPROT[1] in module hdmi_text_controller_v1_0_AXI is either unconnected or has no load
WARNING: [Synth 8-7129] Port S_AXI_ARPROT[0] in module hdmi_text_controller_v1_0_AXI is either unconnected or has no load
---------------------------------------------------------------------------------
Finished RTL Elaboration : Time (s): cpu = 00:00:04 ; elapsed = 00:00:07 . Memory (MB): peak = 1298.715 ; gain = 518.531
---------------------------------------------------------------------------------
---------------------------------------------------------------------------------
Start Handling Custom Attributes
---------------------------------------------------------------------------------
---------------------------------------------------------------------------------
Finished Handling Custom Attributes : Time (s): cpu = 00:00:04 ; elapsed = 00:00:07 . Memory (MB): peak = 1298.715 ; gain = 518.531
---------------------------------------------------------------------------------
---------------------------------------------------------------------------------
Finished RTL Optimization Phase 1 : Time (s): cpu = 00:00:04 ; elapsed = 00:00:07 . Memory (MB): peak = 1298.715 ; gain = 518.531
---------------------------------------------------------------------------------
Netlist sorting complete. Time (s): cpu = 00:00:00 ; elapsed = 00:00:00.024 . Memory (MB): peak = 1298.715 ; gain = 0.000
INFO: [Project 1-570] Preparing netlist for logic optimization

Processing XDC Constraints
Initializing timing engine
Parsing XDC File [c:/Users/steff/Downloads/ece385git/ip_repo/hdmi_text_controller_1_0/src/hdmi_tx_0_1/hdmi_tx_0/hdmi_tx_0_in_context.xdc] for cell 'vga_to_hdmi'
Finished Parsing XDC File [c:/Users/steff/Downloads/ece385git/ip_repo/hdmi_text_controller_1_0/src/hdmi_tx_0_1/hdmi_tx_0/hdmi_tx_0_in_context.xdc] for cell 'vga_to_hdmi'
Parsing XDC File [c:/Users/steff/Downloads/ece385git/ip_repo/hdmi_text_controller_1_0/src/clk_wiz_0_1/clk_wiz_0/clk_wiz_0_in_context.xdc] for cell 'clk_wiz'
Finished Parsing XDC File [c:/Users/steff/Downloads/ece385git/ip_repo/hdmi_text_controller_1_0/src/clk_wiz_0_1/clk_wiz_0/clk_wiz_0_in_context.xdc] for cell 'clk_wiz'
Parsing XDC File [c:/Users/steff/Downloads/ece385git/lab71/lab71.tmp/hdmi_text_controller_v1_0_project/hdmi_text_controller_v1_0_project.gen/sources_1/ip/blk_mem_gen_0/blk_mem_gen_0/blk_mem_gen_0_in_context.xdc] for cell 'mem'
Finished Parsing XDC File [c:/Users/steff/Downloads/ece385git/lab71/lab71.tmp/hdmi_text_controller_v1_0_project/hdmi_text_controller_v1_0_project.gen/sources_1/ip/blk_mem_gen_0/blk_mem_gen_0/blk_mem_gen_0_in_context.xdc] for cell 'mem'
Completed Processing XDC Constraints

Netlist sorting complete. Time (s): cpu = 00:00:00 ; elapsed = 00:00:00 . Memory (MB): peak = 1353.406 ; gain = 0.000
INFO: [Project 1-111] Unisim Transformation Summary:
No Unisim elements were transformed.

Constraint Validation Runtime : Time (s): cpu = 00:00:00 ; elapsed = 00:00:00.012 . Memory (MB): peak = 1353.406 ; gain = 0.000
WARNING: [Timing 38-316] Clock period '20.000' specified during out-of-context synthesis of instance 'mem' at clock pin 'clka' is different from the actual clock period '10.000', this can lead to different synthesis results.
INFO: [Designutils 20-5440] No compile time benefit to using incremental synthesis; A full resynthesis will be run
INFO: [Designutils 20-4379] Flow is switching to default flow due to incremental criteria not met. If you would like to alter this behaviour and have the flow terminate instead, please set the following parameter config_implementation {autoIncr.Synth.RejectBehavior Terminate}
INFO: [Synth 8-11241] undeclared symbol 'REGCCE', assumed default net type 'wire' [C:/Xilinx/Vivado/2022.2/data/verilog/src/unimacro/BRAM_SINGLE_MACRO.v:2170]
---------------------------------------------------------------------------------
Finished Constraint Validation : Time (s): cpu = 00:00:07 ; elapsed = 00:00:14 . Memory (MB): peak = 1355.809 ; gain = 575.625
---------------------------------------------------------------------------------
---------------------------------------------------------------------------------
Start Loading Part and Timing Information
---------------------------------------------------------------------------------
Loading part: xc7s50csga324-1
---------------------------------------------------------------------------------
Finished Loading Part and Timing Information : Time (s): cpu = 00:00:07 ; elapsed = 00:00:14 . Memory (MB): peak = 1355.809 ; gain = 575.625
---------------------------------------------------------------------------------
---------------------------------------------------------------------------------
Start Applying 'set_property' XDC Constraints
---------------------------------------------------------------------------------
Applied set_property IO_BUFFER_TYPE = NONE for hdmi_clk_n. (constraint file  c:/Users/steff/Downloads/ece385git/ip_repo/hdmi_text_controller_1_0/src/hdmi_tx_0_1/hdmi_tx_0/hdmi_tx_0_in_context.xdc, line 1).
Applied set_property CLOCK_BUFFER_TYPE = NONE for hdmi_clk_n. (constraint file  c:/Users/steff/Downloads/ece385git/ip_repo/hdmi_text_controller_1_0/src/hdmi_tx_0_1/hdmi_tx_0/hdmi_tx_0_in_context.xdc, line 2).
Applied set_property IO_BUFFER_TYPE = NONE for hdmi_clk_p. (constraint file  c:/Users/steff/Downloads/ece385git/ip_repo/hdmi_text_controller_1_0/src/hdmi_tx_0_1/hdmi_tx_0/hdmi_tx_0_in_context.xdc, line 3).
Applied set_property CLOCK_BUFFER_TYPE = NONE for hdmi_clk_p. (constraint file  c:/Users/steff/Downloads/ece385git/ip_repo/hdmi_text_controller_1_0/src/hdmi_tx_0_1/hdmi_tx_0/hdmi_tx_0_in_context.xdc, line 4).
Applied set_property IO_BUFFER_TYPE = NONE for hdmi_tx_n[0]. (constraint file  c:/Users/steff/Downloads/ece385git/ip_repo/hdmi_text_controller_1_0/src/hdmi_tx_0_1/hdmi_tx_0/hdmi_tx_0_in_context.xdc, line 5).
Applied set_property CLOCK_BUFFER_TYPE = NONE for hdmi_tx_n[0]. (constraint file  c:/Users/steff/Downloads/ece385git/ip_repo/hdmi_text_controller_1_0/src/hdmi_tx_0_1/hdmi_tx_0/hdmi_tx_0_in_context.xdc, line 6).
Applied set_property IO_BUFFER_TYPE = NONE for hdmi_tx_n[1]. (constraint file  c:/Users/steff/Downloads/ece385git/ip_repo/hdmi_text_controller_1_0/src/hdmi_tx_0_1/hdmi_tx_0/hdmi_tx_0_in_context.xdc, line 7).
Applied set_property CLOCK_BUFFER_TYPE = NONE for hdmi_tx_n[1]. (constraint file  c:/Users/steff/Downloads/ece385git/ip_repo/hdmi_text_controller_1_0/src/hdmi_tx_0_1/hdmi_tx_0/hdmi_tx_0_in_context.xdc, line 8).
Applied set_property IO_BUFFER_TYPE = NONE for hdmi_tx_n[2]. (constraint file  c:/Users/steff/Downloads/ece385git/ip_repo/hdmi_text_controller_1_0/src/hdmi_tx_0_1/hdmi_tx_0/hdmi_tx_0_in_context.xdc, line 9).
Applied set_property CLOCK_BUFFER_TYPE = NONE for hdmi_tx_n[2]. (constraint file  c:/Users/steff/Downloads/ece385git/ip_repo/hdmi_text_controller_1_0/src/hdmi_tx_0_1/hdmi_tx_0/hdmi_tx_0_in_context.xdc, line 10).
Applied set_property IO_BUFFER_TYPE = NONE for hdmi_tx_p[0]. (constraint file  c:/Users/steff/Downloads/ece385git/ip_repo/hdmi_text_controller_1_0/src/hdmi_tx_0_1/hdmi_tx_0/hdmi_tx_0_in_context.xdc, line 11).
Applied set_property CLOCK_BUFFER_TYPE = NONE for hdmi_tx_p[0]. (constraint file  c:/Users/steff/Downloads/ece385git/ip_repo/hdmi_text_controller_1_0/src/hdmi_tx_0_1/hdmi_tx_0/hdmi_tx_0_in_context.xdc, line 12).
Applied set_property IO_BUFFER_TYPE = NONE for hdmi_tx_p[1]. (constraint file  c:/Users/steff/Downloads/ece385git/ip_repo/hdmi_text_controller_1_0/src/hdmi_tx_0_1/hdmi_tx_0/hdmi_tx_0_in_context.xdc, line 13).
Applied set_property CLOCK_BUFFER_TYPE = NONE for hdmi_tx_p[1]. (constraint file  c:/Users/steff/Downloads/ece385git/ip_repo/hdmi_text_controller_1_0/src/hdmi_tx_0_1/hdmi_tx_0/hdmi_tx_0_in_context.xdc, line 14).
Applied set_property IO_BUFFER_TYPE = NONE for hdmi_tx_p[2]. (constraint file  c:/Users/steff/Downloads/ece385git/ip_repo/hdmi_text_controller_1_0/src/hdmi_tx_0_1/hdmi_tx_0/hdmi_tx_0_in_context.xdc, line 15).
Applied set_property CLOCK_BUFFER_TYPE = NONE for hdmi_tx_p[2]. (constraint file  c:/Users/steff/Downloads/ece385git/ip_repo/hdmi_text_controller_1_0/src/hdmi_tx_0_1/hdmi_tx_0/hdmi_tx_0_in_context.xdc, line 16).
Applied set_property IO_BUFFER_TYPE = NONE for axi_aclk. (constraint file  c:/Users/steff/Downloads/ece385git/ip_repo/hdmi_text_controller_1_0/src/clk_wiz_0_1/clk_wiz_0/clk_wiz_0_in_context.xdc, line 4).
Applied set_property CLOCK_BUFFER_TYPE = NONE for axi_aclk. (constraint file  c:/Users/steff/Downloads/ece385git/ip_repo/hdmi_text_controller_1_0/src/clk_wiz_0_1/clk_wiz_0/clk_wiz_0_in_context.xdc, line 5).
Applied set_property KEEP_HIERARCHY = SOFT for vga_to_hdmi. (constraint file  auto generated constraint).
Applied set_property KEEP_HIERARCHY = SOFT for clk_wiz. (constraint file  auto generated constraint).
Applied set_property KEEP_HIERARCHY = SOFT for mem. (constraint file  auto generated constraint).
---------------------------------------------------------------------------------
Finished applying 'set_property' XDC Constraints : Time (s): cpu = 00:00:07 ; elapsed = 00:00:14 . Memory (MB): peak = 1355.809 ; gain = 575.625
---------------------------------------------------------------------------------
---------------------------------------------------------------------------------
Finished RTL Optimization Phase 2 : Time (s): cpu = 00:00:07 ; elapsed = 00:00:14 . Memory (MB): peak = 1355.809 ; gain = 575.625
---------------------------------------------------------------------------------
---------------------------------------------------------------------------------
Start RTL Component Statistics 
---------------------------------------------------------------------------------
Detailed RTL Component Info : 
+---Adders : 
	   2 Input   11 Bit       Adders := 2     
	   2 Input   10 Bit       Adders := 2     
+---Registers : 
	               32 Bit    Registers := 12    
	               11 Bit    Registers := 1     
	               10 Bit    Registers := 2     
	                4 Bit    Registers := 1     
	                2 Bit    Registers := 1     
	                1 Bit    Registers := 11    
+---Muxes : 
	   2 Input   32 Bit        Muxes := 25    
	   2 Input   11 Bit        Muxes := 3     
	   2 Input    8 Bit        Muxes := 40    
	   2 Input    7 Bit        Muxes := 1     
	   2 Input    4 Bit        Muxes := 13    
	   2 Input    1 Bit        Muxes := 13    
---------------------------------------------------------------------------------
Finished RTL Component Statistics 
---------------------------------------------------------------------------------
---------------------------------------------------------------------------------
Start Part Resource Summary
---------------------------------------------------------------------------------
Part Resources:
DSPs: 120 (col length:60)
BRAMs: 150 (col length: RAMB18 60 RAMB36 30)
---------------------------------------------------------------------------------
Finished Part Resource Summary
---------------------------------------------------------------------------------
---------------------------------------------------------------------------------
Start Cross Boundary and Area Optimization
---------------------------------------------------------------------------------
WARNING: [Synth 8-7080] Parallel synthesis criteria is not met
WARNING: [Synth 8-7129] Port beamY[9] in module mapper is either unconnected or has no load
WARNING: [Synth 8-7129] Port color_data[255] in module mapper is either unconnected or has no load
WARNING: [Synth 8-7129] Port color_data[254] in module mapper is either unconnected or has no load
WARNING: [Synth 8-7129] Port color_data[253] in module mapper is either unconnected or has no load
WARNING: [Synth 8-7129] Port color_data[252] in module mapper is either unconnected or has no load
WARNING: [Synth 8-7129] Port color_data[251] in module mapper is either unconnected or has no load
WARNING: [Synth 8-7129] Port color_data[250] in module mapper is either unconnected or has no load
WARNING: [Synth 8-7129] Port color_data[249] in module mapper is either unconnected or has no load
WARNING: [Synth 8-7129] Port color_data[224] in module mapper is either unconnected or has no load
WARNING: [Synth 8-7129] Port color_data[223] in module mapper is either unconnected or has no load
WARNING: [Synth 8-7129] Port color_data[222] in module mapper is either unconnected or has no load
WARNING: [Synth 8-7129] Port color_data[221] in module mapper is either unconnected or has no load
WARNING: [Synth 8-7129] Port color_data[220] in module mapper is either unconnected or has no load
WARNING: [Synth 8-7129] Port color_data[219] in module mapper is either unconnected or has no load
WARNING: [Synth 8-7129] Port color_data[218] in module mapper is either unconnected or has no load
WARNING: [Synth 8-7129] Port color_data[217] in module mapper is either unconnected or has no load
WARNING: [Synth 8-7129] Port color_data[192] in module mapper is either unconnected or has no load
WARNING: [Synth 8-7129] Port color_data[191] in module mapper is either unconnected or has no load
WARNING: [Synth 8-7129] Port color_data[190] in module mapper is either unconnected or has no load
WARNING: [Synth 8-7129] Port color_data[189] in module mapper is either unconnected or has no load
WARNING: [Synth 8-7129] Port color_data[188] in module mapper is either unconnected or has no load
WARNING: [Synth 8-7129] Port color_data[187] in module mapper is either unconnected or has no load
WARNING: [Synth 8-7129] Port color_data[186] in module mapper is either unconnected or has no load
WARNING: [Synth 8-7129] Port color_data[185] in module mapper is either unconnected or has no load
WARNING: [Synth 8-7129] Port color_data[160] in module mapper is either unconnected or has no load
WARNING: [Synth 8-7129] Port color_data[159] in module mapper is either unconnected or has no load
WARNING: [Synth 8-7129] Port color_data[158] in module mapper is either unconnected or has no load
WARNING: [Synth 8-7129] Port color_data[157] in module mapper is either unconnected or has no load
WARNING: [Synth 8-7129] Port color_data[156] in module mapper is either unconnected or has no load
INFO: [Common 17-14] Message 'Synth 8-7129' appears 100 times and further instances of the messages will be disabled. Use the Tcl command set_msg_config to change the current settings.
---------------------------------------------------------------------------------
Finished Cross Boundary and Area Optimization : Time (s): cpu = 00:00:13 ; elapsed = 00:00:26 . Memory (MB): peak = 1355.809 ; gain = 575.625
---------------------------------------------------------------------------------
---------------------------------------------------------------------------------
Start ROM, RAM, DSP, Shift Register and Retiming Reporting
---------------------------------------------------------------------------------

ROM: Preliminary Mapping Report
+------------+------------+---------------+----------------+
|Module Name | RTL Object | Depth x Width | Implemented As | 
+------------+------------+---------------+----------------+
|font_rom    | ROM        | 2048x8        | LUT            | 
+------------+------------+---------------+----------------+

---------------------------------------------------------------------------------
Finished ROM, RAM, DSP, Shift Register and Retiming Reporting
---------------------------------------------------------------------------------
---------------------------------------------------------------------------------
Start Applying XDC Timing Constraints
---------------------------------------------------------------------------------
---------------------------------------------------------------------------------
Finished Applying XDC Timing Constraints : Time (s): cpu = 00:00:15 ; elapsed = 00:00:31 . Memory (MB): peak = 1355.809 ; gain = 575.625
---------------------------------------------------------------------------------
---------------------------------------------------------------------------------
Start Timing Optimization
---------------------------------------------------------------------------------
---------------------------------------------------------------------------------
Finished Timing Optimization : Time (s): cpu = 00:00:17 ; elapsed = 00:00:35 . Memory (MB): peak = 1407.781 ; gain = 627.598
---------------------------------------------------------------------------------
---------------------------------------------------------------------------------
Start Technology Mapping
---------------------------------------------------------------------------------
---------------------------------------------------------------------------------
Finished Technology Mapping : Time (s): cpu = 00:00:17 ; elapsed = 00:00:35 . Memory (MB): peak = 1407.781 ; gain = 627.598
---------------------------------------------------------------------------------
---------------------------------------------------------------------------------
Start IO Insertion
---------------------------------------------------------------------------------
---------------------------------------------------------------------------------
Start Flattening Before IO Insertion
---------------------------------------------------------------------------------
---------------------------------------------------------------------------------
Finished Flattening Before IO Insertion
---------------------------------------------------------------------------------
---------------------------------------------------------------------------------
Start Final Netlist Cleanup
---------------------------------------------------------------------------------
---------------------------------------------------------------------------------
Finished Final Netlist Cleanup
---------------------------------------------------------------------------------
---------------------------------------------------------------------------------
Finished IO Insertion : Time (s): cpu = 00:00:19 ; elapsed = 00:00:39 . Memory (MB): peak = 1412.344 ; gain = 632.160
---------------------------------------------------------------------------------
---------------------------------------------------------------------------------
Start Renaming Generated Instances
---------------------------------------------------------------------------------
---------------------------------------------------------------------------------
Finished Renaming Generated Instances : Time (s): cpu = 00:00:19 ; elapsed = 00:00:39 . Memory (MB): peak = 1412.344 ; gain = 632.160
---------------------------------------------------------------------------------
---------------------------------------------------------------------------------
Start Rebuilding User Hierarchy
---------------------------------------------------------------------------------
---------------------------------------------------------------------------------
Finished Rebuilding User Hierarchy : Time (s): cpu = 00:00:19 ; elapsed = 00:00:39 . Memory (MB): peak = 1412.344 ; gain = 632.160
---------------------------------------------------------------------------------
---------------------------------------------------------------------------------
Start Renaming Generated Ports
---------------------------------------------------------------------------------
---------------------------------------------------------------------------------
Finished Renaming Generated Ports : Time (s): cpu = 00:00:19 ; elapsed = 00:00:39 . Memory (MB): peak = 1412.344 ; gain = 632.160
---------------------------------------------------------------------------------
---------------------------------------------------------------------------------
Start Handling Custom Attributes
---------------------------------------------------------------------------------
---------------------------------------------------------------------------------
Finished Handling Custom Attributes : Time (s): cpu = 00:00:19 ; elapsed = 00:00:39 . Memory (MB): peak = 1412.344 ; gain = 632.160
---------------------------------------------------------------------------------
---------------------------------------------------------------------------------
Start Renaming Generated Nets
---------------------------------------------------------------------------------
---------------------------------------------------------------------------------
Finished Renaming Generated Nets : Time (s): cpu = 00:00:19 ; elapsed = 00:00:39 . Memory (MB): peak = 1412.344 ; gain = 632.160
---------------------------------------------------------------------------------
---------------------------------------------------------------------------------
Start Writing Synthesis Report
---------------------------------------------------------------------------------

Report BlackBoxes: 
+------+--------------+----------+
|      |BlackBox name |Instances |
+------+--------------+----------+
|1     |blk_mem_gen_0 |         1|
|2     |clk_wiz_0     |         1|
|3     |hdmi_tx_0     |         1|
+------+--------------+----------+

Report Cell Usage: 
+------+------------+------+
|      |Cell        |Count |
+------+------------+------+
|1     |blk_mem_gen |     1|
|2     |clk_wiz     |     1|
|3     |hdmi_tx     |     1|
|4     |CARRY4      |     9|
|5     |LUT1        |     8|
|6     |LUT2        |    45|
|7     |LUT3        |    23|
|8     |LUT4        |    21|
|9     |LUT5        |   179|
|10    |LUT6        |   509|
|11    |MUXF7       |    16|
|12    |MUXF8       |     8|
|13    |FDCE        |    27|
|14    |FDRE        |   368|
|15    |FDSE        |     1|
|16    |IBUF        |    67|
|17    |OBUF        |    41|
+------+------------+------+
---------------------------------------------------------------------------------
Finished Writing Synthesis Report : Time (s): cpu = 00:00:19 ; elapsed = 00:00:39 . Memory (MB): peak = 1412.344 ; gain = 632.160
---------------------------------------------------------------------------------
Synthesis finished with 0 errors, 0 critical warnings and 72 warnings.
Synthesis Optimization Runtime : Time (s): cpu = 00:00:14 ; elapsed = 00:00:37 . Memory (MB): peak = 1412.344 ; gain = 575.066
Synthesis Optimization Complete : Time (s): cpu = 00:00:19 ; elapsed = 00:00:39 . Memory (MB): peak = 1412.344 ; gain = 632.160
INFO: [Project 1-571] Translating synthesized netlist
Netlist sorting complete. Time (s): cpu = 00:00:00 ; elapsed = 00:00:00.015 . Memory (MB): peak = 1424.422 ; gain = 0.000
INFO: [Netlist 29-17] Analyzing 33 Unisim elements for replacement
INFO: [Netlist 29-28] Unisim Transformation completed in 0 CPU seconds
INFO: [Project 1-570] Preparing netlist for logic optimization
INFO: [Opt 31-140] Inserted 1 IBUFs to IO ports without IO buffers.
INFO: [Opt 31-138] Pushed 0 inverter(s) to 0 load pin(s).
Netlist sorting complete. Time (s): cpu = 00:00:00 ; elapsed = 00:00:00 . Memory (MB): peak = 1428.102 ; gain = 0.000
INFO: [Project 1-111] Unisim Transformation Summary:
No Unisim elements were transformed.

Synth Design complete, checksum: 5f1df38b
INFO: [Common 17-83] Releasing license: Synthesis
45 Infos, 109 Warnings, 0 Critical Warnings and 0 Errors encountered.
synth_design completed successfully
synth_design: Time (s): cpu = 00:00:20 ; elapsed = 00:00:44 . Memory (MB): peak = 1428.102 ; gain = 1024.793
INFO: [Common 17-1381] The checkpoint 'C:/Users/steff/Downloads/ece385git/lab71/lab71.tmp/hdmi_text_controller_v1_0_project/hdmi_text_controller_v1_0_project.runs/synth_1/hdmi_text_controller_v1_0.dcp' has been generated.
INFO: [runtcl-4] Executing : report_utilization -file hdmi_text_controller_v1_0_utilization_synth.rpt -pb hdmi_text_controller_v1_0_utilization_synth.pb
INFO: [Common 17-206] Exiting Vivado at Sun Nov  3 09:26:40 2024...
