
*** Running vivado
    with args -log mb_block_packman_0_0.vds -m64 -product Vivado -mode batch -messageDb vivado.pb -notrace -source mb_block_packman_0_0.tcl



****** Vivado v2022.2 (64-bit)
  **** SW Build 3671981 on Fri Oct 14 05:00:03 MDT 2022
  **** IP Build 3669848 on Fri Oct 14 08:30:02 MDT 2022
    ** Copyright 1986-2022 Xilinx, Inc. All Rights Reserved.

source mb_block_packman_0_0.tcl -notrace
create_project: Time (s): cpu = 00:00:02 ; elapsed = 00:00:05 . Memory (MB): peak = 373.156 ; gain = 63.082
INFO: [IP_Flow 19-234] Refreshing IP repositories
INFO: [IP_Flow 19-1700] Loaded user IP repository 'c:/Users/steff/OneDrive/Documents/ECE385/ip_repo/packman_1_0'.
INFO: [IP_Flow 19-1700] Loaded user IP repository 'c:/Users/steff/Downloads/RD_hdmi_ip2020'.
INFO: [IP_Flow 19-2313] Loaded Vivado IP repository 'C:/Xilinx/Vivado/2022.2/data/ip'.
INFO: [IP_Flow 19-6924] IPCACHE: Running cache check for IP inst: mb_block_packman_0_0
Command: synth_design -top mb_block_packman_0_0 -part xc7s50csga324-1 -incremental_mode off -mode out_of_context
Starting synth_design
Attempting to get a license for feature 'Synthesis' and/or device 'xc7s50'
INFO: [Common 17-349] Got license for feature 'Synthesis' and/or device 'xc7s50'
INFO: [Device 21-403] Loading part xc7s50csga324-1
INFO: [Synth 8-7079] Multithreading enabled for synth_design using a maximum of 2 processes.
INFO: [Synth 8-7078] Launching helper process for spawning children vivado processes
INFO: [Synth 8-7075] Helper process launched with PID 136848
INFO: [Synth 8-11241] undeclared symbol 'REGCCE', assumed default net type 'wire' [C:/Xilinx/Vivado/2022.2/data/verilog/src/unimacro/BRAM_SINGLE_MACRO.v:2170]
INFO: [Synth 8-11241] undeclared symbol 'reset_ah', assumed default net type 'wire' [c:/Users/steff/OneDrive/Documents/ECE385/packman/packman.gen/sources_1/bd/mb_block/ipshared/3d30/src/hdmi_text_controller_v1_0.sv:138]
WARNING: [Synth 8-11065] parameter 'CTRLTOKEN0' becomes localparam in 'encode' with formal parameter declaration list [c:/Users/steff/OneDrive/Documents/ECE385/packman/packman.gen/sources_1/bd/mb_block/ip/mb_block_packman_0_0/src/hdmi_tx_0/hdl/encode.v:145]
WARNING: [Synth 8-11065] parameter 'CTRLTOKEN1' becomes localparam in 'encode' with formal parameter declaration list [c:/Users/steff/OneDrive/Documents/ECE385/packman/packman.gen/sources_1/bd/mb_block/ip/mb_block_packman_0_0/src/hdmi_tx_0/hdl/encode.v:146]
WARNING: [Synth 8-11065] parameter 'CTRLTOKEN2' becomes localparam in 'encode' with formal parameter declaration list [c:/Users/steff/OneDrive/Documents/ECE385/packman/packman.gen/sources_1/bd/mb_block/ip/mb_block_packman_0_0/src/hdmi_tx_0/hdl/encode.v:147]
WARNING: [Synth 8-11065] parameter 'CTRLTOKEN3' becomes localparam in 'encode' with formal parameter declaration list [c:/Users/steff/OneDrive/Documents/ECE385/packman/packman.gen/sources_1/bd/mb_block/ip/mb_block_packman_0_0/src/hdmi_tx_0/hdl/encode.v:148]
---------------------------------------------------------------------------------
Starting RTL Elaboration : Time (s): cpu = 00:00:04 ; elapsed = 00:00:08 . Memory (MB): peak = 1190.070 ; gain = 408.242
---------------------------------------------------------------------------------
WARNING: [Synth 8-6014] Unused sequential element hdmi_ctl1_reg was removed.  [c:/Users/steff/OneDrive/Documents/ECE385/packman/packman.gen/sources_1/bd/mb_block/ip/mb_block_packman_0_0/src/hdmi_tx_0/hdl/hdmi_tx_v1_0.v:148]
WARNING: [Synth 8-6014] Unused sequential element grid_x_reg was removed.  [c:/Users/steff/OneDrive/Documents/ECE385/packman/packman.gen/sources_1/bd/mb_block/ipshared/3d30/src/mapper.sv:279]
WARNING: [Synth 8-6014] Unused sequential element grid_y_reg was removed.  [c:/Users/steff/OneDrive/Documents/ECE385/packman/packman.gen/sources_1/bd/mb_block/ipshared/3d30/src/mapper.sv:280]
WARNING: [Synth 8-6014] Unused sequential element cell_x_reg was removed.  [c:/Users/steff/OneDrive/Documents/ECE385/packman/packman.gen/sources_1/bd/mb_block/ipshared/3d30/src/mapper.sv:283]
WARNING: [Synth 8-6014] Unused sequential element cell_y_reg was removed.  [c:/Users/steff/OneDrive/Documents/ECE385/packman/packman.gen/sources_1/bd/mb_block/ipshared/3d30/src/mapper.sv:284]
WARNING: [Synth 8-6014] Unused sequential element pellet_cell_x_start_reg was removed.  [c:/Users/steff/OneDrive/Documents/ECE385/packman/packman.gen/sources_1/bd/mb_block/ipshared/3d30/src/mapper.sv:287]
WARNING: [Synth 8-6014] Unused sequential element pellet_cell_y_start_reg was removed.  [c:/Users/steff/OneDrive/Documents/ECE385/packman/packman.gen/sources_1/bd/mb_block/ipshared/3d30/src/mapper.sv:288]
WARNING: [Synth 8-6014] Unused sequential element pellet_size_reg was removed.  [c:/Users/steff/OneDrive/Documents/ECE385/packman/packman.gen/sources_1/bd/mb_block/ipshared/3d30/src/mapper.sv:289]
WARNING: [Synth 8-7129] Port CLKB in module blk_mem_output_block__parameterized1 is either unconnected or has no load
WARNING: [Synth 8-7129] Port DOUTB_I[3] in module blk_mem_output_block__parameterized1 is either unconnected or has no load
WARNING: [Synth 8-7129] Port DOUTB_I[2] in module blk_mem_output_block__parameterized1 is either unconnected or has no load
WARNING: [Synth 8-7129] Port DOUTB_I[1] in module blk_mem_output_block__parameterized1 is either unconnected or has no load
WARNING: [Synth 8-7129] Port DOUTB_I[0] in module blk_mem_output_block__parameterized1 is either unconnected or has no load
WARNING: [Synth 8-7129] Port SBITERR_I in module blk_mem_output_block__parameterized1 is either unconnected or has no load
WARNING: [Synth 8-7129] Port DBITERR_I in module blk_mem_output_block__parameterized1 is either unconnected or has no load
WARNING: [Synth 8-7129] Port RDADDRECC_I[12] in module blk_mem_output_block__parameterized1 is either unconnected or has no load
WARNING: [Synth 8-7129] Port RDADDRECC_I[11] in module blk_mem_output_block__parameterized1 is either unconnected or has no load
WARNING: [Synth 8-7129] Port RDADDRECC_I[10] in module blk_mem_output_block__parameterized1 is either unconnected or has no load
WARNING: [Synth 8-7129] Port RDADDRECC_I[9] in module blk_mem_output_block__parameterized1 is either unconnected or has no load
WARNING: [Synth 8-7129] Port RDADDRECC_I[8] in module blk_mem_output_block__parameterized1 is either unconnected or has no load
WARNING: [Synth 8-7129] Port RDADDRECC_I[7] in module blk_mem_output_block__parameterized1 is either unconnected or has no load
WARNING: [Synth 8-7129] Port RDADDRECC_I[6] in module blk_mem_output_block__parameterized1 is either unconnected or has no load
WARNING: [Synth 8-7129] Port RDADDRECC_I[5] in module blk_mem_output_block__parameterized1 is either unconnected or has no load
WARNING: [Synth 8-7129] Port RDADDRECC_I[4] in module blk_mem_output_block__parameterized1 is either unconnected or has no load
WARNING: [Synth 8-7129] Port RDADDRECC_I[3] in module blk_mem_output_block__parameterized1 is either unconnected or has no load
WARNING: [Synth 8-7129] Port RDADDRECC_I[2] in module blk_mem_output_block__parameterized1 is either unconnected or has no load
WARNING: [Synth 8-7129] Port RDADDRECC_I[1] in module blk_mem_output_block__parameterized1 is either unconnected or has no load
WARNING: [Synth 8-7129] Port RDADDRECC_I[0] in module blk_mem_output_block__parameterized1 is either unconnected or has no load
WARNING: [Synth 8-7129] Port DOUTB[3] in module blk_mem_gen_prim_wrapper_init__parameterized6 is either unconnected or has no load
WARNING: [Synth 8-7129] Port DOUTB[2] in module blk_mem_gen_prim_wrapper_init__parameterized6 is either unconnected or has no load
WARNING: [Synth 8-7129] Port DOUTB[1] in module blk_mem_gen_prim_wrapper_init__parameterized6 is either unconnected or has no load
WARNING: [Synth 8-7129] Port DOUTB[0] in module blk_mem_gen_prim_wrapper_init__parameterized6 is either unconnected or has no load
WARNING: [Synth 8-7129] Port SBITERR in module blk_mem_gen_prim_wrapper_init__parameterized6 is either unconnected or has no load
WARNING: [Synth 8-7129] Port DBITERR in module blk_mem_gen_prim_wrapper_init__parameterized6 is either unconnected or has no load
WARNING: [Synth 8-7129] Port SSRA in module blk_mem_gen_prim_wrapper_init__parameterized6 is either unconnected or has no load
WARNING: [Synth 8-7129] Port CLKB in module blk_mem_gen_prim_wrapper_init__parameterized6 is either unconnected or has no load
WARNING: [Synth 8-7129] Port SSRB in module blk_mem_gen_prim_wrapper_init__parameterized6 is either unconnected or has no load
WARNING: [Synth 8-7129] Port ENB in module blk_mem_gen_prim_wrapper_init__parameterized6 is either unconnected or has no load
WARNING: [Synth 8-7129] Port REGCEB in module blk_mem_gen_prim_wrapper_init__parameterized6 is either unconnected or has no load
WARNING: [Synth 8-7129] Port WEB[0] in module blk_mem_gen_prim_wrapper_init__parameterized6 is either unconnected or has no load
WARNING: [Synth 8-7129] Port ADDRB[12] in module blk_mem_gen_prim_wrapper_init__parameterized6 is either unconnected or has no load
WARNING: [Synth 8-7129] Port ADDRB[11] in module blk_mem_gen_prim_wrapper_init__parameterized6 is either unconnected or has no load
WARNING: [Synth 8-7129] Port ADDRB[10] in module blk_mem_gen_prim_wrapper_init__parameterized6 is either unconnected or has no load
WARNING: [Synth 8-7129] Port ADDRB[9] in module blk_mem_gen_prim_wrapper_init__parameterized6 is either unconnected or has no load
WARNING: [Synth 8-7129] Port ADDRB[8] in module blk_mem_gen_prim_wrapper_init__parameterized6 is either unconnected or has no load
WARNING: [Synth 8-7129] Port ADDRB[7] in module blk_mem_gen_prim_wrapper_init__parameterized6 is either unconnected or has no load
WARNING: [Synth 8-7129] Port ADDRB[6] in module blk_mem_gen_prim_wrapper_init__parameterized6 is either unconnected or has no load
WARNING: [Synth 8-7129] Port ADDRB[5] in module blk_mem_gen_prim_wrapper_init__parameterized6 is either unconnected or has no load
WARNING: [Synth 8-7129] Port ADDRB[4] in module blk_mem_gen_prim_wrapper_init__parameterized6 is either unconnected or has no load
WARNING: [Synth 8-7129] Port ADDRB[3] in module blk_mem_gen_prim_wrapper_init__parameterized6 is either unconnected or has no load
WARNING: [Synth 8-7129] Port ADDRB[2] in module blk_mem_gen_prim_wrapper_init__parameterized6 is either unconnected or has no load
WARNING: [Synth 8-7129] Port ADDRB[1] in module blk_mem_gen_prim_wrapper_init__parameterized6 is either unconnected or has no load
WARNING: [Synth 8-7129] Port ADDRB[0] in module blk_mem_gen_prim_wrapper_init__parameterized6 is either unconnected or has no load
WARNING: [Synth 8-7129] Port DINB[3] in module blk_mem_gen_prim_wrapper_init__parameterized6 is either unconnected or has no load
WARNING: [Synth 8-7129] Port DINB[2] in module blk_mem_gen_prim_wrapper_init__parameterized6 is either unconnected or has no load
WARNING: [Synth 8-7129] Port DINB[1] in module blk_mem_gen_prim_wrapper_init__parameterized6 is either unconnected or has no load
WARNING: [Synth 8-7129] Port DINB[0] in module blk_mem_gen_prim_wrapper_init__parameterized6 is either unconnected or has no load
WARNING: [Synth 8-7129] Port SLEEP in module blk_mem_gen_prim_wrapper_init__parameterized6 is either unconnected or has no load
WARNING: [Synth 8-7129] Port INJECTSBITERR in module blk_mem_gen_prim_wrapper_init__parameterized6 is either unconnected or has no load
WARNING: [Synth 8-7129] Port INJECTDBITERR in module blk_mem_gen_prim_wrapper_init__parameterized6 is either unconnected or has no load
WARNING: [Synth 8-7129] Port ECCPIPECE in module blk_mem_gen_prim_wrapper_init__parameterized6 is either unconnected or has no load
WARNING: [Synth 8-7129] Port ram_rstram_b in module blk_mem_gen_prim_wrapper_init__parameterized6 is either unconnected or has no load
WARNING: [Synth 8-7129] Port ram_rstreg_b in module blk_mem_gen_prim_wrapper_init__parameterized6 is either unconnected or has no load
WARNING: [Synth 8-7129] Port RSTA[0] in module blk_mem_gen_generic_cstr__parameterized1 is either unconnected or has no load
WARNING: [Synth 8-7129] Port REGCEB[0] in module blk_mem_gen_generic_cstr__parameterized1 is either unconnected or has no load
WARNING: [Synth 8-7129] Port INJECTSBITERR in module blk_mem_gen_generic_cstr__parameterized1 is either unconnected or has no load
WARNING: [Synth 8-7129] Port INJECTDBITERR in module blk_mem_gen_generic_cstr__parameterized1 is either unconnected or has no load
WARNING: [Synth 8-7129] Port RSTA in module blk_mem_input_block__parameterized1 is either unconnected or has no load
WARNING: [Synth 8-7129] Port REGCEA in module blk_mem_input_block__parameterized1 is either unconnected or has no load
WARNING: [Synth 8-7129] Port CLKB in module blk_mem_input_block__parameterized1 is either unconnected or has no load
WARNING: [Synth 8-7129] Port RSTB in module blk_mem_input_block__parameterized1 is either unconnected or has no load
WARNING: [Synth 8-7129] Port ENB in module blk_mem_input_block__parameterized1 is either unconnected or has no load
WARNING: [Synth 8-7129] Port REGCEB in module blk_mem_input_block__parameterized1 is either unconnected or has no load
WARNING: [Synth 8-7129] Port WEB[0] in module blk_mem_input_block__parameterized1 is either unconnected or has no load
WARNING: [Synth 8-7129] Port ADDRB[12] in module blk_mem_input_block__parameterized1 is either unconnected or has no load
WARNING: [Synth 8-7129] Port ADDRB[11] in module blk_mem_input_block__parameterized1 is either unconnected or has no load
WARNING: [Synth 8-7129] Port ADDRB[10] in module blk_mem_input_block__parameterized1 is either unconnected or has no load
WARNING: [Synth 8-7129] Port ADDRB[9] in module blk_mem_input_block__parameterized1 is either unconnected or has no load
WARNING: [Synth 8-7129] Port ADDRB[8] in module blk_mem_input_block__parameterized1 is either unconnected or has no load
WARNING: [Synth 8-7129] Port ADDRB[7] in module blk_mem_input_block__parameterized1 is either unconnected or has no load
WARNING: [Synth 8-7129] Port ADDRB[6] in module blk_mem_input_block__parameterized1 is either unconnected or has no load
WARNING: [Synth 8-7129] Port ADDRB[5] in module blk_mem_input_block__parameterized1 is either unconnected or has no load
WARNING: [Synth 8-7129] Port ADDRB[4] in module blk_mem_input_block__parameterized1 is either unconnected or has no load
WARNING: [Synth 8-7129] Port ADDRB[3] in module blk_mem_input_block__parameterized1 is either unconnected or has no load
WARNING: [Synth 8-7129] Port ADDRB[2] in module blk_mem_input_block__parameterized1 is either unconnected or has no load
WARNING: [Synth 8-7129] Port ADDRB[1] in module blk_mem_input_block__parameterized1 is either unconnected or has no load
WARNING: [Synth 8-7129] Port ADDRB[0] in module blk_mem_input_block__parameterized1 is either unconnected or has no load
WARNING: [Synth 8-7129] Port DINB[3] in module blk_mem_input_block__parameterized1 is either unconnected or has no load
WARNING: [Synth 8-7129] Port DINB[2] in module blk_mem_input_block__parameterized1 is either unconnected or has no load
WARNING: [Synth 8-7129] Port DINB[1] in module blk_mem_input_block__parameterized1 is either unconnected or has no load
WARNING: [Synth 8-7129] Port DINB[0] in module blk_mem_input_block__parameterized1 is either unconnected or has no load
WARNING: [Synth 8-7129] Port INJECTDBITERR in module blk_mem_input_block__parameterized1 is either unconnected or has no load
WARNING: [Synth 8-7129] Port INJECTSBITERR in module blk_mem_input_block__parameterized1 is either unconnected or has no load
WARNING: [Synth 8-7129] Port S_AClk in module blk_mem_gen_v8_4_5_synth__parameterized1 is either unconnected or has no load
WARNING: [Synth 8-7129] Port S_ARESETN in module blk_mem_gen_v8_4_5_synth__parameterized1 is either unconnected or has no load
WARNING: [Synth 8-7129] Port S_AXI_AWID[3] in module blk_mem_gen_v8_4_5_synth__parameterized1 is either unconnected or has no load
WARNING: [Synth 8-7129] Port S_AXI_AWID[2] in module blk_mem_gen_v8_4_5_synth__parameterized1 is either unconnected or has no load
WARNING: [Synth 8-7129] Port S_AXI_AWID[1] in module blk_mem_gen_v8_4_5_synth__parameterized1 is either unconnected or has no load
WARNING: [Synth 8-7129] Port S_AXI_AWID[0] in module blk_mem_gen_v8_4_5_synth__parameterized1 is either unconnected or has no load
WARNING: [Synth 8-7129] Port S_AXI_AWADDR[31] in module blk_mem_gen_v8_4_5_synth__parameterized1 is either unconnected or has no load
WARNING: [Synth 8-7129] Port S_AXI_AWADDR[30] in module blk_mem_gen_v8_4_5_synth__parameterized1 is either unconnected or has no load
WARNING: [Synth 8-7129] Port S_AXI_AWADDR[29] in module blk_mem_gen_v8_4_5_synth__parameterized1 is either unconnected or has no load
WARNING: [Synth 8-7129] Port S_AXI_AWADDR[28] in module blk_mem_gen_v8_4_5_synth__parameterized1 is either unconnected or has no load
WARNING: [Synth 8-7129] Port S_AXI_AWADDR[27] in module blk_mem_gen_v8_4_5_synth__parameterized1 is either unconnected or has no load
WARNING: [Synth 8-7129] Port S_AXI_AWADDR[26] in module blk_mem_gen_v8_4_5_synth__parameterized1 is either unconnected or has no load
WARNING: [Synth 8-7129] Port S_AXI_AWADDR[25] in module blk_mem_gen_v8_4_5_synth__parameterized1 is either unconnected or has no load
WARNING: [Synth 8-7129] Port S_AXI_AWADDR[24] in module blk_mem_gen_v8_4_5_synth__parameterized1 is either unconnected or has no load
WARNING: [Synth 8-7129] Port S_AXI_AWADDR[23] in module blk_mem_gen_v8_4_5_synth__parameterized1 is either unconnected or has no load
INFO: [Common 17-14] Message 'Synth 8-7129' appears 100 times and further instances of the messages will be disabled. Use the Tcl command set_msg_config to change the current settings.
---------------------------------------------------------------------------------
Finished RTL Elaboration : Time (s): cpu = 00:00:14 ; elapsed = 00:00:59 . Memory (MB): peak = 1730.781 ; gain = 948.953
---------------------------------------------------------------------------------
---------------------------------------------------------------------------------
Start Handling Custom Attributes
---------------------------------------------------------------------------------
---------------------------------------------------------------------------------
Finished Handling Custom Attributes : Time (s): cpu = 00:00:14 ; elapsed = 00:00:59 . Memory (MB): peak = 1730.781 ; gain = 948.953
---------------------------------------------------------------------------------
---------------------------------------------------------------------------------
Finished RTL Optimization Phase 1 : Time (s): cpu = 00:00:14 ; elapsed = 00:00:59 . Memory (MB): peak = 1730.781 ; gain = 948.953
---------------------------------------------------------------------------------
Netlist sorting complete. Time (s): cpu = 00:00:00 ; elapsed = 00:00:00.108 . Memory (MB): peak = 1730.781 ; gain = 0.000
INFO: [Netlist 29-17] Analyzing 20 Unisim elements for replacement
INFO: [Netlist 29-28] Unisim Transformation completed in 0 CPU seconds
INFO: [Project 1-570] Preparing netlist for logic optimization

Processing XDC Constraints
Initializing timing engine
Parsing XDC File [c:/Users/steff/OneDrive/Documents/ECE385/packman/packman.gen/sources_1/bd/mb_block/ip/mb_block_packman_0_0/src/clk_wiz_0/clk_wiz_0.xdc] for cell 'inst/clk_wiz/inst'
Finished Parsing XDC File [c:/Users/steff/OneDrive/Documents/ECE385/packman/packman.gen/sources_1/bd/mb_block/ip/mb_block_packman_0_0/src/clk_wiz_0/clk_wiz_0.xdc] for cell 'inst/clk_wiz/inst'
INFO: [Project 1-236] Implementation specific constraints were found while reading constraint file [c:/Users/steff/OneDrive/Documents/ECE385/packman/packman.gen/sources_1/bd/mb_block/ip/mb_block_packman_0_0/src/clk_wiz_0/clk_wiz_0.xdc]. These constraints will be ignored for synthesis but will be used in implementation. Impacted constraints are listed in the file [.Xil/mb_block_packman_0_0_propImpl.xdc].
Resolution: To avoid this warning, move constraints listed in [.Xil/mb_block_packman_0_0_propImpl.xdc] to another XDC file and exclude this new file from synthesis with the used_in_synthesis property (File Properties dialog in GUI) and re-run elaboration/synthesis.
INFO: [Timing 38-2] Deriving generated clocks
Parsing XDC File [C:/Users/steff/OneDrive/Documents/ECE385/packman/packman.runs/mb_block_packman_0_0_synth_1/dont_touch.xdc]
Finished Parsing XDC File [C:/Users/steff/OneDrive/Documents/ECE385/packman/packman.runs/mb_block_packman_0_0_synth_1/dont_touch.xdc]
INFO: [Project 1-236] Implementation specific constraints were found while reading constraint file [C:/Users/steff/OneDrive/Documents/ECE385/packman/packman.runs/mb_block_packman_0_0_synth_1/dont_touch.xdc]. These constraints will be ignored for synthesis but will be used in implementation. Impacted constraints are listed in the file [.Xil/mb_block_packman_0_0_propImpl.xdc].
Resolution: To avoid this warning, move constraints listed in [.Xil/mb_block_packman_0_0_propImpl.xdc] to another XDC file and exclude this new file from synthesis with the used_in_synthesis property (File Properties dialog in GUI) and re-run elaboration/synthesis.
Completed Processing XDC Constraints

Netlist sorting complete. Time (s): cpu = 00:00:00 ; elapsed = 00:00:00.001 . Memory (MB): peak = 1730.781 ; gain = 0.000
INFO: [Project 1-111] Unisim Transformation Summary:
No Unisim elements were transformed.

Constraint Validation Runtime : Time (s): cpu = 00:00:00 ; elapsed = 00:00:00.127 . Memory (MB): peak = 1730.781 ; gain = 0.000
INFO: [Designutils 20-5008] Incremental synthesis strategy off
INFO: [Synth 8-11241] undeclared symbol 'REGCCE', assumed default net type 'wire' [C:/Xilinx/Vivado/2022.2/data/verilog/src/unimacro/BRAM_SINGLE_MACRO.v:2170]
---------------------------------------------------------------------------------
Finished Constraint Validation : Time (s): cpu = 00:00:16 ; elapsed = 00:01:08 . Memory (MB): peak = 1730.781 ; gain = 948.953
---------------------------------------------------------------------------------
---------------------------------------------------------------------------------
Start Loading Part and Timing Information
---------------------------------------------------------------------------------
Loading part: xc7s50csga324-1
---------------------------------------------------------------------------------
Finished Loading Part and Timing Information : Time (s): cpu = 00:00:16 ; elapsed = 00:01:08 . Memory (MB): peak = 1730.781 ; gain = 948.953
---------------------------------------------------------------------------------
---------------------------------------------------------------------------------
Start Applying 'set_property' XDC Constraints
---------------------------------------------------------------------------------
Applied set_property KEEP_HIERARCHY = SOFT for inst/clk_wiz/inst. (constraint file  C:/Users/steff/OneDrive/Documents/ECE385/packman/packman.runs/mb_block_packman_0_0_synth_1/dont_touch.xdc, line 23).
Applied set_property KEEP_HIERARCHY = SOFT for inst/nolabel_line189/board_rom. (constraint file  auto generated constraint).
Applied set_property KEEP_HIERARCHY = SOFT for inst/nolabel_line189/pm_rom. (constraint file  auto generated constraint).
Applied set_property KEEP_HIERARCHY = SOFT for inst/nolabel_line189/ghost0_rom. (constraint file  auto generated constraint).
Applied set_property KEEP_HIERARCHY = SOFT for inst/nolabel_line189/ghost1_rom. (constraint file  auto generated constraint).
Applied set_property KEEP_HIERARCHY = SOFT for inst/nolabel_line189/ghost2_rom. (constraint file  auto generated constraint).
Applied set_property KEEP_HIERARCHY = SOFT for inst/nolabel_line189/ghost3_rom. (constraint file  auto generated constraint).
Applied set_property KEEP_HIERARCHY = SOFT for inst/vga_to_hdmi. (constraint file  auto generated constraint).
Applied set_property KEEP_HIERARCHY = SOFT for inst/clk_wiz. (constraint file  auto generated constraint).
---------------------------------------------------------------------------------
Finished applying 'set_property' XDC Constraints : Time (s): cpu = 00:00:16 ; elapsed = 00:01:08 . Memory (MB): peak = 1730.781 ; gain = 948.953
---------------------------------------------------------------------------------
---------------------------------------------------------------------------------
Finished RTL Optimization Phase 2 : Time (s): cpu = 00:00:17 ; elapsed = 00:01:11 . Memory (MB): peak = 1730.781 ; gain = 948.953
---------------------------------------------------------------------------------
---------------------------------------------------------------------------------
Start RTL Component Statistics 
---------------------------------------------------------------------------------
Detailed RTL Component Info : 
+---Adders : 
	   3 Input   33 Bit       Adders := 10    
	   2 Input   32 Bit       Adders := 12    
	   4 Input   13 Bit       Adders := 4     
	   2 Input   11 Bit       Adders := 2     
	   2 Input   10 Bit       Adders := 2     
	   5 Input    5 Bit       Adders := 6     
	   4 Input    5 Bit       Adders := 3     
	   2 Input    5 Bit       Adders := 1     
	   8 Input    4 Bit       Adders := 6     
	   2 Input    4 Bit       Adders := 3     
	   2 Input    3 Bit       Adders := 5     
	   2 Input    2 Bit       Adders := 1     
+---XORs : 
	   2 Input      1 Bit         XORs := 42    
+---Registers : 
	               32 Bit    Registers := 61    
	               19 Bit    Registers := 1     
	               10 Bit    Registers := 5     
	                9 Bit    Registers := 3     
	                8 Bit    Registers := 5     
	                5 Bit    Registers := 6     
	                4 Bit    Registers := 24    
	                3 Bit    Registers := 5     
	                2 Bit    Registers := 3     
	                1 Bit    Registers := 55    
+---Muxes : 
	   2 Input   32 Bit        Muxes := 109   
	  13 Input   32 Bit        Muxes := 1     
	   2 Input   13 Bit        Muxes := 4     
	   2 Input   12 Bit        Muxes := 1     
	   2 Input   10 Bit        Muxes := 7     
	  22 Input   10 Bit        Muxes := 1     
	   4 Input   10 Bit        Muxes := 2     
	   2 Input    8 Bit        Muxes := 257   
	   2 Input    5 Bit        Muxes := 12    
	  16 Input    4 Bit        Muxes := 1     
	   2 Input    4 Bit        Muxes := 23    
	   2 Input    3 Bit        Muxes := 5     
	   2 Input    2 Bit        Muxes := 1     
	   2 Input    1 Bit        Muxes := 126   
	   4 Input    1 Bit        Muxes := 10    
---------------------------------------------------------------------------------
Finished RTL Component Statistics 
---------------------------------------------------------------------------------
---------------------------------------------------------------------------------
Start Part Resource Summary
---------------------------------------------------------------------------------
Part Resources:
DSPs: 120 (col length:60)
BRAMs: 150 (col length: RAMB18 60 RAMB36 30)
---------------------------------------------------------------------------------
Finished Part Resource Summary
---------------------------------------------------------------------------------
---------------------------------------------------------------------------------
Start Cross Boundary and Area Optimization
---------------------------------------------------------------------------------
WARNING: [Synth 8-7080] Parallel synthesis criteria is not met
DSP Report: Generating DSP pm_rom_address2, operation Mode is: A*(B:0x1a).
DSP Report: operator pm_rom_address2 is absorbed into DSP pm_rom_address2.
DSP Report: Generating DSP pm_rom_address1, operation Mode is: PCIN+(A:0x0):B+C.
DSP Report: operator pm_rom_address1 is absorbed into DSP pm_rom_address1.
DSP Report: Generating DSP pm_rom_address1, operation Mode is: (A:0x1a)*B.
DSP Report: operator pm_rom_address1 is absorbed into DSP pm_rom_address1.
DSP Report: Generating DSP pm_rom_address, operation Mode is: PCIN+A*(B:0x4e).
DSP Report: operator pm_rom_address is absorbed into DSP pm_rom_address.
DSP Report: operator pm_rom_address0 is absorbed into DSP pm_rom_address.
DSP Report: Generating DSP pm_rom_address, operation Mode is: PCIN+(A:0x0):B+C.
DSP Report: operator pm_rom_address is absorbed into DSP pm_rom_address.
DSP Report: Generating DSP ghost0_rom_address1, operation Mode is: A*(B:0x34).
DSP Report: operator ghost0_rom_address1 is absorbed into DSP ghost0_rom_address1.
DSP Report: Generating DSP ghost0_rom_address0, operation Mode is: PCIN+A:B+C.
DSP Report: operator ghost0_rom_address0 is absorbed into DSP ghost0_rom_address0.
DSP Report: Generating DSP ghost1_rom_address1, operation Mode is: A*(B:0x34).
DSP Report: operator ghost1_rom_address1 is absorbed into DSP ghost1_rom_address1.
DSP Report: Generating DSP ghost1_rom_address0, operation Mode is: PCIN+A:B+C.
DSP Report: operator ghost1_rom_address0 is absorbed into DSP ghost1_rom_address0.
DSP Report: Generating DSP ghost2_rom_address1, operation Mode is: A*(B:0x34).
DSP Report: operator ghost2_rom_address1 is absorbed into DSP ghost2_rom_address1.
DSP Report: Generating DSP ghost2_rom_address0, operation Mode is: PCIN+A:B+C.
DSP Report: operator ghost2_rom_address0 is absorbed into DSP ghost2_rom_address0.
DSP Report: Generating DSP ghost3_rom_address1, operation Mode is: A*(B:0x34).
DSP Report: operator ghost3_rom_address1 is absorbed into DSP ghost3_rom_address1.
DSP Report: Generating DSP ghost3_rom_address0, operation Mode is: PCIN+A:B+C.
DSP Report: operator ghost3_rom_address0 is absorbed into DSP ghost3_rom_address0.
DSP Report: Generating DSP board_rom_address, operation Mode is: C+A*(B:0x280).
DSP Report: operator board_rom_address is absorbed into DSP board_rom_address.
DSP Report: operator board_rom_address0 is absorbed into DSP board_rom_address.
---------------------------------------------------------------------------------
Finished Cross Boundary and Area Optimization : Time (s): cpu = 00:00:19 ; elapsed = 00:01:25 . Memory (MB): peak = 1730.781 ; gain = 948.953
---------------------------------------------------------------------------------
---------------------------------------------------------------------------------
Start ROM, RAM, DSP, Shift Register and Retiming Reporting
---------------------------------------------------------------------------------

DSP: Preliminary Mapping Report (see note below. The ' indicates corresponding REG is set)
+------------+------------------+--------+--------+--------+--------+--------+------+------+------+------+-------+------+------+
|Module Name | DSP Mapping      | A Size | B Size | C Size | D Size | P Size | AREG | BREG | CREG | DREG | ADREG | MREG | PREG | 
+------------+------------------+--------+--------+--------+--------+--------+------+------+------+------+-------+------+------+
|mapper      | A*(B:0x1a)       | 13     | 5      | -      | -      | 18     | 0    | 0    | -    | -    | -     | 0    | 0    | 
|mapper      | PCIN+(A:0x0):B+C | 30     | 13     | 10     | -      | -1     | 0    | 0    | 0    | -    | -     | 0    | 0    | 
|mapper      | (A:0x1a)*B       | 2      | 5      | -      | -      | 7      | 0    | 0    | -    | -    | -     | 0    | 0    | 
|mapper      | PCIN+A*(B:0x4e)  | 13     | 7      | -      | -      | 13     | 0    | 0    | -    | -    | -     | 0    | 0    | 
|mapper      | PCIN+(A:0x0):B+C | 30     | 13     | 10     | -      | -1     | 0    | 0    | 0    | -    | -     | 0    | 0    | 
|mapper      | A*(B:0x34)       | 13     | 7      | -      | -      | 20     | 0    | 0    | -    | -    | -     | 0    | 0    | 
|mapper      | PCIN+A:B+C       | 30     | 18     | 10     | -      | -1     | 0    | 0    | 0    | -    | -     | 0    | 0    | 
|mapper      | A*(B:0x34)       | 13     | 7      | -      | -      | 20     | 0    | 0    | -    | -    | -     | 0    | 0    | 
|mapper      | PCIN+A:B+C       | 30     | 18     | 10     | -      | -1     | 0    | 0    | 0    | -    | -     | 0    | 0    | 
|mapper      | A*(B:0x34)       | 13     | 7      | -      | -      | 20     | 0    | 0    | -    | -    | -     | 0    | 0    | 
|mapper      | PCIN+A:B+C       | 30     | 18     | 10     | -      | -1     | 0    | 0    | 0    | -    | -     | 0    | 0    | 
|mapper      | A*(B:0x34)       | 13     | 7      | -      | -      | 20     | 0    | 0    | -    | -    | -     | 0    | 0    | 
|mapper      | PCIN+A:B+C       | 30     | 18     | 10     | -      | -1     | 0    | 0    | 0    | -    | -     | 0    | 0    | 
|mapper      | C+A*(B:0x280)    | 10     | 10     | 10     | -      | 19     | 0    | 0    | 0    | -    | -     | 0    | 0    | 
+------------+------------------+--------+--------+--------+--------+--------+------+------+------+------+-------+------+------+

Note: The table above is a preliminary report that shows the DSPs inferred at the current stage of the synthesis flow. Some DSP may be reimplemented as non DSP primitives later in the synthesis flow. Multiple instantiated DSPs are reported only once.
---------------------------------------------------------------------------------
Finished ROM, RAM, DSP, Shift Register and Retiming Reporting
---------------------------------------------------------------------------------
---------------------------------------------------------------------------------
Start Applying XDC Timing Constraints
---------------------------------------------------------------------------------
---------------------------------------------------------------------------------
Finished Applying XDC Timing Constraints : Time (s): cpu = 00:00:21 ; elapsed = 00:01:33 . Memory (MB): peak = 1730.781 ; gain = 948.953
---------------------------------------------------------------------------------
---------------------------------------------------------------------------------
Start Timing Optimization
---------------------------------------------------------------------------------
---------------------------------------------------------------------------------
Finished Timing Optimization : Time (s): cpu = 00:00:21 ; elapsed = 00:01:34 . Memory (MB): peak = 1730.781 ; gain = 948.953
---------------------------------------------------------------------------------
---------------------------------------------------------------------------------
Start Technology Mapping
---------------------------------------------------------------------------------
---------------------------------------------------------------------------------
Finished Technology Mapping : Time (s): cpu = 00:00:22 ; elapsed = 00:01:36 . Memory (MB): peak = 1730.781 ; gain = 948.953
---------------------------------------------------------------------------------
---------------------------------------------------------------------------------
Start IO Insertion
---------------------------------------------------------------------------------
---------------------------------------------------------------------------------
Start Flattening Before IO Insertion
---------------------------------------------------------------------------------
---------------------------------------------------------------------------------
Finished Flattening Before IO Insertion
---------------------------------------------------------------------------------
---------------------------------------------------------------------------------
Start Final Netlist Cleanup
---------------------------------------------------------------------------------
---------------------------------------------------------------------------------
Finished Final Netlist Cleanup
---------------------------------------------------------------------------------
---------------------------------------------------------------------------------
Finished IO Insertion : Time (s): cpu = 00:00:22 ; elapsed = 00:01:40 . Memory (MB): peak = 1730.781 ; gain = 948.953
---------------------------------------------------------------------------------
---------------------------------------------------------------------------------
Start Renaming Generated Instances
---------------------------------------------------------------------------------
---------------------------------------------------------------------------------
Finished Renaming Generated Instances : Time (s): cpu = 00:00:22 ; elapsed = 00:01:40 . Memory (MB): peak = 1730.781 ; gain = 948.953
---------------------------------------------------------------------------------
---------------------------------------------------------------------------------
Start Rebuilding User Hierarchy
---------------------------------------------------------------------------------
---------------------------------------------------------------------------------
Finished Rebuilding User Hierarchy : Time (s): cpu = 00:00:22 ; elapsed = 00:01:41 . Memory (MB): peak = 1730.781 ; gain = 948.953
---------------------------------------------------------------------------------
---------------------------------------------------------------------------------
Start Renaming Generated Ports
---------------------------------------------------------------------------------
---------------------------------------------------------------------------------
Finished Renaming Generated Ports : Time (s): cpu = 00:00:22 ; elapsed = 00:01:41 . Memory (MB): peak = 1730.781 ; gain = 948.953
---------------------------------------------------------------------------------
---------------------------------------------------------------------------------
Start Handling Custom Attributes
---------------------------------------------------------------------------------
---------------------------------------------------------------------------------
Finished Handling Custom Attributes : Time (s): cpu = 00:00:22 ; elapsed = 00:01:41 . Memory (MB): peak = 1730.781 ; gain = 948.953
---------------------------------------------------------------------------------
---------------------------------------------------------------------------------
Start Renaming Generated Nets
---------------------------------------------------------------------------------
---------------------------------------------------------------------------------
Finished Renaming Generated Nets : Time (s): cpu = 00:00:22 ; elapsed = 00:01:41 . Memory (MB): peak = 1730.781 ; gain = 948.953
---------------------------------------------------------------------------------
---------------------------------------------------------------------------------
Start ROM, RAM, DSP, Shift Register and Retiming Reporting
---------------------------------------------------------------------------------

Static Shift Register Report:
+------------+----------------------+--------+-------+--------------+--------------------+-------------------+--------+---------+
|Module Name | RTL Name             | Length | Width | Reset Signal | Pull out first Reg | Pull out last Reg | SRL16E | SRLC32E | 
+------------+----------------------+--------+-------+--------------+--------------------+-------------------+--------+---------+
|hdmi_tx_0   | inst/encg/c0_reg_reg | 3      | 1     | NO           | NO                 | YES               | 1      | 0       | 
+------------+----------------------+--------+-------+--------------+--------------------+-------------------+--------+---------+

---------------------------------------------------------------------------------
Finished ROM, RAM, DSP, Shift Register and Retiming Reporting
---------------------------------------------------------------------------------
---------------------------------------------------------------------------------
Start Writing Synthesis Report
---------------------------------------------------------------------------------

DSP Final Report (the ' indicates corresponding REG is set)
+------------+--------------+--------+--------+--------+--------+--------+------+------+------+------+-------+------+------+
|Module Name | DSP Mapping  | A Size | B Size | C Size | D Size | P Size | AREG | BREG | CREG | DREG | ADREG | MREG | PREG | 
+------------+--------------+--------+--------+--------+--------+--------+------+------+------+------+-------+------+------+
|mapper      | A*B          | 13     | 5      | -      | -      | 18     | 0    | 0    | -    | -    | -     | 0    | 0    | 
|mapper      | PCIN+A:B+C   | 0      | 13     | -      | -      | 13     | 0    | 0    | -    | -    | -     | 0    | 0    | 
|mapper      | A*B          | 2      | 5      | -      | -      | 0      | 0    | 0    | -    | -    | -     | 0    | 0    | 
|mapper      | PCIN+A*B     | 13     | 7      | -      | -      | 13     | 0    | 0    | -    | -    | -     | 0    | 0    | 
|mapper      | PCIN+A:B+C   | 0      | 13     | -      | -      | 13     | 0    | 0    | -    | -    | -     | 0    | 0    | 
|mapper      | A*B          | 30     | 6      | -      | -      | 20     | 0    | 0    | -    | -    | -     | 0    | 0    | 
|mapper      | PCIN+A':B'+C | 0      | 5      | -      | -      | 13     | 1    | 1    | -    | -    | -     | 0    | 0    | 
|mapper      | A*B          | 30     | 6      | -      | -      | 20     | 0    | 0    | -    | -    | -     | 0    | 0    | 
|mapper      | PCIN+A':B'+C | 0      | 5      | -      | -      | 13     | 1    | 1    | -    | -    | -     | 0    | 0    | 
|mapper      | A*B          | 30     | 6      | -      | -      | 20     | 0    | 0    | -    | -    | -     | 0    | 0    | 
|mapper      | PCIN+A':B'+C | 0      | 5      | -      | -      | 13     | 1    | 1    | -    | -    | -     | 0    | 0    | 
|mapper      | A*B          | 30     | 6      | -      | -      | 20     | 0    | 0    | -    | -    | -     | 0    | 0    | 
|mapper      | PCIN+A':B'+C | 0      | 5      | -      | -      | 13     | 1    | 1    | -    | -    | -     | 0    | 0    | 
|mapper      | C+A*B        | 10     | 10     | 10     | -      | 19     | 0    | 0    | 0    | -    | -     | 0    | 0    | 
+------------+--------------+--------+--------+--------+--------+--------+------+------+------+------+-------+------+------+


Report BlackBoxes: 
+-+--------------+----------+
| |BlackBox name |Instances |
+-+--------------+----------+
+-+--------------+----------+

Report Cell Usage: 
+------+-----------+------+
|      |Cell       |Count |
+------+-----------+------+
|1     |BUFG       |     3|
|2     |CARRY4     |   440|
|3     |DSP48E1    |    14|
|7     |LUT1       |   392|
|8     |LUT2       |   821|
|9     |LUT3       |   132|
|10    |LUT4       |   323|
|11    |LUT5       |   322|
|12    |LUT6       |  1205|
|13    |MMCME2_ADV |     1|
|14    |MUXF7      |   263|
|15    |MUXF8      |    35|
|16    |OSERDESE2  |     8|
|18    |RAMB18E1   |     1|
|19    |RAMB36E1   |     6|
|22    |SRL16E     |    39|
|23    |FDCE       |    64|
|24    |FDRE       |  1275|
|25    |FDSE       |   907|
|26    |IBUF       |     1|
|27    |OBUFDS     |     4|
+------+-----------+------+
---------------------------------------------------------------------------------
Finished Writing Synthesis Report : Time (s): cpu = 00:00:22 ; elapsed = 00:01:41 . Memory (MB): peak = 1730.781 ; gain = 948.953
---------------------------------------------------------------------------------
Synthesis finished with 0 errors, 0 critical warnings and 576 warnings.
Synthesis Optimization Runtime : Time (s): cpu = 00:00:07 ; elapsed = 00:01:37 . Memory (MB): peak = 1730.781 ; gain = 948.953
Synthesis Optimization Complete : Time (s): cpu = 00:00:22 ; elapsed = 00:01:41 . Memory (MB): peak = 1730.781 ; gain = 948.953
INFO: [Project 1-571] Translating synthesized netlist
Netlist sorting complete. Time (s): cpu = 00:00:00 ; elapsed = 00:00:00.094 . Memory (MB): peak = 1730.781 ; gain = 0.000
INFO: [Netlist 29-17] Analyzing 764 Unisim elements for replacement
INFO: [Netlist 29-28] Unisim Transformation completed in 0 CPU seconds
INFO: [Project 1-570] Preparing netlist for logic optimization
INFO: [Opt 31-138] Pushed 0 inverter(s) to 0 load pin(s).
Netlist sorting complete. Time (s): cpu = 00:00:00 ; elapsed = 00:00:00.001 . Memory (MB): peak = 1730.781 ; gain = 0.000
INFO: [Project 1-111] Unisim Transformation Summary:
No Unisim elements were transformed.

Synth Design complete, checksum: 83351636
INFO: [Common 17-83] Releasing license: Synthesis
88 Infos, 143 Warnings, 0 Critical Warnings and 0 Errors encountered.
synth_design completed successfully
synth_design: Time (s): cpu = 00:00:24 ; elapsed = 00:01:47 . Memory (MB): peak = 1730.781 ; gain = 1323.844
INFO: [Common 17-1381] The checkpoint 'C:/Users/steff/OneDrive/Documents/ECE385/packman/packman.runs/mb_block_packman_0_0_synth_1/mb_block_packman_0_0.dcp' has been generated.
INFO: [Coretcl 2-1648] Added synthesis output to IP cache for IP mb_block_packman_0_0, cache-ID = c6c234d8e8fdbbcd
INFO: [Coretcl 2-1174] Renamed 60 cell refs.
INFO: [Common 17-1381] The checkpoint 'C:/Users/steff/OneDrive/Documents/ECE385/packman/packman.runs/mb_block_packman_0_0_synth_1/mb_block_packman_0_0.dcp' has been generated.
INFO: [runtcl-4] Executing : report_utilization -file mb_block_packman_0_0_utilization_synth.rpt -pb mb_block_packman_0_0_utilization_synth.pb
INFO: [Common 17-206] Exiting Vivado at Fri Nov 29 12:10:41 2024...
