Vivado Simulator v2022.2
Copyright 1986-1999, 2001-2022 Xilinx, Inc. All Rights Reserved.
Running: C:/Xilinx/Vivado/2022.2/bin/unwrapped/win64.o/xelab.exe --incr --debug typical --relax --mt 2 -L xil_defaultlib -L uvm -L unisims_ver -L unimacro_ver -L secureip -L xpm --snapshot testbench_5_1_behav xil_defaultlib.testbench_5_1 xil_defaultlib.glbl -log elaborate.log 
Using 2 slave threads.
Starting static elaboration
Pass Through NonSizing Optimizer
Completed static elaboration
Starting simulation data flow analysis
WARNING: [XSIM 43-4100] "C:/Users/steff/OneDrive/Documents/ECE385/real_lab5/real_lab5.sim/sim_1/behav/xsim/glbl.v" Line 6. Module glbl has a timescale but at least one module in design doesn't have timescale.
WARNING: [XSIM 43-4100] "C:/Users/steff/OneDrive/Documents/ECE385/real_lab5/real_lab5.sim/sim_1/behav/xsim/glbl.v" Line 6. Module glbl has a timescale but at least one module in design doesn't have timescale.
Completed simulation data flow analysis
Time Resolution for simulation is 1ps
Compiling module xil_defaultlib.control
Compiling module xil_defaultlib.bus
Compiling module xil_defaultlib.pc_mux
Compiling module xil_defaultlib.mdr_mux
Compiling module xil_defaultlib.load_reg(DATA_WIDTH=16)
Compiling module xil_defaultlib.cpu
Compiling module xil_defaultlib.testbench_5_1
Compiling module xil_defaultlib.glbl
Built simulation snapshot testbench_5_1_behav
